
Bookモデルのテスト
  バリデーションのテスト
    titleカラム
[31m      空欄でないこと (FAILED - 1)[0m
    bodyカラム
[31m      空欄でないこと (FAILED - 2)[0m
[31m      200文字以下であること (FAILED - 3)[0m
  アソシエーションのテスト
    Userモデルとの関係
[32m      N:1となっている[0m

Userモデルのテスト
  バリデーションのテスト
    nameカラム
[31m      空欄でないこと (FAILED - 4)[0m
[31m      2文字以上であること (FAILED - 5)[0m
[31m      20文字以下であること (FAILED - 6)[0m
    introductionカラム
[31m      50文字以下であること (FAILED - 7)[0m
  アソシエーションのテスト
    Bookモデルとの関係
[32m      1:Nとなっている[0m

投稿のテスト
  サイドバーのテスト
    表示の確認
[31m      New bookと表示される (FAILED - 8)[0m
[31m      titleフォームが表示される (FAILED - 9)[0m
[31m      opinionフォームが表示される (FAILED - 10)[0m
[31m      Create Bookボタンが表示される (FAILED - 11)[0m
[31m      投稿に成功する (FAILED - 12)[0m
[31m      投稿に失敗する (FAILED - 13)[0m
  編集のテスト
    自分の投稿の編集画面への遷移
[31m      遷移できる (FAILED - 14)[0m
    他人の投稿の編集画面への遷移
[31m      遷移できない (FAILED - 15)[0m
    表示の確認
[31m      Editing Bookと表示される (FAILED - 16)[0m
[31m      title編集フォームが表示される (FAILED - 17)[0m
[31m      opinion編集フォームが表示される (FAILED - 18)[0m
[31m      Showリンクが表示される (FAILED - 19)[0m
[31m      Backリンクが表示される (FAILED - 20)[0m
    フォームの確認
[31m      編集に成功する (FAILED - 21)[0m
[31m      編集に失敗する (FAILED - 22)[0m
  一覧画面のテスト
    表示の確認
[31m      Booksと表示される (FAILED - 23)[0m
[31m      自分と他人の画像のリンク先が正しい (FAILED - 24)[0m
[31m      自分と他人のタイトルのリンク先が正しい (FAILED - 25)[0m
[31m      自分と他人のオピニオンが表示される (FAILED - 26)[0m
  詳細画面のテスト
    自分・他人共通の投稿詳細画面の表示を確認
[31m      Book detailと表示される (FAILED - 27)[0m
[31m      ユーザー画像・名前のリンク先が正しい (FAILED - 28)[0m
[31m      投稿のtitleが表示される (FAILED - 29)[0m
[31m      投稿のopinionが表示される (FAILED - 30)[0m
    自分の投稿詳細画面の表示を確認
[31m      投稿の編集リンクが表示される (FAILED - 31)[0m
[31m      投稿の削除リンクが表示される (FAILED - 32)[0m
    他人の投稿詳細画面の表示を確認
[31m      投稿の編集リンクが表示されない (FAILED - 33)[0m
[31m      投稿の削除リンクが表示されない (FAILED - 34)[0m

bootstrapのテスト
  グリッドシステムのテスト
    ユーザー関連画面
[31m      一覧画面 (FAILED - 35)[0m
[31m      詳細画面 (FAILED - 36)[0m
    投稿関連画面
[31m      一覧画面 (FAILED - 37)[0m
[31m      詳細画面 (FAILED - 38)[0m

ヘッダーのテスト
  ログインしていない場合
    ヘッダーの表示を確認
[32m      タイトルが表示される[0m
[31m      Homeリンクが表示される (FAILED - 39)[0m
[31m      Aboutリンクが表示される (FAILED - 40)[0m
[31m      Sign upリンクが表示される (FAILED - 41)[0m
[31m      loginリンクが表示される (FAILED - 42)[0m
    ヘッダーのリンクを確認
[32m      Home画面に遷移する[0m
[31m      About画面に遷移する (FAILED - 43)[0m
[31m      新規登録画面に遷移する (FAILED - 44)[0m
[31m      ログイン画面に遷移する (FAILED - 45)[0m
  ログインしている場合
    ヘッダーの表示を確認
[31m      タイトルが表示される (FAILED - 46)[0m
[31m      Homeリンクが表示される (FAILED - 47)[0m
[31m      Usersリンクが表示される (FAILED - 48)[0m
[31m      Booksリンクが表示される (FAILED - 49)[0m
[31m      logoutリンクが表示される (FAILED - 50)[0m
    ヘッダーのリンクを確認
[31m      Home画面に遷移する (FAILED - 51)[0m
[31m      Users画面に遷移する (FAILED - 52)[0m
[31m      Books画面に遷移する (FAILED - 53)[0m
[31m      logoutする (FAILED - 54)[0m

ユーザー権限のテスト
  ログインしていない場合
    投稿関連のURLにアクセス
[31m      一覧画面に遷移できない (FAILED - 55)[0m
[31m      編集画面に遷移できない (FAILED - 56)[0m
[31m      詳細画面に遷移できない (FAILED - 57)[0m
  ログインしていない場合にユーザー関連のURLにアクセス
    ユーザー関連のURLにアクセス
[31m      一覧画面に遷移できない (FAILED - 58)[0m
[31m      編集画面に遷移できない (FAILED - 59)[0m
[31m      詳細画面に遷移でない (FAILED - 60)[0m

トップページのテスト
  ボディ部分のテスト
    表示の確認
[31m      Log inリンクが表示される (FAILED - 61)[0m
[32m      Sign Upリンクが表示される[0m
    ログインしている場合の挙動を確認
[31m      Log inリンクをクリックしたらユーザー詳細画面へ遷移する (FAILED - 62)[0m
[31m      Sign Upリンクをクリックしたらユーザー詳細画面に遷移する (FAILED - 63)[0m
    ログインしていない場合の挙動を確認
[31m      Log inリンクをクリックしたらログイン画面へ遷移する (FAILED - 64)[0m
[32m      Sign Upリンクをクリックしたら新規登録画面に遷移する[0m

ユーザー認証のテスト
  ユーザー新規登録
    新規登録画面に遷移
[31m      新規登録に成功する (FAILED - 65)[0m
[31m      新規登録に失敗する (FAILED - 66)[0m
  ユーザーログイン
    ログイン画面に遷移
[31m      ログインに成功する (FAILED - 67)[0m
[31m      ログインに失敗する (FAILED - 68)[0m

ユーザーのテスト
  サイドバーのテスト
    表示の確認
[31m      User infoと表示される (FAILED - 69)[0m
[31m      画像が表示される (FAILED - 70)[0m
[31m      名前が表示される (FAILED - 71)[0m
[31m      自己紹介が表示される (FAILED - 72)[0m
[31m      編集リンクが表示される (FAILED - 73)[0m
  編集のテスト
    自分の編集画面への遷移
[31m      遷移できる (FAILED - 74)[0m
    他人の編集画面への遷移
[31m      遷移できない (FAILED - 75)[0m
    表示の確認
[31m      User infoと表示される (FAILED - 76)[0m
[31m      名前編集フォームに自分の名前が表示される (FAILED - 77)[0m
[31m      画像編集フォームが表示される (FAILED - 78)[0m
[31m      自己紹介編集フォームに自分の自己紹介が表示される (FAILED - 79)[0m
[31m      編集に成功する (FAILED - 80)[0m
[31m      編集に失敗する (FAILED - 81)[0m
  一覧画面のテスト
    表示の確認
[31m      Usersと表示される (FAILED - 82)[0m
[31m      自分と他の人の画像が表示される (FAILED - 83)[0m
[31m      自分と他の人の名前が表示される (FAILED - 84)[0m
[31m      showリンクが表示される (FAILED - 85)[0m
  詳細画面のテスト
    表示の確認
[31m      Booksと表示される (FAILED - 86)[0m
[31m      投稿一覧のユーザーの画像のリンク先が正しい (FAILED - 87)[0m
[31m      投稿一覧のtitleのリンク先が正しい (FAILED - 88)[0m
[31m      投稿一覧にopinionが表示される (FAILED - 89)[0m

Failures:

  1) Bookモデルのテスト バリデーションのテスト titleカラム 空欄でないこと
     [31mFailure/Error: let(:user) { create(:user) }[0m
     [31m[0m
     [31mNoMethodError:[0m
     [31m  undefined method `name=' for #<User:0x000000000579e438>[0m
     [36m# /home/ec2-user/.rvm/gems/ruby-2.6.3/gems/factory_bot-6.1.0/lib/factory_bot/attribute_assigner.rb:16:in `public_send'[0m
     [36m# /home/ec2-user/.rvm/gems/ruby-2.6.3/gems/factory_bot-6.1.0/lib/factory_bot/attribute_assigner.rb:16:in `block (2 levels) in object'[0m
     [36m# /home/ec2-user/.rvm/gems/ruby-2.6.3/gems/factory_bot-6.1.0/lib/factory_bot/attribute_assigner.rb:15:in `each'[0m
     [36m# /home/ec2-user/.rvm/gems/ruby-2.6.3/gems/factory_bot-6.1.0/lib/factory_bot/attribute_assigner.rb:15:in `block in object'[0m
     [36m# /home/ec2-user/.rvm/gems/ruby-2.6.3/gems/factory_bot-6.1.0/lib/factory_bot/attribute_assigner.rb:14:in `tap'[0m
     [36m# /home/ec2-user/.rvm/gems/ruby-2.6.3/gems/factory_bot-6.1.0/lib/factory_bot/attribute_assigner.rb:14:in `object'[0m
     [36m# /home/ec2-user/.rvm/gems/ruby-2.6.3/gems/factory_bot-6.1.0/lib/factory_bot/evaluation.rb:13:in `object'[0m
     [36m# /home/ec2-user/.rvm/gems/ruby-2.6.3/gems/factory_bot-6.1.0/lib/factory_bot/strategy/create.rb:9:in `result'[0m
     [36m# /home/ec2-user/.rvm/gems/ruby-2.6.3/gems/factory_bot-6.1.0/lib/factory_bot/factory.rb:43:in `run'[0m
     [36m# /home/ec2-user/.rvm/gems/ruby-2.6.3/gems/factory_bot-6.1.0/lib/factory_bot/factory_runner.rb:29:in `block in run'[0m
     [36m# /home/ec2-user/.rvm/gems/ruby-2.6.3/gems/factory_bot-6.1.0/lib/factory_bot/factory_runner.rb:28:in `run'[0m
     [36m# /home/ec2-user/.rvm/gems/ruby-2.6.3/gems/factory_bot-6.1.0/lib/factory_bot/strategy_syntax_method_registrar.rb:28:in `block in define_singular_strategy_method'[0m
     [36m# ./spec/models/book_spec.rb:5:in `block (3 levels) in <top (required)>'[0m
     [36m# ./spec/models/book_spec.rb:6:in `block (3 levels) in <top (required)>'[0m

  2) Bookモデルのテスト バリデーションのテスト bodyカラム 空欄でないこと
     [31mFailure/Error: let(:user) { create(:user) }[0m
     [31m[0m
     [31mNoMethodError:[0m
     [31m  undefined method `name=' for #<User:0x0000000006de1858>[0m
     [36m# /home/ec2-user/.rvm/gems/ruby-2.6.3/gems/factory_bot-6.1.0/lib/factory_bot/attribute_assigner.rb:16:in `public_send'[0m
     [36m# /home/ec2-user/.rvm/gems/ruby-2.6.3/gems/factory_bot-6.1.0/lib/factory_bot/attribute_assigner.rb:16:in `block (2 levels) in object'[0m
     [36m# /home/ec2-user/.rvm/gems/ruby-2.6.3/gems/factory_bot-6.1.0/lib/factory_bot/attribute_assigner.rb:15:in `each'[0m
     [36m# /home/ec2-user/.rvm/gems/ruby-2.6.3/gems/factory_bot-6.1.0/lib/factory_bot/attribute_assigner.rb:15:in `block in object'[0m
     [36m# /home/ec2-user/.rvm/gems/ruby-2.6.3/gems/factory_bot-6.1.0/lib/factory_bot/attribute_assigner.rb:14:in `tap'[0m
     [36m# /home/ec2-user/.rvm/gems/ruby-2.6.3/gems/factory_bot-6.1.0/lib/factory_bot/attribute_assigner.rb:14:in `object'[0m
     [36m# /home/ec2-user/.rvm/gems/ruby-2.6.3/gems/factory_bot-6.1.0/lib/factory_bot/evaluation.rb:13:in `object'[0m
     [36m# /home/ec2-user/.rvm/gems/ruby-2.6.3/gems/factory_bot-6.1.0/lib/factory_bot/strategy/create.rb:9:in `result'[0m
     [36m# /home/ec2-user/.rvm/gems/ruby-2.6.3/gems/factory_bot-6.1.0/lib/factory_bot/factory.rb:43:in `run'[0m
     [36m# /home/ec2-user/.rvm/gems/ruby-2.6.3/gems/factory_bot-6.1.0/lib/factory_bot/factory_runner.rb:29:in `block in run'[0m
     [36m# /home/ec2-user/.rvm/gems/ruby-2.6.3/gems/factory_bot-6.1.0/lib/factory_bot/factory_runner.rb:28:in `run'[0m
     [36m# /home/ec2-user/.rvm/gems/ruby-2.6.3/gems/factory_bot-6.1.0/lib/factory_bot/strategy_syntax_method_registrar.rb:28:in `block in define_singular_strategy_method'[0m
     [36m# ./spec/models/book_spec.rb:5:in `block (3 levels) in <top (required)>'[0m
     [36m# ./spec/models/book_spec.rb:6:in `block (3 levels) in <top (required)>'[0m

  3) Bookモデルのテスト バリデーションのテスト bodyカラム 200文字以下であること
     [31mFailure/Error: let(:user) { create(:user) }[0m
     [31m[0m
     [31mNoMethodError:[0m
     [31m  undefined method `name=' for #<User:0x0000000006de45d0>[0m
     [36m# /home/ec2-user/.rvm/gems/ruby-2.6.3/gems/factory_bot-6.1.0/lib/factory_bot/attribute_assigner.rb:16:in `public_send'[0m
     [36m# /home/ec2-user/.rvm/gems/ruby-2.6.3/gems/factory_bot-6.1.0/lib/factory_bot/attribute_assigner.rb:16:in `block (2 levels) in object'[0m
     [36m# /home/ec2-user/.rvm/gems/ruby-2.6.3/gems/factory_bot-6.1.0/lib/factory_bot/attribute_assigner.rb:15:in `each'[0m
     [36m# /home/ec2-user/.rvm/gems/ruby-2.6.3/gems/factory_bot-6.1.0/lib/factory_bot/attribute_assigner.rb:15:in `block in object'[0m
     [36m# /home/ec2-user/.rvm/gems/ruby-2.6.3/gems/factory_bot-6.1.0/lib/factory_bot/attribute_assigner.rb:14:in `tap'[0m
     [36m# /home/ec2-user/.rvm/gems/ruby-2.6.3/gems/factory_bot-6.1.0/lib/factory_bot/attribute_assigner.rb:14:in `object'[0m
     [36m# /home/ec2-user/.rvm/gems/ruby-2.6.3/gems/factory_bot-6.1.0/lib/factory_bot/evaluation.rb:13:in `object'[0m
     [36m# /home/ec2-user/.rvm/gems/ruby-2.6.3/gems/factory_bot-6.1.0/lib/factory_bot/strategy/create.rb:9:in `result'[0m
     [36m# /home/ec2-user/.rvm/gems/ruby-2.6.3/gems/factory_bot-6.1.0/lib/factory_bot/factory.rb:43:in `run'[0m
     [36m# /home/ec2-user/.rvm/gems/ruby-2.6.3/gems/factory_bot-6.1.0/lib/factory_bot/factory_runner.rb:29:in `block in run'[0m
     [36m# /home/ec2-user/.rvm/gems/ruby-2.6.3/gems/factory_bot-6.1.0/lib/factory_bot/factory_runner.rb:28:in `run'[0m
     [36m# /home/ec2-user/.rvm/gems/ruby-2.6.3/gems/factory_bot-6.1.0/lib/factory_bot/strategy_syntax_method_registrar.rb:28:in `block in define_singular_strategy_method'[0m
     [36m# ./spec/models/book_spec.rb:5:in `block (3 levels) in <top (required)>'[0m
     [36m# ./spec/models/book_spec.rb:6:in `block (3 levels) in <top (required)>'[0m

  4) Userモデルのテスト バリデーションのテスト nameカラム 空欄でないこと
     [31mFailure/Error: let(:user) { build(:user) }[0m
     [31m[0m
     [31mNoMethodError:[0m
     [31m  undefined method `name=' for #<User:0x0000000006e1c818>[0m
     [36m# /home/ec2-user/.rvm/gems/ruby-2.6.3/gems/factory_bot-6.1.0/lib/factory_bot/attribute_assigner.rb:16:in `public_send'[0m
     [36m# /home/ec2-user/.rvm/gems/ruby-2.6.3/gems/factory_bot-6.1.0/lib/factory_bot/attribute_assigner.rb:16:in `block (2 levels) in object'[0m
     [36m# /home/ec2-user/.rvm/gems/ruby-2.6.3/gems/factory_bot-6.1.0/lib/factory_bot/attribute_assigner.rb:15:in `each'[0m
     [36m# /home/ec2-user/.rvm/gems/ruby-2.6.3/gems/factory_bot-6.1.0/lib/factory_bot/attribute_assigner.rb:15:in `block in object'[0m
     [36m# /home/ec2-user/.rvm/gems/ruby-2.6.3/gems/factory_bot-6.1.0/lib/factory_bot/attribute_assigner.rb:14:in `tap'[0m
     [36m# /home/ec2-user/.rvm/gems/ruby-2.6.3/gems/factory_bot-6.1.0/lib/factory_bot/attribute_assigner.rb:14:in `object'[0m
     [36m# /home/ec2-user/.rvm/gems/ruby-2.6.3/gems/factory_bot-6.1.0/lib/factory_bot/evaluation.rb:13:in `object'[0m
     [36m# /home/ec2-user/.rvm/gems/ruby-2.6.3/gems/factory_bot-6.1.0/lib/factory_bot/strategy/build.rb:9:in `result'[0m
     [36m# /home/ec2-user/.rvm/gems/ruby-2.6.3/gems/factory_bot-6.1.0/lib/factory_bot/factory.rb:43:in `run'[0m
     [36m# /home/ec2-user/.rvm/gems/ruby-2.6.3/gems/factory_bot-6.1.0/lib/factory_bot/factory_runner.rb:29:in `block in run'[0m
     [36m# /home/ec2-user/.rvm/gems/ruby-2.6.3/gems/factory_bot-6.1.0/lib/factory_bot/factory_runner.rb:28:in `run'[0m
     [36m# /home/ec2-user/.rvm/gems/ruby-2.6.3/gems/factory_bot-6.1.0/lib/factory_bot/strategy_syntax_method_registrar.rb:28:in `block in define_singular_strategy_method'[0m
     [36m# ./spec/models/user_spec.rb:10:in `block (3 levels) in <main>'[0m
     [36m# ./spec/models/user_spec.rb:13:in `block (4 levels) in <main>'[0m
     [36m# ./spec/models/user_spec.rb:15:in `block (4 levels) in <main>'[0m

  5) Userモデルのテスト バリデーションのテスト nameカラム 2文字以上であること
     [31mFailure/Error: let(:user) { build(:user) }[0m
     [31m[0m
     [31mNoMethodError:[0m
     [31m  undefined method `name=' for #<User:0x0000000006e27650>[0m
     [36m# /home/ec2-user/.rvm/gems/ruby-2.6.3/gems/factory_bot-6.1.0/lib/factory_bot/attribute_assigner.rb:16:in `public_send'[0m
     [36m# /home/ec2-user/.rvm/gems/ruby-2.6.3/gems/factory_bot-6.1.0/lib/factory_bot/attribute_assigner.rb:16:in `block (2 levels) in object'[0m
     [36m# /home/ec2-user/.rvm/gems/ruby-2.6.3/gems/factory_bot-6.1.0/lib/factory_bot/attribute_assigner.rb:15:in `each'[0m
     [36m# /home/ec2-user/.rvm/gems/ruby-2.6.3/gems/factory_bot-6.1.0/lib/factory_bot/attribute_assigner.rb:15:in `block in object'[0m
     [36m# /home/ec2-user/.rvm/gems/ruby-2.6.3/gems/factory_bot-6.1.0/lib/factory_bot/attribute_assigner.rb:14:in `tap'[0m
     [36m# /home/ec2-user/.rvm/gems/ruby-2.6.3/gems/factory_bot-6.1.0/lib/factory_bot/attribute_assigner.rb:14:in `object'[0m
     [36m# /home/ec2-user/.rvm/gems/ruby-2.6.3/gems/factory_bot-6.1.0/lib/factory_bot/evaluation.rb:13:in `object'[0m
     [36m# /home/ec2-user/.rvm/gems/ruby-2.6.3/gems/factory_bot-6.1.0/lib/factory_bot/strategy/build.rb:9:in `result'[0m
     [36m# /home/ec2-user/.rvm/gems/ruby-2.6.3/gems/factory_bot-6.1.0/lib/factory_bot/factory.rb:43:in `run'[0m
     [36m# /home/ec2-user/.rvm/gems/ruby-2.6.3/gems/factory_bot-6.1.0/lib/factory_bot/factory_runner.rb:29:in `block in run'[0m
     [36m# /home/ec2-user/.rvm/gems/ruby-2.6.3/gems/factory_bot-6.1.0/lib/factory_bot/factory_runner.rb:28:in `run'[0m
     [36m# /home/ec2-user/.rvm/gems/ruby-2.6.3/gems/factory_bot-6.1.0/lib/factory_bot/strategy_syntax_method_registrar.rb:28:in `block in define_singular_strategy_method'[0m
     [36m# ./spec/models/user_spec.rb:10:in `block (3 levels) in <main>'[0m
     [36m# ./spec/models/user_spec.rb:13:in `block (4 levels) in <main>'[0m
     [36m# ./spec/models/user_spec.rb:19:in `block (4 levels) in <main>'[0m

  6) Userモデルのテスト バリデーションのテスト nameカラム 20文字以下であること
     [31mFailure/Error: let(:user) { build(:user) }[0m
     [31m[0m
     [31mNoMethodError:[0m
     [31m  undefined method `name=' for #<User:0x0000000006e2e4c8>[0m
     [36m# /home/ec2-user/.rvm/gems/ruby-2.6.3/gems/factory_bot-6.1.0/lib/factory_bot/attribute_assigner.rb:16:in `public_send'[0m
     [36m# /home/ec2-user/.rvm/gems/ruby-2.6.3/gems/factory_bot-6.1.0/lib/factory_bot/attribute_assigner.rb:16:in `block (2 levels) in object'[0m
     [36m# /home/ec2-user/.rvm/gems/ruby-2.6.3/gems/factory_bot-6.1.0/lib/factory_bot/attribute_assigner.rb:15:in `each'[0m
     [36m# /home/ec2-user/.rvm/gems/ruby-2.6.3/gems/factory_bot-6.1.0/lib/factory_bot/attribute_assigner.rb:15:in `block in object'[0m
     [36m# /home/ec2-user/.rvm/gems/ruby-2.6.3/gems/factory_bot-6.1.0/lib/factory_bot/attribute_assigner.rb:14:in `tap'[0m
     [36m# /home/ec2-user/.rvm/gems/ruby-2.6.3/gems/factory_bot-6.1.0/lib/factory_bot/attribute_assigner.rb:14:in `object'[0m
     [36m# /home/ec2-user/.rvm/gems/ruby-2.6.3/gems/factory_bot-6.1.0/lib/factory_bot/evaluation.rb:13:in `object'[0m
     [36m# /home/ec2-user/.rvm/gems/ruby-2.6.3/gems/factory_bot-6.1.0/lib/factory_bot/strategy/build.rb:9:in `result'[0m
     [36m# /home/ec2-user/.rvm/gems/ruby-2.6.3/gems/factory_bot-6.1.0/lib/factory_bot/factory.rb:43:in `run'[0m
     [36m# /home/ec2-user/.rvm/gems/ruby-2.6.3/gems/factory_bot-6.1.0/lib/factory_bot/factory_runner.rb:29:in `block in run'[0m
     [36m# /home/ec2-user/.rvm/gems/ruby-2.6.3/gems/factory_bot-6.1.0/lib/factory_bot/factory_runner.rb:28:in `run'[0m
     [36m# /home/ec2-user/.rvm/gems/ruby-2.6.3/gems/factory_bot-6.1.0/lib/factory_bot/strategy_syntax_method_registrar.rb:28:in `block in define_singular_strategy_method'[0m
     [36m# ./spec/models/user_spec.rb:10:in `block (3 levels) in <main>'[0m
     [36m# ./spec/models/user_spec.rb:13:in `block (4 levels) in <main>'[0m
     [36m# ./spec/models/user_spec.rb:23:in `block (4 levels) in <main>'[0m

  7) Userモデルのテスト バリデーションのテスト introductionカラム 50文字以下であること
     [31mFailure/Error: let(:user) { build(:user) }[0m
     [31m[0m
     [31mNoMethodError:[0m
     [31m  undefined method `name=' for #<User:0x0000000006e34a08>[0m
     [36m# /home/ec2-user/.rvm/gems/ruby-2.6.3/gems/factory_bot-6.1.0/lib/factory_bot/attribute_assigner.rb:16:in `public_send'[0m
     [36m# /home/ec2-user/.rvm/gems/ruby-2.6.3/gems/factory_bot-6.1.0/lib/factory_bot/attribute_assigner.rb:16:in `block (2 levels) in object'[0m
     [36m# /home/ec2-user/.rvm/gems/ruby-2.6.3/gems/factory_bot-6.1.0/lib/factory_bot/attribute_assigner.rb:15:in `each'[0m
     [36m# /home/ec2-user/.rvm/gems/ruby-2.6.3/gems/factory_bot-6.1.0/lib/factory_bot/attribute_assigner.rb:15:in `block in object'[0m
     [36m# /home/ec2-user/.rvm/gems/ruby-2.6.3/gems/factory_bot-6.1.0/lib/factory_bot/attribute_assigner.rb:14:in `tap'[0m
     [36m# /home/ec2-user/.rvm/gems/ruby-2.6.3/gems/factory_bot-6.1.0/lib/factory_bot/attribute_assigner.rb:14:in `object'[0m
     [36m# /home/ec2-user/.rvm/gems/ruby-2.6.3/gems/factory_bot-6.1.0/lib/factory_bot/evaluation.rb:13:in `object'[0m
     [36m# /home/ec2-user/.rvm/gems/ruby-2.6.3/gems/factory_bot-6.1.0/lib/factory_bot/strategy/build.rb:9:in `result'[0m
     [36m# /home/ec2-user/.rvm/gems/ruby-2.6.3/gems/factory_bot-6.1.0/lib/factory_bot/factory.rb:43:in `run'[0m
     [36m# /home/ec2-user/.rvm/gems/ruby-2.6.3/gems/factory_bot-6.1.0/lib/factory_bot/factory_runner.rb:29:in `block in run'[0m
     [36m# /home/ec2-user/.rvm/gems/ruby-2.6.3/gems/factory_bot-6.1.0/lib/factory_bot/factory_runner.rb:28:in `run'[0m
     [36m# /home/ec2-user/.rvm/gems/ruby-2.6.3/gems/factory_bot-6.1.0/lib/factory_bot/strategy_syntax_method_registrar.rb:28:in `block in define_singular_strategy_method'[0m
     [36m# ./spec/models/user_spec.rb:10:in `block (3 levels) in <main>'[0m
     [36m# ./spec/models/user_spec.rb:29:in `block (4 levels) in <main>'[0m
     [36m# ./spec/models/user_spec.rb:31:in `block (4 levels) in <main>'[0m

  8) 投稿のテスト サイドバーのテスト 表示の確認 New bookと表示される
     [31mFailure/Error: let!(:user2) { create(:user) }[0m
     [31m[0m
     [31mNoMethodError:[0m
     [31m  undefined method `name=' for #<User:0x0000000006e53c00>[0m
     [31m[0m
     [31m[0m
     [31m[0m
     [36m# /home/ec2-user/.rvm/gems/ruby-2.6.3/gems/factory_bot-6.1.0/lib/factory_bot/attribute_assigner.rb:16:in `public_send'[0m
     [36m# /home/ec2-user/.rvm/gems/ruby-2.6.3/gems/factory_bot-6.1.0/lib/factory_bot/attribute_assigner.rb:16:in `block (2 levels) in object'[0m
     [36m# /home/ec2-user/.rvm/gems/ruby-2.6.3/gems/factory_bot-6.1.0/lib/factory_bot/attribute_assigner.rb:15:in `each'[0m
     [36m# /home/ec2-user/.rvm/gems/ruby-2.6.3/gems/factory_bot-6.1.0/lib/factory_bot/attribute_assigner.rb:15:in `block in object'[0m
     [36m# /home/ec2-user/.rvm/gems/ruby-2.6.3/gems/factory_bot-6.1.0/lib/factory_bot/attribute_assigner.rb:14:in `tap'[0m
     [36m# /home/ec2-user/.rvm/gems/ruby-2.6.3/gems/factory_bot-6.1.0/lib/factory_bot/attribute_assigner.rb:14:in `object'[0m
     [36m# /home/ec2-user/.rvm/gems/ruby-2.6.3/gems/factory_bot-6.1.0/lib/factory_bot/evaluation.rb:13:in `object'[0m
     [36m# /home/ec2-user/.rvm/gems/ruby-2.6.3/gems/factory_bot-6.1.0/lib/factory_bot/strategy/create.rb:9:in `result'[0m
     [36m# /home/ec2-user/.rvm/gems/ruby-2.6.3/gems/factory_bot-6.1.0/lib/factory_bot/factory.rb:43:in `run'[0m
     [36m# /home/ec2-user/.rvm/gems/ruby-2.6.3/gems/factory_bot-6.1.0/lib/factory_bot/factory_runner.rb:29:in `block in run'[0m
     [36m# /home/ec2-user/.rvm/gems/ruby-2.6.3/gems/factory_bot-6.1.0/lib/factory_bot/factory_runner.rb:28:in `run'[0m
     [36m# /home/ec2-user/.rvm/gems/ruby-2.6.3/gems/factory_bot-6.1.0/lib/factory_bot/strategy_syntax_method_registrar.rb:28:in `block in define_singular_strategy_method'[0m
     [36m# ./spec/system/books_spec.rb:5:in `block (2 levels) in <main>'[0m

  9) 投稿のテスト サイドバーのテスト 表示の確認 titleフォームが表示される
     [31mFailure/Error: let!(:user2) { create(:user) }[0m
     [31m[0m
     [31mNoMethodError:[0m
     [31m  undefined method `name=' for #<User:0x0000000006e5dd18>[0m
     [31m[0m
     [31m[0m
     [31m[0m
     [36m# /home/ec2-user/.rvm/gems/ruby-2.6.3/gems/factory_bot-6.1.0/lib/factory_bot/attribute_assigner.rb:16:in `public_send'[0m
     [36m# /home/ec2-user/.rvm/gems/ruby-2.6.3/gems/factory_bot-6.1.0/lib/factory_bot/attribute_assigner.rb:16:in `block (2 levels) in object'[0m
     [36m# /home/ec2-user/.rvm/gems/ruby-2.6.3/gems/factory_bot-6.1.0/lib/factory_bot/attribute_assigner.rb:15:in `each'[0m
     [36m# /home/ec2-user/.rvm/gems/ruby-2.6.3/gems/factory_bot-6.1.0/lib/factory_bot/attribute_assigner.rb:15:in `block in object'[0m
     [36m# /home/ec2-user/.rvm/gems/ruby-2.6.3/gems/factory_bot-6.1.0/lib/factory_bot/attribute_assigner.rb:14:in `tap'[0m
     [36m# /home/ec2-user/.rvm/gems/ruby-2.6.3/gems/factory_bot-6.1.0/lib/factory_bot/attribute_assigner.rb:14:in `object'[0m
     [36m# /home/ec2-user/.rvm/gems/ruby-2.6.3/gems/factory_bot-6.1.0/lib/factory_bot/evaluation.rb:13:in `object'[0m
     [36m# /home/ec2-user/.rvm/gems/ruby-2.6.3/gems/factory_bot-6.1.0/lib/factory_bot/strategy/create.rb:9:in `result'[0m
     [36m# /home/ec2-user/.rvm/gems/ruby-2.6.3/gems/factory_bot-6.1.0/lib/factory_bot/factory.rb:43:in `run'[0m
     [36m# /home/ec2-user/.rvm/gems/ruby-2.6.3/gems/factory_bot-6.1.0/lib/factory_bot/factory_runner.rb:29:in `block in run'[0m
     [36m# /home/ec2-user/.rvm/gems/ruby-2.6.3/gems/factory_bot-6.1.0/lib/factory_bot/factory_runner.rb:28:in `run'[0m
     [36m# /home/ec2-user/.rvm/gems/ruby-2.6.3/gems/factory_bot-6.1.0/lib/factory_bot/strategy_syntax_method_registrar.rb:28:in `block in define_singular_strategy_method'[0m
     [36m# ./spec/system/books_spec.rb:5:in `block (2 levels) in <main>'[0m

  10) 投稿のテスト サイドバーのテスト 表示の確認 opinionフォームが表示される
      [31mFailure/Error: let!(:user2) { create(:user) }[0m
      [31m[0m
      [31mNoMethodError:[0m
      [31m  undefined method `name=' for #<User:0x0000000006e64078>[0m
      [31m[0m
      [31m[0m
      [31m[0m
      [36m# /home/ec2-user/.rvm/gems/ruby-2.6.3/gems/factory_bot-6.1.0/lib/factory_bot/attribute_assigner.rb:16:in `public_send'[0m
      [36m# /home/ec2-user/.rvm/gems/ruby-2.6.3/gems/factory_bot-6.1.0/lib/factory_bot/attribute_assigner.rb:16:in `block (2 levels) in object'[0m
      [36m# /home/ec2-user/.rvm/gems/ruby-2.6.3/gems/factory_bot-6.1.0/lib/factory_bot/attribute_assigner.rb:15:in `each'[0m
      [36m# /home/ec2-user/.rvm/gems/ruby-2.6.3/gems/factory_bot-6.1.0/lib/factory_bot/attribute_assigner.rb:15:in `block in object'[0m
      [36m# /home/ec2-user/.rvm/gems/ruby-2.6.3/gems/factory_bot-6.1.0/lib/factory_bot/attribute_assigner.rb:14:in `tap'[0m
      [36m# /home/ec2-user/.rvm/gems/ruby-2.6.3/gems/factory_bot-6.1.0/lib/factory_bot/attribute_assigner.rb:14:in `object'[0m
      [36m# /home/ec2-user/.rvm/gems/ruby-2.6.3/gems/factory_bot-6.1.0/lib/factory_bot/evaluation.rb:13:in `object'[0m
      [36m# /home/ec2-user/.rvm/gems/ruby-2.6.3/gems/factory_bot-6.1.0/lib/factory_bot/strategy/create.rb:9:in `result'[0m
      [36m# /home/ec2-user/.rvm/gems/ruby-2.6.3/gems/factory_bot-6.1.0/lib/factory_bot/factory.rb:43:in `run'[0m
      [36m# /home/ec2-user/.rvm/gems/ruby-2.6.3/gems/factory_bot-6.1.0/lib/factory_bot/factory_runner.rb:29:in `block in run'[0m
      [36m# /home/ec2-user/.rvm/gems/ruby-2.6.3/gems/factory_bot-6.1.0/lib/factory_bot/factory_runner.rb:28:in `run'[0m
      [36m# /home/ec2-user/.rvm/gems/ruby-2.6.3/gems/factory_bot-6.1.0/lib/factory_bot/strategy_syntax_method_registrar.rb:28:in `block in define_singular_strategy_method'[0m
      [36m# ./spec/system/books_spec.rb:5:in `block (2 levels) in <main>'[0m

  11) 投稿のテスト サイドバーのテスト 表示の確認 Create Bookボタンが表示される
      [31mFailure/Error: let!(:user2) { create(:user) }[0m
      [31m[0m
      [31mNoMethodError:[0m
      [31m  undefined method `name=' for #<User:0x0000000006e76278>[0m
      [31m[0m
      [31m[0m
      [31m[0m
      [36m# /home/ec2-user/.rvm/gems/ruby-2.6.3/gems/factory_bot-6.1.0/lib/factory_bot/attribute_assigner.rb:16:in `public_send'[0m
      [36m# /home/ec2-user/.rvm/gems/ruby-2.6.3/gems/factory_bot-6.1.0/lib/factory_bot/attribute_assigner.rb:16:in `block (2 levels) in object'[0m
      [36m# /home/ec2-user/.rvm/gems/ruby-2.6.3/gems/factory_bot-6.1.0/lib/factory_bot/attribute_assigner.rb:15:in `each'[0m
      [36m# /home/ec2-user/.rvm/gems/ruby-2.6.3/gems/factory_bot-6.1.0/lib/factory_bot/attribute_assigner.rb:15:in `block in object'[0m
      [36m# /home/ec2-user/.rvm/gems/ruby-2.6.3/gems/factory_bot-6.1.0/lib/factory_bot/attribute_assigner.rb:14:in `tap'[0m
      [36m# /home/ec2-user/.rvm/gems/ruby-2.6.3/gems/factory_bot-6.1.0/lib/factory_bot/attribute_assigner.rb:14:in `object'[0m
      [36m# /home/ec2-user/.rvm/gems/ruby-2.6.3/gems/factory_bot-6.1.0/lib/factory_bot/evaluation.rb:13:in `object'[0m
      [36m# /home/ec2-user/.rvm/gems/ruby-2.6.3/gems/factory_bot-6.1.0/lib/factory_bot/strategy/create.rb:9:in `result'[0m
      [36m# /home/ec2-user/.rvm/gems/ruby-2.6.3/gems/factory_bot-6.1.0/lib/factory_bot/factory.rb:43:in `run'[0m
      [36m# /home/ec2-user/.rvm/gems/ruby-2.6.3/gems/factory_bot-6.1.0/lib/factory_bot/factory_runner.rb:29:in `block in run'[0m
      [36m# /home/ec2-user/.rvm/gems/ruby-2.6.3/gems/factory_bot-6.1.0/lib/factory_bot/factory_runner.rb:28:in `run'[0m
      [36m# /home/ec2-user/.rvm/gems/ruby-2.6.3/gems/factory_bot-6.1.0/lib/factory_bot/strategy_syntax_method_registrar.rb:28:in `block in define_singular_strategy_method'[0m
      [36m# ./spec/system/books_spec.rb:5:in `block (2 levels) in <main>'[0m

  12) 投稿のテスト サイドバーのテスト 表示の確認 投稿に成功する
      [31mFailure/Error: let!(:user2) { create(:user) }[0m
      [31m[0m
      [31mNoMethodError:[0m
      [31m  undefined method `name=' for #<User:0x0000000006e7c560>[0m
      [31m[0m
      [31m[0m
      [31m[0m
      [36m# /home/ec2-user/.rvm/gems/ruby-2.6.3/gems/factory_bot-6.1.0/lib/factory_bot/attribute_assigner.rb:16:in `public_send'[0m
      [36m# /home/ec2-user/.rvm/gems/ruby-2.6.3/gems/factory_bot-6.1.0/lib/factory_bot/attribute_assigner.rb:16:in `block (2 levels) in object'[0m
      [36m# /home/ec2-user/.rvm/gems/ruby-2.6.3/gems/factory_bot-6.1.0/lib/factory_bot/attribute_assigner.rb:15:in `each'[0m
      [36m# /home/ec2-user/.rvm/gems/ruby-2.6.3/gems/factory_bot-6.1.0/lib/factory_bot/attribute_assigner.rb:15:in `block in object'[0m
      [36m# /home/ec2-user/.rvm/gems/ruby-2.6.3/gems/factory_bot-6.1.0/lib/factory_bot/attribute_assigner.rb:14:in `tap'[0m
      [36m# /home/ec2-user/.rvm/gems/ruby-2.6.3/gems/factory_bot-6.1.0/lib/factory_bot/attribute_assigner.rb:14:in `object'[0m
      [36m# /home/ec2-user/.rvm/gems/ruby-2.6.3/gems/factory_bot-6.1.0/lib/factory_bot/evaluation.rb:13:in `object'[0m
      [36m# /home/ec2-user/.rvm/gems/ruby-2.6.3/gems/factory_bot-6.1.0/lib/factory_bot/strategy/create.rb:9:in `result'[0m
      [36m# /home/ec2-user/.rvm/gems/ruby-2.6.3/gems/factory_bot-6.1.0/lib/factory_bot/factory.rb:43:in `run'[0m
      [36m# /home/ec2-user/.rvm/gems/ruby-2.6.3/gems/factory_bot-6.1.0/lib/factory_bot/factory_runner.rb:29:in `block in run'[0m
      [36m# /home/ec2-user/.rvm/gems/ruby-2.6.3/gems/factory_bot-6.1.0/lib/factory_bot/factory_runner.rb:28:in `run'[0m
      [36m# /home/ec2-user/.rvm/gems/ruby-2.6.3/gems/factory_bot-6.1.0/lib/factory_bot/strategy_syntax_method_registrar.rb:28:in `block in define_singular_strategy_method'[0m
      [36m# ./spec/system/books_spec.rb:5:in `block (2 levels) in <main>'[0m

  13) 投稿のテスト サイドバーのテスト 表示の確認 投稿に失敗する
      [31mFailure/Error: let!(:user2) { create(:user) }[0m
      [31m[0m
      [31mNoMethodError:[0m
      [31m  undefined method `name=' for #<User:0x0000000006e8e8a0>[0m
      [31m[0m
      [31m[0m
      [31m[0m
      [36m# /home/ec2-user/.rvm/gems/ruby-2.6.3/gems/factory_bot-6.1.0/lib/factory_bot/attribute_assigner.rb:16:in `public_send'[0m
      [36m# /home/ec2-user/.rvm/gems/ruby-2.6.3/gems/factory_bot-6.1.0/lib/factory_bot/attribute_assigner.rb:16:in `block (2 levels) in object'[0m
      [36m# /home/ec2-user/.rvm/gems/ruby-2.6.3/gems/factory_bot-6.1.0/lib/factory_bot/attribute_assigner.rb:15:in `each'[0m
      [36m# /home/ec2-user/.rvm/gems/ruby-2.6.3/gems/factory_bot-6.1.0/lib/factory_bot/attribute_assigner.rb:15:in `block in object'[0m
      [36m# /home/ec2-user/.rvm/gems/ruby-2.6.3/gems/factory_bot-6.1.0/lib/factory_bot/attribute_assigner.rb:14:in `tap'[0m
      [36m# /home/ec2-user/.rvm/gems/ruby-2.6.3/gems/factory_bot-6.1.0/lib/factory_bot/attribute_assigner.rb:14:in `object'[0m
      [36m# /home/ec2-user/.rvm/gems/ruby-2.6.3/gems/factory_bot-6.1.0/lib/factory_bot/evaluation.rb:13:in `object'[0m
      [36m# /home/ec2-user/.rvm/gems/ruby-2.6.3/gems/factory_bot-6.1.0/lib/factory_bot/strategy/create.rb:9:in `result'[0m
      [36m# /home/ec2-user/.rvm/gems/ruby-2.6.3/gems/factory_bot-6.1.0/lib/factory_bot/factory.rb:43:in `run'[0m
      [36m# /home/ec2-user/.rvm/gems/ruby-2.6.3/gems/factory_bot-6.1.0/lib/factory_bot/factory_runner.rb:29:in `block in run'[0m
      [36m# /home/ec2-user/.rvm/gems/ruby-2.6.3/gems/factory_bot-6.1.0/lib/factory_bot/factory_runner.rb:28:in `run'[0m
      [36m# /home/ec2-user/.rvm/gems/ruby-2.6.3/gems/factory_bot-6.1.0/lib/factory_bot/strategy_syntax_method_registrar.rb:28:in `block in define_singular_strategy_method'[0m
      [36m# ./spec/system/books_spec.rb:5:in `block (2 levels) in <main>'[0m

  14) 投稿のテスト 編集のテスト 自分の投稿の編集画面への遷移 遷移できる
      [31mFailure/Error: let!(:user2) { create(:user) }[0m
      [31m[0m
      [31mNoMethodError:[0m
      [31m  undefined method `name=' for #<User:0x0000000006e9f2e0>[0m
      [31m[0m
      [31m[0m
      [31m[0m
      [36m# /home/ec2-user/.rvm/gems/ruby-2.6.3/gems/factory_bot-6.1.0/lib/factory_bot/attribute_assigner.rb:16:in `public_send'[0m
      [36m# /home/ec2-user/.rvm/gems/ruby-2.6.3/gems/factory_bot-6.1.0/lib/factory_bot/attribute_assigner.rb:16:in `block (2 levels) in object'[0m
      [36m# /home/ec2-user/.rvm/gems/ruby-2.6.3/gems/factory_bot-6.1.0/lib/factory_bot/attribute_assigner.rb:15:in `each'[0m
      [36m# /home/ec2-user/.rvm/gems/ruby-2.6.3/gems/factory_bot-6.1.0/lib/factory_bot/attribute_assigner.rb:15:in `block in object'[0m
      [36m# /home/ec2-user/.rvm/gems/ruby-2.6.3/gems/factory_bot-6.1.0/lib/factory_bot/attribute_assigner.rb:14:in `tap'[0m
      [36m# /home/ec2-user/.rvm/gems/ruby-2.6.3/gems/factory_bot-6.1.0/lib/factory_bot/attribute_assigner.rb:14:in `object'[0m
      [36m# /home/ec2-user/.rvm/gems/ruby-2.6.3/gems/factory_bot-6.1.0/lib/factory_bot/evaluation.rb:13:in `object'[0m
      [36m# /home/ec2-user/.rvm/gems/ruby-2.6.3/gems/factory_bot-6.1.0/lib/factory_bot/strategy/create.rb:9:in `result'[0m
      [36m# /home/ec2-user/.rvm/gems/ruby-2.6.3/gems/factory_bot-6.1.0/lib/factory_bot/factory.rb:43:in `run'[0m
      [36m# /home/ec2-user/.rvm/gems/ruby-2.6.3/gems/factory_bot-6.1.0/lib/factory_bot/factory_runner.rb:29:in `block in run'[0m
      [36m# /home/ec2-user/.rvm/gems/ruby-2.6.3/gems/factory_bot-6.1.0/lib/factory_bot/factory_runner.rb:28:in `run'[0m
      [36m# /home/ec2-user/.rvm/gems/ruby-2.6.3/gems/factory_bot-6.1.0/lib/factory_bot/strategy_syntax_method_registrar.rb:28:in `block in define_singular_strategy_method'[0m
      [36m# ./spec/system/books_spec.rb:5:in `block (2 levels) in <main>'[0m

  15) 投稿のテスト 編集のテスト 他人の投稿の編集画面への遷移 遷移できない
      [31mFailure/Error: let!(:user2) { create(:user) }[0m
      [31m[0m
      [31mNoMethodError:[0m
      [31m  undefined method `name=' for #<User:0x0000000006ea48f8>[0m
      [31m[0m
      [31m[0m
      [31m[0m
      [36m# /home/ec2-user/.rvm/gems/ruby-2.6.3/gems/factory_bot-6.1.0/lib/factory_bot/attribute_assigner.rb:16:in `public_send'[0m
      [36m# /home/ec2-user/.rvm/gems/ruby-2.6.3/gems/factory_bot-6.1.0/lib/factory_bot/attribute_assigner.rb:16:in `block (2 levels) in object'[0m
      [36m# /home/ec2-user/.rvm/gems/ruby-2.6.3/gems/factory_bot-6.1.0/lib/factory_bot/attribute_assigner.rb:15:in `each'[0m
      [36m# /home/ec2-user/.rvm/gems/ruby-2.6.3/gems/factory_bot-6.1.0/lib/factory_bot/attribute_assigner.rb:15:in `block in object'[0m
      [36m# /home/ec2-user/.rvm/gems/ruby-2.6.3/gems/factory_bot-6.1.0/lib/factory_bot/attribute_assigner.rb:14:in `tap'[0m
      [36m# /home/ec2-user/.rvm/gems/ruby-2.6.3/gems/factory_bot-6.1.0/lib/factory_bot/attribute_assigner.rb:14:in `object'[0m
      [36m# /home/ec2-user/.rvm/gems/ruby-2.6.3/gems/factory_bot-6.1.0/lib/factory_bot/evaluation.rb:13:in `object'[0m
      [36m# /home/ec2-user/.rvm/gems/ruby-2.6.3/gems/factory_bot-6.1.0/lib/factory_bot/strategy/create.rb:9:in `result'[0m
      [36m# /home/ec2-user/.rvm/gems/ruby-2.6.3/gems/factory_bot-6.1.0/lib/factory_bot/factory.rb:43:in `run'[0m
      [36m# /home/ec2-user/.rvm/gems/ruby-2.6.3/gems/factory_bot-6.1.0/lib/factory_bot/factory_runner.rb:29:in `block in run'[0m
      [36m# /home/ec2-user/.rvm/gems/ruby-2.6.3/gems/factory_bot-6.1.0/lib/factory_bot/factory_runner.rb:28:in `run'[0m
      [36m# /home/ec2-user/.rvm/gems/ruby-2.6.3/gems/factory_bot-6.1.0/lib/factory_bot/strategy_syntax_method_registrar.rb:28:in `block in define_singular_strategy_method'[0m
      [36m# ./spec/system/books_spec.rb:5:in `block (2 levels) in <main>'[0m

  16) 投稿のテスト 編集のテスト 表示の確認 Editing Bookと表示される
      [31mFailure/Error: let!(:user2) { create(:user) }[0m
      [31m[0m
      [31mNoMethodError:[0m
      [31m  undefined method `name=' for #<User:0x0000000006eb9eb0>[0m
      [31m[0m
      [31m[0m
      [31m[0m
      [36m# /home/ec2-user/.rvm/gems/ruby-2.6.3/gems/factory_bot-6.1.0/lib/factory_bot/attribute_assigner.rb:16:in `public_send'[0m
      [36m# /home/ec2-user/.rvm/gems/ruby-2.6.3/gems/factory_bot-6.1.0/lib/factory_bot/attribute_assigner.rb:16:in `block (2 levels) in object'[0m
      [36m# /home/ec2-user/.rvm/gems/ruby-2.6.3/gems/factory_bot-6.1.0/lib/factory_bot/attribute_assigner.rb:15:in `each'[0m
      [36m# /home/ec2-user/.rvm/gems/ruby-2.6.3/gems/factory_bot-6.1.0/lib/factory_bot/attribute_assigner.rb:15:in `block in object'[0m
      [36m# /home/ec2-user/.rvm/gems/ruby-2.6.3/gems/factory_bot-6.1.0/lib/factory_bot/attribute_assigner.rb:14:in `tap'[0m
      [36m# /home/ec2-user/.rvm/gems/ruby-2.6.3/gems/factory_bot-6.1.0/lib/factory_bot/attribute_assigner.rb:14:in `object'[0m
      [36m# /home/ec2-user/.rvm/gems/ruby-2.6.3/gems/factory_bot-6.1.0/lib/factory_bot/evaluation.rb:13:in `object'[0m
      [36m# /home/ec2-user/.rvm/gems/ruby-2.6.3/gems/factory_bot-6.1.0/lib/factory_bot/strategy/create.rb:9:in `result'[0m
      [36m# /home/ec2-user/.rvm/gems/ruby-2.6.3/gems/factory_bot-6.1.0/lib/factory_bot/factory.rb:43:in `run'[0m
      [36m# /home/ec2-user/.rvm/gems/ruby-2.6.3/gems/factory_bot-6.1.0/lib/factory_bot/factory_runner.rb:29:in `block in run'[0m
      [36m# /home/ec2-user/.rvm/gems/ruby-2.6.3/gems/factory_bot-6.1.0/lib/factory_bot/factory_runner.rb:28:in `run'[0m
      [36m# /home/ec2-user/.rvm/gems/ruby-2.6.3/gems/factory_bot-6.1.0/lib/factory_bot/strategy_syntax_method_registrar.rb:28:in `block in define_singular_strategy_method'[0m
      [36m# ./spec/system/books_spec.rb:5:in `block (2 levels) in <main>'[0m

  17) 投稿のテスト 編集のテスト 表示の確認 title編集フォームが表示される
      [31mFailure/Error: let!(:user2) { create(:user) }[0m
      [31m[0m
      [31mNoMethodError:[0m
      [31m  undefined method `name=' for #<User:0x0000000006ec01c0>[0m
      [31m[0m
      [31m[0m
      [31m[0m
      [36m# /home/ec2-user/.rvm/gems/ruby-2.6.3/gems/factory_bot-6.1.0/lib/factory_bot/attribute_assigner.rb:16:in `public_send'[0m
      [36m# /home/ec2-user/.rvm/gems/ruby-2.6.3/gems/factory_bot-6.1.0/lib/factory_bot/attribute_assigner.rb:16:in `block (2 levels) in object'[0m
      [36m# /home/ec2-user/.rvm/gems/ruby-2.6.3/gems/factory_bot-6.1.0/lib/factory_bot/attribute_assigner.rb:15:in `each'[0m
      [36m# /home/ec2-user/.rvm/gems/ruby-2.6.3/gems/factory_bot-6.1.0/lib/factory_bot/attribute_assigner.rb:15:in `block in object'[0m
      [36m# /home/ec2-user/.rvm/gems/ruby-2.6.3/gems/factory_bot-6.1.0/lib/factory_bot/attribute_assigner.rb:14:in `tap'[0m
      [36m# /home/ec2-user/.rvm/gems/ruby-2.6.3/gems/factory_bot-6.1.0/lib/factory_bot/attribute_assigner.rb:14:in `object'[0m
      [36m# /home/ec2-user/.rvm/gems/ruby-2.6.3/gems/factory_bot-6.1.0/lib/factory_bot/evaluation.rb:13:in `object'[0m
      [36m# /home/ec2-user/.rvm/gems/ruby-2.6.3/gems/factory_bot-6.1.0/lib/factory_bot/strategy/create.rb:9:in `result'[0m
      [36m# /home/ec2-user/.rvm/gems/ruby-2.6.3/gems/factory_bot-6.1.0/lib/factory_bot/factory.rb:43:in `run'[0m
      [36m# /home/ec2-user/.rvm/gems/ruby-2.6.3/gems/factory_bot-6.1.0/lib/factory_bot/factory_runner.rb:29:in `block in run'[0m
      [36m# /home/ec2-user/.rvm/gems/ruby-2.6.3/gems/factory_bot-6.1.0/lib/factory_bot/factory_runner.rb:28:in `run'[0m
      [36m# /home/ec2-user/.rvm/gems/ruby-2.6.3/gems/factory_bot-6.1.0/lib/factory_bot/strategy_syntax_method_registrar.rb:28:in `block in define_singular_strategy_method'[0m
      [36m# ./spec/system/books_spec.rb:5:in `block (2 levels) in <main>'[0m

  18) 投稿のテスト 編集のテスト 表示の確認 opinion編集フォームが表示される
      [31mFailure/Error: let!(:user2) { create(:user) }[0m
      [31m[0m
      [31mNoMethodError:[0m
      [31m  undefined method `name=' for #<User:0x0000000006ed2500>[0m
      [31m[0m
      [31m[0m
      [31m[0m
      [36m# /home/ec2-user/.rvm/gems/ruby-2.6.3/gems/factory_bot-6.1.0/lib/factory_bot/attribute_assigner.rb:16:in `public_send'[0m
      [36m# /home/ec2-user/.rvm/gems/ruby-2.6.3/gems/factory_bot-6.1.0/lib/factory_bot/attribute_assigner.rb:16:in `block (2 levels) in object'[0m
      [36m# /home/ec2-user/.rvm/gems/ruby-2.6.3/gems/factory_bot-6.1.0/lib/factory_bot/attribute_assigner.rb:15:in `each'[0m
      [36m# /home/ec2-user/.rvm/gems/ruby-2.6.3/gems/factory_bot-6.1.0/lib/factory_bot/attribute_assigner.rb:15:in `block in object'[0m
      [36m# /home/ec2-user/.rvm/gems/ruby-2.6.3/gems/factory_bot-6.1.0/lib/factory_bot/attribute_assigner.rb:14:in `tap'[0m
      [36m# /home/ec2-user/.rvm/gems/ruby-2.6.3/gems/factory_bot-6.1.0/lib/factory_bot/attribute_assigner.rb:14:in `object'[0m
      [36m# /home/ec2-user/.rvm/gems/ruby-2.6.3/gems/factory_bot-6.1.0/lib/factory_bot/evaluation.rb:13:in `object'[0m
      [36m# /home/ec2-user/.rvm/gems/ruby-2.6.3/gems/factory_bot-6.1.0/lib/factory_bot/strategy/create.rb:9:in `result'[0m
      [36m# /home/ec2-user/.rvm/gems/ruby-2.6.3/gems/factory_bot-6.1.0/lib/factory_bot/factory.rb:43:in `run'[0m
      [36m# /home/ec2-user/.rvm/gems/ruby-2.6.3/gems/factory_bot-6.1.0/lib/factory_bot/factory_runner.rb:29:in `block in run'[0m
      [36m# /home/ec2-user/.rvm/gems/ruby-2.6.3/gems/factory_bot-6.1.0/lib/factory_bot/factory_runner.rb:28:in `run'[0m
      [36m# /home/ec2-user/.rvm/gems/ruby-2.6.3/gems/factory_bot-6.1.0/lib/factory_bot/strategy_syntax_method_registrar.rb:28:in `block in define_singular_strategy_method'[0m
      [36m# ./spec/system/books_spec.rb:5:in `block (2 levels) in <main>'[0m

  19) 投稿のテスト 編集のテスト 表示の確認 Showリンクが表示される
      [31mFailure/Error: let!(:user2) { create(:user) }[0m
      [31m[0m
      [31mNoMethodError:[0m
      [31m  undefined method `name=' for #<User:0x0000000006ed8770>[0m
      [31m[0m
      [31m[0m
      [31m[0m
      [36m# /home/ec2-user/.rvm/gems/ruby-2.6.3/gems/factory_bot-6.1.0/lib/factory_bot/attribute_assigner.rb:16:in `public_send'[0m
      [36m# /home/ec2-user/.rvm/gems/ruby-2.6.3/gems/factory_bot-6.1.0/lib/factory_bot/attribute_assigner.rb:16:in `block (2 levels) in object'[0m
      [36m# /home/ec2-user/.rvm/gems/ruby-2.6.3/gems/factory_bot-6.1.0/lib/factory_bot/attribute_assigner.rb:15:in `each'[0m
      [36m# /home/ec2-user/.rvm/gems/ruby-2.6.3/gems/factory_bot-6.1.0/lib/factory_bot/attribute_assigner.rb:15:in `block in object'[0m
      [36m# /home/ec2-user/.rvm/gems/ruby-2.6.3/gems/factory_bot-6.1.0/lib/factory_bot/attribute_assigner.rb:14:in `tap'[0m
      [36m# /home/ec2-user/.rvm/gems/ruby-2.6.3/gems/factory_bot-6.1.0/lib/factory_bot/attribute_assigner.rb:14:in `object'[0m
      [36m# /home/ec2-user/.rvm/gems/ruby-2.6.3/gems/factory_bot-6.1.0/lib/factory_bot/evaluation.rb:13:in `object'[0m
      [36m# /home/ec2-user/.rvm/gems/ruby-2.6.3/gems/factory_bot-6.1.0/lib/factory_bot/strategy/create.rb:9:in `result'[0m
      [36m# /home/ec2-user/.rvm/gems/ruby-2.6.3/gems/factory_bot-6.1.0/lib/factory_bot/factory.rb:43:in `run'[0m
      [36m# /home/ec2-user/.rvm/gems/ruby-2.6.3/gems/factory_bot-6.1.0/lib/factory_bot/factory_runner.rb:29:in `block in run'[0m
      [36m# /home/ec2-user/.rvm/gems/ruby-2.6.3/gems/factory_bot-6.1.0/lib/factory_bot/factory_runner.rb:28:in `run'[0m
      [36m# /home/ec2-user/.rvm/gems/ruby-2.6.3/gems/factory_bot-6.1.0/lib/factory_bot/strategy_syntax_method_registrar.rb:28:in `block in define_singular_strategy_method'[0m
      [36m# ./spec/system/books_spec.rb:5:in `block (2 levels) in <main>'[0m

  20) 投稿のテスト 編集のテスト 表示の確認 Backリンクが表示される
      [31mFailure/Error: let!(:user2) { create(:user) }[0m
      [31m[0m
      [31mNoMethodError:[0m
      [31m  undefined method `name=' for #<User:0x0000000006eea948>[0m
      [31m[0m
      [31m[0m
      [31m[0m
      [36m# /home/ec2-user/.rvm/gems/ruby-2.6.3/gems/factory_bot-6.1.0/lib/factory_bot/attribute_assigner.rb:16:in `public_send'[0m
      [36m# /home/ec2-user/.rvm/gems/ruby-2.6.3/gems/factory_bot-6.1.0/lib/factory_bot/attribute_assigner.rb:16:in `block (2 levels) in object'[0m
      [36m# /home/ec2-user/.rvm/gems/ruby-2.6.3/gems/factory_bot-6.1.0/lib/factory_bot/attribute_assigner.rb:15:in `each'[0m
      [36m# /home/ec2-user/.rvm/gems/ruby-2.6.3/gems/factory_bot-6.1.0/lib/factory_bot/attribute_assigner.rb:15:in `block in object'[0m
      [36m# /home/ec2-user/.rvm/gems/ruby-2.6.3/gems/factory_bot-6.1.0/lib/factory_bot/attribute_assigner.rb:14:in `tap'[0m
      [36m# /home/ec2-user/.rvm/gems/ruby-2.6.3/gems/factory_bot-6.1.0/lib/factory_bot/attribute_assigner.rb:14:in `object'[0m
      [36m# /home/ec2-user/.rvm/gems/ruby-2.6.3/gems/factory_bot-6.1.0/lib/factory_bot/evaluation.rb:13:in `object'[0m
      [36m# /home/ec2-user/.rvm/gems/ruby-2.6.3/gems/factory_bot-6.1.0/lib/factory_bot/strategy/create.rb:9:in `result'[0m
      [36m# /home/ec2-user/.rvm/gems/ruby-2.6.3/gems/factory_bot-6.1.0/lib/factory_bot/factory.rb:43:in `run'[0m
      [36m# /home/ec2-user/.rvm/gems/ruby-2.6.3/gems/factory_bot-6.1.0/lib/factory_bot/factory_runner.rb:29:in `block in run'[0m
      [36m# /home/ec2-user/.rvm/gems/ruby-2.6.3/gems/factory_bot-6.1.0/lib/factory_bot/factory_runner.rb:28:in `run'[0m
      [36m# /home/ec2-user/.rvm/gems/ruby-2.6.3/gems/factory_bot-6.1.0/lib/factory_bot/strategy_syntax_method_registrar.rb:28:in `block in define_singular_strategy_method'[0m
      [36m# ./spec/system/books_spec.rb:5:in `block (2 levels) in <main>'[0m

  21) 投稿のテスト 編集のテスト フォームの確認 編集に成功する
      [31mFailure/Error: let!(:user2) { create(:user) }[0m
      [31m[0m
      [31mNoMethodError:[0m
      [31m  undefined method `name=' for #<User:0x0000000006efbef0>[0m
      [31m[0m
      [31m[0m
      [31m[0m
      [36m# /home/ec2-user/.rvm/gems/ruby-2.6.3/gems/factory_bot-6.1.0/lib/factory_bot/attribute_assigner.rb:16:in `public_send'[0m
      [36m# /home/ec2-user/.rvm/gems/ruby-2.6.3/gems/factory_bot-6.1.0/lib/factory_bot/attribute_assigner.rb:16:in `block (2 levels) in object'[0m
      [36m# /home/ec2-user/.rvm/gems/ruby-2.6.3/gems/factory_bot-6.1.0/lib/factory_bot/attribute_assigner.rb:15:in `each'[0m
      [36m# /home/ec2-user/.rvm/gems/ruby-2.6.3/gems/factory_bot-6.1.0/lib/factory_bot/attribute_assigner.rb:15:in `block in object'[0m
      [36m# /home/ec2-user/.rvm/gems/ruby-2.6.3/gems/factory_bot-6.1.0/lib/factory_bot/attribute_assigner.rb:14:in `tap'[0m
      [36m# /home/ec2-user/.rvm/gems/ruby-2.6.3/gems/factory_bot-6.1.0/lib/factory_bot/attribute_assigner.rb:14:in `object'[0m
      [36m# /home/ec2-user/.rvm/gems/ruby-2.6.3/gems/factory_bot-6.1.0/lib/factory_bot/evaluation.rb:13:in `object'[0m
      [36m# /home/ec2-user/.rvm/gems/ruby-2.6.3/gems/factory_bot-6.1.0/lib/factory_bot/strategy/create.rb:9:in `result'[0m
      [36m# /home/ec2-user/.rvm/gems/ruby-2.6.3/gems/factory_bot-6.1.0/lib/factory_bot/factory.rb:43:in `run'[0m
      [36m# /home/ec2-user/.rvm/gems/ruby-2.6.3/gems/factory_bot-6.1.0/lib/factory_bot/factory_runner.rb:29:in `block in run'[0m
      [36m# /home/ec2-user/.rvm/gems/ruby-2.6.3/gems/factory_bot-6.1.0/lib/factory_bot/factory_runner.rb:28:in `run'[0m
      [36m# /home/ec2-user/.rvm/gems/ruby-2.6.3/gems/factory_bot-6.1.0/lib/factory_bot/strategy_syntax_method_registrar.rb:28:in `block in define_singular_strategy_method'[0m
      [36m# ./spec/system/books_spec.rb:5:in `block (2 levels) in <main>'[0m

  22) 投稿のテスト 編集のテスト フォームの確認 編集に失敗する
      [31mFailure/Error: let!(:user2) { create(:user) }[0m
      [31m[0m
      [31mNoMethodError:[0m
      [31m  undefined method `name=' for #<User:0x0000000006f022a0>[0m
      [31m[0m
      [31m[0m
      [31m[0m
      [36m# /home/ec2-user/.rvm/gems/ruby-2.6.3/gems/factory_bot-6.1.0/lib/factory_bot/attribute_assigner.rb:16:in `public_send'[0m
      [36m# /home/ec2-user/.rvm/gems/ruby-2.6.3/gems/factory_bot-6.1.0/lib/factory_bot/attribute_assigner.rb:16:in `block (2 levels) in object'[0m
      [36m# /home/ec2-user/.rvm/gems/ruby-2.6.3/gems/factory_bot-6.1.0/lib/factory_bot/attribute_assigner.rb:15:in `each'[0m
      [36m# /home/ec2-user/.rvm/gems/ruby-2.6.3/gems/factory_bot-6.1.0/lib/factory_bot/attribute_assigner.rb:15:in `block in object'[0m
      [36m# /home/ec2-user/.rvm/gems/ruby-2.6.3/gems/factory_bot-6.1.0/lib/factory_bot/attribute_assigner.rb:14:in `tap'[0m
      [36m# /home/ec2-user/.rvm/gems/ruby-2.6.3/gems/factory_bot-6.1.0/lib/factory_bot/attribute_assigner.rb:14:in `object'[0m
      [36m# /home/ec2-user/.rvm/gems/ruby-2.6.3/gems/factory_bot-6.1.0/lib/factory_bot/evaluation.rb:13:in `object'[0m
      [36m# /home/ec2-user/.rvm/gems/ruby-2.6.3/gems/factory_bot-6.1.0/lib/factory_bot/strategy/create.rb:9:in `result'[0m
      [36m# /home/ec2-user/.rvm/gems/ruby-2.6.3/gems/factory_bot-6.1.0/lib/factory_bot/factory.rb:43:in `run'[0m
      [36m# /home/ec2-user/.rvm/gems/ruby-2.6.3/gems/factory_bot-6.1.0/lib/factory_bot/factory_runner.rb:29:in `block in run'[0m
      [36m# /home/ec2-user/.rvm/gems/ruby-2.6.3/gems/factory_bot-6.1.0/lib/factory_bot/factory_runner.rb:28:in `run'[0m
      [36m# /home/ec2-user/.rvm/gems/ruby-2.6.3/gems/factory_bot-6.1.0/lib/factory_bot/strategy_syntax_method_registrar.rb:28:in `block in define_singular_strategy_method'[0m
      [36m# ./spec/system/books_spec.rb:5:in `block (2 levels) in <main>'[0m

  23) 投稿のテスト 一覧画面のテスト 表示の確認 Booksと表示される
      [31mFailure/Error: let!(:user2) { create(:user) }[0m
      [31m[0m
      [31mNoMethodError:[0m
      [31m  undefined method `name=' for #<User:0x0000000006f12c90>[0m
      [31m[0m
      [31m[0m
      [31m[0m
      [36m# /home/ec2-user/.rvm/gems/ruby-2.6.3/gems/factory_bot-6.1.0/lib/factory_bot/attribute_assigner.rb:16:in `public_send'[0m
      [36m# /home/ec2-user/.rvm/gems/ruby-2.6.3/gems/factory_bot-6.1.0/lib/factory_bot/attribute_assigner.rb:16:in `block (2 levels) in object'[0m
      [36m# /home/ec2-user/.rvm/gems/ruby-2.6.3/gems/factory_bot-6.1.0/lib/factory_bot/attribute_assigner.rb:15:in `each'[0m
      [36m# /home/ec2-user/.rvm/gems/ruby-2.6.3/gems/factory_bot-6.1.0/lib/factory_bot/attribute_assigner.rb:15:in `block in object'[0m
      [36m# /home/ec2-user/.rvm/gems/ruby-2.6.3/gems/factory_bot-6.1.0/lib/factory_bot/attribute_assigner.rb:14:in `tap'[0m
      [36m# /home/ec2-user/.rvm/gems/ruby-2.6.3/gems/factory_bot-6.1.0/lib/factory_bot/attribute_assigner.rb:14:in `object'[0m
      [36m# /home/ec2-user/.rvm/gems/ruby-2.6.3/gems/factory_bot-6.1.0/lib/factory_bot/evaluation.rb:13:in `object'[0m
      [36m# /home/ec2-user/.rvm/gems/ruby-2.6.3/gems/factory_bot-6.1.0/lib/factory_bot/strategy/create.rb:9:in `result'[0m
      [36m# /home/ec2-user/.rvm/gems/ruby-2.6.3/gems/factory_bot-6.1.0/lib/factory_bot/factory.rb:43:in `run'[0m
      [36m# /home/ec2-user/.rvm/gems/ruby-2.6.3/gems/factory_bot-6.1.0/lib/factory_bot/factory_runner.rb:29:in `block in run'[0m
      [36m# /home/ec2-user/.rvm/gems/ruby-2.6.3/gems/factory_bot-6.1.0/lib/factory_bot/factory_runner.rb:28:in `run'[0m
      [36m# /home/ec2-user/.rvm/gems/ruby-2.6.3/gems/factory_bot-6.1.0/lib/factory_bot/strategy_syntax_method_registrar.rb:28:in `block in define_singular_strategy_method'[0m
      [36m# ./spec/system/books_spec.rb:5:in `block (2 levels) in <main>'[0m

  24) 投稿のテスト 一覧画面のテスト 表示の確認 自分と他人の画像のリンク先が正しい
      [31mFailure/Error: let!(:user2) { create(:user) }[0m
      [31m[0m
      [31mNoMethodError:[0m
      [31m  undefined method `name=' for #<User:0x0000000006f18f78>[0m
      [31m[0m
      [31m[0m
      [31m[0m
      [36m# /home/ec2-user/.rvm/gems/ruby-2.6.3/gems/factory_bot-6.1.0/lib/factory_bot/attribute_assigner.rb:16:in `public_send'[0m
      [36m# /home/ec2-user/.rvm/gems/ruby-2.6.3/gems/factory_bot-6.1.0/lib/factory_bot/attribute_assigner.rb:16:in `block (2 levels) in object'[0m
      [36m# /home/ec2-user/.rvm/gems/ruby-2.6.3/gems/factory_bot-6.1.0/lib/factory_bot/attribute_assigner.rb:15:in `each'[0m
      [36m# /home/ec2-user/.rvm/gems/ruby-2.6.3/gems/factory_bot-6.1.0/lib/factory_bot/attribute_assigner.rb:15:in `block in object'[0m
      [36m# /home/ec2-user/.rvm/gems/ruby-2.6.3/gems/factory_bot-6.1.0/lib/factory_bot/attribute_assigner.rb:14:in `tap'[0m
      [36m# /home/ec2-user/.rvm/gems/ruby-2.6.3/gems/factory_bot-6.1.0/lib/factory_bot/attribute_assigner.rb:14:in `object'[0m
      [36m# /home/ec2-user/.rvm/gems/ruby-2.6.3/gems/factory_bot-6.1.0/lib/factory_bot/evaluation.rb:13:in `object'[0m
      [36m# /home/ec2-user/.rvm/gems/ruby-2.6.3/gems/factory_bot-6.1.0/lib/factory_bot/strategy/create.rb:9:in `result'[0m
      [36m# /home/ec2-user/.rvm/gems/ruby-2.6.3/gems/factory_bot-6.1.0/lib/factory_bot/factory.rb:43:in `run'[0m
      [36m# /home/ec2-user/.rvm/gems/ruby-2.6.3/gems/factory_bot-6.1.0/lib/factory_bot/factory_runner.rb:29:in `block in run'[0m
      [36m# /home/ec2-user/.rvm/gems/ruby-2.6.3/gems/factory_bot-6.1.0/lib/factory_bot/factory_runner.rb:28:in `run'[0m
      [36m# /home/ec2-user/.rvm/gems/ruby-2.6.3/gems/factory_bot-6.1.0/lib/factory_bot/strategy_syntax_method_registrar.rb:28:in `block in define_singular_strategy_method'[0m
      [36m# ./spec/system/books_spec.rb:5:in `block (2 levels) in <main>'[0m

  25) 投稿のテスト 一覧画面のテスト 表示の確認 自分と他人のタイトルのリンク先が正しい
      [31mFailure/Error: let!(:user2) { create(:user) }[0m
      [31m[0m
      [31mNoMethodError:[0m
      [31m  undefined method `name=' for #<User:0x0000000006f2b290>[0m
      [31m[0m
      [31m[0m
      [31m[0m
      [36m# /home/ec2-user/.rvm/gems/ruby-2.6.3/gems/factory_bot-6.1.0/lib/factory_bot/attribute_assigner.rb:16:in `public_send'[0m
      [36m# /home/ec2-user/.rvm/gems/ruby-2.6.3/gems/factory_bot-6.1.0/lib/factory_bot/attribute_assigner.rb:16:in `block (2 levels) in object'[0m
      [36m# /home/ec2-user/.rvm/gems/ruby-2.6.3/gems/factory_bot-6.1.0/lib/factory_bot/attribute_assigner.rb:15:in `each'[0m
      [36m# /home/ec2-user/.rvm/gems/ruby-2.6.3/gems/factory_bot-6.1.0/lib/factory_bot/attribute_assigner.rb:15:in `block in object'[0m
      [36m# /home/ec2-user/.rvm/gems/ruby-2.6.3/gems/factory_bot-6.1.0/lib/factory_bot/attribute_assigner.rb:14:in `tap'[0m
      [36m# /home/ec2-user/.rvm/gems/ruby-2.6.3/gems/factory_bot-6.1.0/lib/factory_bot/attribute_assigner.rb:14:in `object'[0m
      [36m# /home/ec2-user/.rvm/gems/ruby-2.6.3/gems/factory_bot-6.1.0/lib/factory_bot/evaluation.rb:13:in `object'[0m
      [36m# /home/ec2-user/.rvm/gems/ruby-2.6.3/gems/factory_bot-6.1.0/lib/factory_bot/strategy/create.rb:9:in `result'[0m
      [36m# /home/ec2-user/.rvm/gems/ruby-2.6.3/gems/factory_bot-6.1.0/lib/factory_bot/factory.rb:43:in `run'[0m
      [36m# /home/ec2-user/.rvm/gems/ruby-2.6.3/gems/factory_bot-6.1.0/lib/factory_bot/factory_runner.rb:29:in `block in run'[0m
      [36m# /home/ec2-user/.rvm/gems/ruby-2.6.3/gems/factory_bot-6.1.0/lib/factory_bot/factory_runner.rb:28:in `run'[0m
      [36m# /home/ec2-user/.rvm/gems/ruby-2.6.3/gems/factory_bot-6.1.0/lib/factory_bot/strategy_syntax_method_registrar.rb:28:in `block in define_singular_strategy_method'[0m
      [36m# ./spec/system/books_spec.rb:5:in `block (2 levels) in <main>'[0m

  26) 投稿のテスト 一覧画面のテスト 表示の確認 自分と他人のオピニオンが表示される
      [31mFailure/Error: let!(:user2) { create(:user) }[0m
      [31m[0m
      [31mNoMethodError:[0m
      [31m  undefined method `name=' for #<User:0x0000000006f31618>[0m
      [31m[0m
      [31m[0m
      [31m[0m
      [36m# /home/ec2-user/.rvm/gems/ruby-2.6.3/gems/factory_bot-6.1.0/lib/factory_bot/attribute_assigner.rb:16:in `public_send'[0m
      [36m# /home/ec2-user/.rvm/gems/ruby-2.6.3/gems/factory_bot-6.1.0/lib/factory_bot/attribute_assigner.rb:16:in `block (2 levels) in object'[0m
      [36m# /home/ec2-user/.rvm/gems/ruby-2.6.3/gems/factory_bot-6.1.0/lib/factory_bot/attribute_assigner.rb:15:in `each'[0m
      [36m# /home/ec2-user/.rvm/gems/ruby-2.6.3/gems/factory_bot-6.1.0/lib/factory_bot/attribute_assigner.rb:15:in `block in object'[0m
      [36m# /home/ec2-user/.rvm/gems/ruby-2.6.3/gems/factory_bot-6.1.0/lib/factory_bot/attribute_assigner.rb:14:in `tap'[0m
      [36m# /home/ec2-user/.rvm/gems/ruby-2.6.3/gems/factory_bot-6.1.0/lib/factory_bot/attribute_assigner.rb:14:in `object'[0m
      [36m# /home/ec2-user/.rvm/gems/ruby-2.6.3/gems/factory_bot-6.1.0/lib/factory_bot/evaluation.rb:13:in `object'[0m
      [36m# /home/ec2-user/.rvm/gems/ruby-2.6.3/gems/factory_bot-6.1.0/lib/factory_bot/strategy/create.rb:9:in `result'[0m
      [36m# /home/ec2-user/.rvm/gems/ruby-2.6.3/gems/factory_bot-6.1.0/lib/factory_bot/factory.rb:43:in `run'[0m
      [36m# /home/ec2-user/.rvm/gems/ruby-2.6.3/gems/factory_bot-6.1.0/lib/factory_bot/factory_runner.rb:29:in `block in run'[0m
      [36m# /home/ec2-user/.rvm/gems/ruby-2.6.3/gems/factory_bot-6.1.0/lib/factory_bot/factory_runner.rb:28:in `run'[0m
      [36m# /home/ec2-user/.rvm/gems/ruby-2.6.3/gems/factory_bot-6.1.0/lib/factory_bot/strategy_syntax_method_registrar.rb:28:in `block in define_singular_strategy_method'[0m
      [36m# ./spec/system/books_spec.rb:5:in `block (2 levels) in <main>'[0m

  27) 投稿のテスト 詳細画面のテスト 自分・他人共通の投稿詳細画面の表示を確認 Book detailと表示される
      [31mFailure/Error: let!(:user2) { create(:user) }[0m
      [31m[0m
      [31mNoMethodError:[0m
      [31m  undefined method `name=' for #<User:0x0000000006f45fc8>[0m
      [31m[0m
      [31m[0m
      [31m[0m
      [36m# /home/ec2-user/.rvm/gems/ruby-2.6.3/gems/factory_bot-6.1.0/lib/factory_bot/attribute_assigner.rb:16:in `public_send'[0m
      [36m# /home/ec2-user/.rvm/gems/ruby-2.6.3/gems/factory_bot-6.1.0/lib/factory_bot/attribute_assigner.rb:16:in `block (2 levels) in object'[0m
      [36m# /home/ec2-user/.rvm/gems/ruby-2.6.3/gems/factory_bot-6.1.0/lib/factory_bot/attribute_assigner.rb:15:in `each'[0m
      [36m# /home/ec2-user/.rvm/gems/ruby-2.6.3/gems/factory_bot-6.1.0/lib/factory_bot/attribute_assigner.rb:15:in `block in object'[0m
      [36m# /home/ec2-user/.rvm/gems/ruby-2.6.3/gems/factory_bot-6.1.0/lib/factory_bot/attribute_assigner.rb:14:in `tap'[0m
      [36m# /home/ec2-user/.rvm/gems/ruby-2.6.3/gems/factory_bot-6.1.0/lib/factory_bot/attribute_assigner.rb:14:in `object'[0m
      [36m# /home/ec2-user/.rvm/gems/ruby-2.6.3/gems/factory_bot-6.1.0/lib/factory_bot/evaluation.rb:13:in `object'[0m
      [36m# /home/ec2-user/.rvm/gems/ruby-2.6.3/gems/factory_bot-6.1.0/lib/factory_bot/strategy/create.rb:9:in `result'[0m
      [36m# /home/ec2-user/.rvm/gems/ruby-2.6.3/gems/factory_bot-6.1.0/lib/factory_bot/factory.rb:43:in `run'[0m
      [36m# /home/ec2-user/.rvm/gems/ruby-2.6.3/gems/factory_bot-6.1.0/lib/factory_bot/factory_runner.rb:29:in `block in run'[0m
      [36m# /home/ec2-user/.rvm/gems/ruby-2.6.3/gems/factory_bot-6.1.0/lib/factory_bot/factory_runner.rb:28:in `run'[0m
      [36m# /home/ec2-user/.rvm/gems/ruby-2.6.3/gems/factory_bot-6.1.0/lib/factory_bot/strategy_syntax_method_registrar.rb:28:in `block in define_singular_strategy_method'[0m
      [36m# ./spec/system/books_spec.rb:5:in `block (2 levels) in <main>'[0m

  28) 投稿のテスト 詳細画面のテスト 自分・他人共通の投稿詳細画面の表示を確認 ユーザー画像・名前のリンク先が正しい
      [31mFailure/Error: let!(:user2) { create(:user) }[0m
      [31m[0m
      [31mNoMethodError:[0m
      [31m  undefined method `name=' for #<User:0x0000000006f4c288>[0m
      [31m[0m
      [31m[0m
      [31m[0m
      [36m# /home/ec2-user/.rvm/gems/ruby-2.6.3/gems/factory_bot-6.1.0/lib/factory_bot/attribute_assigner.rb:16:in `public_send'[0m
      [36m# /home/ec2-user/.rvm/gems/ruby-2.6.3/gems/factory_bot-6.1.0/lib/factory_bot/attribute_assigner.rb:16:in `block (2 levels) in object'[0m
      [36m# /home/ec2-user/.rvm/gems/ruby-2.6.3/gems/factory_bot-6.1.0/lib/factory_bot/attribute_assigner.rb:15:in `each'[0m
      [36m# /home/ec2-user/.rvm/gems/ruby-2.6.3/gems/factory_bot-6.1.0/lib/factory_bot/attribute_assigner.rb:15:in `block in object'[0m
      [36m# /home/ec2-user/.rvm/gems/ruby-2.6.3/gems/factory_bot-6.1.0/lib/factory_bot/attribute_assigner.rb:14:in `tap'[0m
      [36m# /home/ec2-user/.rvm/gems/ruby-2.6.3/gems/factory_bot-6.1.0/lib/factory_bot/attribute_assigner.rb:14:in `object'[0m
      [36m# /home/ec2-user/.rvm/gems/ruby-2.6.3/gems/factory_bot-6.1.0/lib/factory_bot/evaluation.rb:13:in `object'[0m
      [36m# /home/ec2-user/.rvm/gems/ruby-2.6.3/gems/factory_bot-6.1.0/lib/factory_bot/strategy/create.rb:9:in `result'[0m
      [36m# /home/ec2-user/.rvm/gems/ruby-2.6.3/gems/factory_bot-6.1.0/lib/factory_bot/factory.rb:43:in `run'[0m
      [36m# /home/ec2-user/.rvm/gems/ruby-2.6.3/gems/factory_bot-6.1.0/lib/factory_bot/factory_runner.rb:29:in `block in run'[0m
      [36m# /home/ec2-user/.rvm/gems/ruby-2.6.3/gems/factory_bot-6.1.0/lib/factory_bot/factory_runner.rb:28:in `run'[0m
      [36m# /home/ec2-user/.rvm/gems/ruby-2.6.3/gems/factory_bot-6.1.0/lib/factory_bot/strategy_syntax_method_registrar.rb:28:in `block in define_singular_strategy_method'[0m
      [36m# ./spec/system/books_spec.rb:5:in `block (2 levels) in <main>'[0m

  29) 投稿のテスト 詳細画面のテスト 自分・他人共通の投稿詳細画面の表示を確認 投稿のtitleが表示される
      [31mFailure/Error: let!(:user2) { create(:user) }[0m
      [31m[0m
      [31mNoMethodError:[0m
      [31m  undefined method `name=' for #<User:0x0000000006f5e5a0>[0m
      [31m[0m
      [31m[0m
      [31m[0m
      [36m# /home/ec2-user/.rvm/gems/ruby-2.6.3/gems/factory_bot-6.1.0/lib/factory_bot/attribute_assigner.rb:16:in `public_send'[0m
      [36m# /home/ec2-user/.rvm/gems/ruby-2.6.3/gems/factory_bot-6.1.0/lib/factory_bot/attribute_assigner.rb:16:in `block (2 levels) in object'[0m
      [36m# /home/ec2-user/.rvm/gems/ruby-2.6.3/gems/factory_bot-6.1.0/lib/factory_bot/attribute_assigner.rb:15:in `each'[0m
      [36m# /home/ec2-user/.rvm/gems/ruby-2.6.3/gems/factory_bot-6.1.0/lib/factory_bot/attribute_assigner.rb:15:in `block in object'[0m
      [36m# /home/ec2-user/.rvm/gems/ruby-2.6.3/gems/factory_bot-6.1.0/lib/factory_bot/attribute_assigner.rb:14:in `tap'[0m
      [36m# /home/ec2-user/.rvm/gems/ruby-2.6.3/gems/factory_bot-6.1.0/lib/factory_bot/attribute_assigner.rb:14:in `object'[0m
      [36m# /home/ec2-user/.rvm/gems/ruby-2.6.3/gems/factory_bot-6.1.0/lib/factory_bot/evaluation.rb:13:in `object'[0m
      [36m# /home/ec2-user/.rvm/gems/ruby-2.6.3/gems/factory_bot-6.1.0/lib/factory_bot/strategy/create.rb:9:in `result'[0m
      [36m# /home/ec2-user/.rvm/gems/ruby-2.6.3/gems/factory_bot-6.1.0/lib/factory_bot/factory.rb:43:in `run'[0m
      [36m# /home/ec2-user/.rvm/gems/ruby-2.6.3/gems/factory_bot-6.1.0/lib/factory_bot/factory_runner.rb:29:in `block in run'[0m
      [36m# /home/ec2-user/.rvm/gems/ruby-2.6.3/gems/factory_bot-6.1.0/lib/factory_bot/factory_runner.rb:28:in `run'[0m
      [36m# /home/ec2-user/.rvm/gems/ruby-2.6.3/gems/factory_bot-6.1.0/lib/factory_bot/strategy_syntax_method_registrar.rb:28:in `block in define_singular_strategy_method'[0m
      [36m# ./spec/system/books_spec.rb:5:in `block (2 levels) in <main>'[0m

  30) 投稿のテスト 詳細画面のテスト 自分・他人共通の投稿詳細画面の表示を確認 投稿のopinionが表示される
      [31mFailure/Error: let!(:user2) { create(:user) }[0m
      [31m[0m
      [31mNoMethodError:[0m
      [31m  undefined method `name=' for #<User:0x0000000006f64928>[0m
      [31m[0m
      [31m[0m
      [31m[0m
      [36m# /home/ec2-user/.rvm/gems/ruby-2.6.3/gems/factory_bot-6.1.0/lib/factory_bot/attribute_assigner.rb:16:in `public_send'[0m
      [36m# /home/ec2-user/.rvm/gems/ruby-2.6.3/gems/factory_bot-6.1.0/lib/factory_bot/attribute_assigner.rb:16:in `block (2 levels) in object'[0m
      [36m# /home/ec2-user/.rvm/gems/ruby-2.6.3/gems/factory_bot-6.1.0/lib/factory_bot/attribute_assigner.rb:15:in `each'[0m
      [36m# /home/ec2-user/.rvm/gems/ruby-2.6.3/gems/factory_bot-6.1.0/lib/factory_bot/attribute_assigner.rb:15:in `block in object'[0m
      [36m# /home/ec2-user/.rvm/gems/ruby-2.6.3/gems/factory_bot-6.1.0/lib/factory_bot/attribute_assigner.rb:14:in `tap'[0m
      [36m# /home/ec2-user/.rvm/gems/ruby-2.6.3/gems/factory_bot-6.1.0/lib/factory_bot/attribute_assigner.rb:14:in `object'[0m
      [36m# /home/ec2-user/.rvm/gems/ruby-2.6.3/gems/factory_bot-6.1.0/lib/factory_bot/evaluation.rb:13:in `object'[0m
      [36m# /home/ec2-user/.rvm/gems/ruby-2.6.3/gems/factory_bot-6.1.0/lib/factory_bot/strategy/create.rb:9:in `result'[0m
      [36m# /home/ec2-user/.rvm/gems/ruby-2.6.3/gems/factory_bot-6.1.0/lib/factory_bot/factory.rb:43:in `run'[0m
      [36m# /home/ec2-user/.rvm/gems/ruby-2.6.3/gems/factory_bot-6.1.0/lib/factory_bot/factory_runner.rb:29:in `block in run'[0m
      [36m# /home/ec2-user/.rvm/gems/ruby-2.6.3/gems/factory_bot-6.1.0/lib/factory_bot/factory_runner.rb:28:in `run'[0m
      [36m# /home/ec2-user/.rvm/gems/ruby-2.6.3/gems/factory_bot-6.1.0/lib/factory_bot/strategy_syntax_method_registrar.rb:28:in `block in define_singular_strategy_method'[0m
      [36m# ./spec/system/books_spec.rb:5:in `block (2 levels) in <main>'[0m

  31) 投稿のテスト 詳細画面のテスト 自分の投稿詳細画面の表示を確認 投稿の編集リンクが表示される
      [31mFailure/Error: let!(:user2) { create(:user) }[0m
      [31m[0m
      [31mNoMethodError:[0m
      [31m  undefined method `name=' for #<User:0x0000000006f75f98>[0m
      [31m[0m
      [31m[0m
      [31m[0m
      [36m# /home/ec2-user/.rvm/gems/ruby-2.6.3/gems/factory_bot-6.1.0/lib/factory_bot/attribute_assigner.rb:16:in `public_send'[0m
      [36m# /home/ec2-user/.rvm/gems/ruby-2.6.3/gems/factory_bot-6.1.0/lib/factory_bot/attribute_assigner.rb:16:in `block (2 levels) in object'[0m
      [36m# /home/ec2-user/.rvm/gems/ruby-2.6.3/gems/factory_bot-6.1.0/lib/factory_bot/attribute_assigner.rb:15:in `each'[0m
      [36m# /home/ec2-user/.rvm/gems/ruby-2.6.3/gems/factory_bot-6.1.0/lib/factory_bot/attribute_assigner.rb:15:in `block in object'[0m
      [36m# /home/ec2-user/.rvm/gems/ruby-2.6.3/gems/factory_bot-6.1.0/lib/factory_bot/attribute_assigner.rb:14:in `tap'[0m
      [36m# /home/ec2-user/.rvm/gems/ruby-2.6.3/gems/factory_bot-6.1.0/lib/factory_bot/attribute_assigner.rb:14:in `object'[0m
      [36m# /home/ec2-user/.rvm/gems/ruby-2.6.3/gems/factory_bot-6.1.0/lib/factory_bot/evaluation.rb:13:in `object'[0m
      [36m# /home/ec2-user/.rvm/gems/ruby-2.6.3/gems/factory_bot-6.1.0/lib/factory_bot/strategy/create.rb:9:in `result'[0m
      [36m# /home/ec2-user/.rvm/gems/ruby-2.6.3/gems/factory_bot-6.1.0/lib/factory_bot/factory.rb:43:in `run'[0m
      [36m# /home/ec2-user/.rvm/gems/ruby-2.6.3/gems/factory_bot-6.1.0/lib/factory_bot/factory_runner.rb:29:in `block in run'[0m
      [36m# /home/ec2-user/.rvm/gems/ruby-2.6.3/gems/factory_bot-6.1.0/lib/factory_bot/factory_runner.rb:28:in `run'[0m
      [36m# /home/ec2-user/.rvm/gems/ruby-2.6.3/gems/factory_bot-6.1.0/lib/factory_bot/strategy_syntax_method_registrar.rb:28:in `block in define_singular_strategy_method'[0m
      [36m# ./spec/system/books_spec.rb:5:in `block (2 levels) in <main>'[0m

  32) 投稿のテスト 詳細画面のテスト 自分の投稿詳細画面の表示を確認 投稿の削除リンクが表示される
      [31mFailure/Error: let!(:user2) { create(:user) }[0m
      [31m[0m
      [31mNoMethodError:[0m
      [31m  undefined method `name=' for #<User:0x0000000006f7c2f8>[0m
      [31m[0m
      [31m[0m
      [31m[0m
      [36m# /home/ec2-user/.rvm/gems/ruby-2.6.3/gems/factory_bot-6.1.0/lib/factory_bot/attribute_assigner.rb:16:in `public_send'[0m
      [36m# /home/ec2-user/.rvm/gems/ruby-2.6.3/gems/factory_bot-6.1.0/lib/factory_bot/attribute_assigner.rb:16:in `block (2 levels) in object'[0m
      [36m# /home/ec2-user/.rvm/gems/ruby-2.6.3/gems/factory_bot-6.1.0/lib/factory_bot/attribute_assigner.rb:15:in `each'[0m
      [36m# /home/ec2-user/.rvm/gems/ruby-2.6.3/gems/factory_bot-6.1.0/lib/factory_bot/attribute_assigner.rb:15:in `block in object'[0m
      [36m# /home/ec2-user/.rvm/gems/ruby-2.6.3/gems/factory_bot-6.1.0/lib/factory_bot/attribute_assigner.rb:14:in `tap'[0m
      [36m# /home/ec2-user/.rvm/gems/ruby-2.6.3/gems/factory_bot-6.1.0/lib/factory_bot/attribute_assigner.rb:14:in `object'[0m
      [36m# /home/ec2-user/.rvm/gems/ruby-2.6.3/gems/factory_bot-6.1.0/lib/factory_bot/evaluation.rb:13:in `object'[0m
      [36m# /home/ec2-user/.rvm/gems/ruby-2.6.3/gems/factory_bot-6.1.0/lib/factory_bot/strategy/create.rb:9:in `result'[0m
      [36m# /home/ec2-user/.rvm/gems/ruby-2.6.3/gems/factory_bot-6.1.0/lib/factory_bot/factory.rb:43:in `run'[0m
      [36m# /home/ec2-user/.rvm/gems/ruby-2.6.3/gems/factory_bot-6.1.0/lib/factory_bot/factory_runner.rb:29:in `block in run'[0m
      [36m# /home/ec2-user/.rvm/gems/ruby-2.6.3/gems/factory_bot-6.1.0/lib/factory_bot/factory_runner.rb:28:in `run'[0m
      [36m# /home/ec2-user/.rvm/gems/ruby-2.6.3/gems/factory_bot-6.1.0/lib/factory_bot/strategy_syntax_method_registrar.rb:28:in `block in define_singular_strategy_method'[0m
      [36m# ./spec/system/books_spec.rb:5:in `block (2 levels) in <main>'[0m

  33) 投稿のテスト 詳細画面のテスト 他人の投稿詳細画面の表示を確認 投稿の編集リンクが表示されない
      [31mFailure/Error: let!(:user2) { create(:user) }[0m
      [31m[0m
      [31mNoMethodError:[0m
      [31m  undefined method `name=' for #<User:0x0000000006f8d968>[0m
      [31m[0m
      [31m[0m
      [31m[0m
      [36m# /home/ec2-user/.rvm/gems/ruby-2.6.3/gems/factory_bot-6.1.0/lib/factory_bot/attribute_assigner.rb:16:in `public_send'[0m
      [36m# /home/ec2-user/.rvm/gems/ruby-2.6.3/gems/factory_bot-6.1.0/lib/factory_bot/attribute_assigner.rb:16:in `block (2 levels) in object'[0m
      [36m# /home/ec2-user/.rvm/gems/ruby-2.6.3/gems/factory_bot-6.1.0/lib/factory_bot/attribute_assigner.rb:15:in `each'[0m
      [36m# /home/ec2-user/.rvm/gems/ruby-2.6.3/gems/factory_bot-6.1.0/lib/factory_bot/attribute_assigner.rb:15:in `block in object'[0m
      [36m# /home/ec2-user/.rvm/gems/ruby-2.6.3/gems/factory_bot-6.1.0/lib/factory_bot/attribute_assigner.rb:14:in `tap'[0m
      [36m# /home/ec2-user/.rvm/gems/ruby-2.6.3/gems/factory_bot-6.1.0/lib/factory_bot/attribute_assigner.rb:14:in `object'[0m
      [36m# /home/ec2-user/.rvm/gems/ruby-2.6.3/gems/factory_bot-6.1.0/lib/factory_bot/evaluation.rb:13:in `object'[0m
      [36m# /home/ec2-user/.rvm/gems/ruby-2.6.3/gems/factory_bot-6.1.0/lib/factory_bot/strategy/create.rb:9:in `result'[0m
      [36m# /home/ec2-user/.rvm/gems/ruby-2.6.3/gems/factory_bot-6.1.0/lib/factory_bot/factory.rb:43:in `run'[0m
      [36m# /home/ec2-user/.rvm/gems/ruby-2.6.3/gems/factory_bot-6.1.0/lib/factory_bot/factory_runner.rb:29:in `block in run'[0m
      [36m# /home/ec2-user/.rvm/gems/ruby-2.6.3/gems/factory_bot-6.1.0/lib/factory_bot/factory_runner.rb:28:in `run'[0m
      [36m# /home/ec2-user/.rvm/gems/ruby-2.6.3/gems/factory_bot-6.1.0/lib/factory_bot/strategy_syntax_method_registrar.rb:28:in `block in define_singular_strategy_method'[0m
      [36m# ./spec/system/books_spec.rb:5:in `block (2 levels) in <main>'[0m

  34) 投稿のテスト 詳細画面のテスト 他人の投稿詳細画面の表示を確認 投稿の削除リンクが表示されない
      [31mFailure/Error: let!(:user2) { create(:user) }[0m
      [31m[0m
      [31mNoMethodError:[0m
      [31m  undefined method `name=' for #<User:0x0000000006f9fc80>[0m
      [31m[0m
      [31m[0m
      [31m[0m
      [36m# /home/ec2-user/.rvm/gems/ruby-2.6.3/gems/factory_bot-6.1.0/lib/factory_bot/attribute_assigner.rb:16:in `public_send'[0m
      [36m# /home/ec2-user/.rvm/gems/ruby-2.6.3/gems/factory_bot-6.1.0/lib/factory_bot/attribute_assigner.rb:16:in `block (2 levels) in object'[0m
      [36m# /home/ec2-user/.rvm/gems/ruby-2.6.3/gems/factory_bot-6.1.0/lib/factory_bot/attribute_assigner.rb:15:in `each'[0m
      [36m# /home/ec2-user/.rvm/gems/ruby-2.6.3/gems/factory_bot-6.1.0/lib/factory_bot/attribute_assigner.rb:15:in `block in object'[0m
      [36m# /home/ec2-user/.rvm/gems/ruby-2.6.3/gems/factory_bot-6.1.0/lib/factory_bot/attribute_assigner.rb:14:in `tap'[0m
      [36m# /home/ec2-user/.rvm/gems/ruby-2.6.3/gems/factory_bot-6.1.0/lib/factory_bot/attribute_assigner.rb:14:in `object'[0m
      [36m# /home/ec2-user/.rvm/gems/ruby-2.6.3/gems/factory_bot-6.1.0/lib/factory_bot/evaluation.rb:13:in `object'[0m
      [36m# /home/ec2-user/.rvm/gems/ruby-2.6.3/gems/factory_bot-6.1.0/lib/factory_bot/strategy/create.rb:9:in `result'[0m
      [36m# /home/ec2-user/.rvm/gems/ruby-2.6.3/gems/factory_bot-6.1.0/lib/factory_bot/factory.rb:43:in `run'[0m
      [36m# /home/ec2-user/.rvm/gems/ruby-2.6.3/gems/factory_bot-6.1.0/lib/factory_bot/factory_runner.rb:29:in `block in run'[0m
      [36m# /home/ec2-user/.rvm/gems/ruby-2.6.3/gems/factory_bot-6.1.0/lib/factory_bot/factory_runner.rb:28:in `run'[0m
      [36m# /home/ec2-user/.rvm/gems/ruby-2.6.3/gems/factory_bot-6.1.0/lib/factory_bot/strategy_syntax_method_registrar.rb:28:in `block in define_singular_strategy_method'[0m
      [36m# ./spec/system/books_spec.rb:5:in `block (2 levels) in <main>'[0m

  35) bootstrapのテスト グリッドシステムのテスト ユーザー関連画面 一覧画面
      [31mFailure/Error: let(:user) { create(:user) }[0m
      [31m[0m
      [31mNoMethodError:[0m
      [31m  undefined method `name=' for #<User:0x0000000006faf5e0>[0m
      [31m[0m
      [31m[0m
      [31m[0m
      [36m# /home/ec2-user/.rvm/gems/ruby-2.6.3/gems/factory_bot-6.1.0/lib/factory_bot/attribute_assigner.rb:16:in `public_send'[0m
      [36m# /home/ec2-user/.rvm/gems/ruby-2.6.3/gems/factory_bot-6.1.0/lib/factory_bot/attribute_assigner.rb:16:in `block (2 levels) in object'[0m
      [36m# /home/ec2-user/.rvm/gems/ruby-2.6.3/gems/factory_bot-6.1.0/lib/factory_bot/attribute_assigner.rb:15:in `each'[0m
      [36m# /home/ec2-user/.rvm/gems/ruby-2.6.3/gems/factory_bot-6.1.0/lib/factory_bot/attribute_assigner.rb:15:in `block in object'[0m
      [36m# /home/ec2-user/.rvm/gems/ruby-2.6.3/gems/factory_bot-6.1.0/lib/factory_bot/attribute_assigner.rb:14:in `tap'[0m
      [36m# /home/ec2-user/.rvm/gems/ruby-2.6.3/gems/factory_bot-6.1.0/lib/factory_bot/attribute_assigner.rb:14:in `object'[0m
      [36m# /home/ec2-user/.rvm/gems/ruby-2.6.3/gems/factory_bot-6.1.0/lib/factory_bot/evaluation.rb:13:in `object'[0m
      [36m# /home/ec2-user/.rvm/gems/ruby-2.6.3/gems/factory_bot-6.1.0/lib/factory_bot/strategy/create.rb:9:in `result'[0m
      [36m# /home/ec2-user/.rvm/gems/ruby-2.6.3/gems/factory_bot-6.1.0/lib/factory_bot/factory.rb:43:in `run'[0m
      [36m# /home/ec2-user/.rvm/gems/ruby-2.6.3/gems/factory_bot-6.1.0/lib/factory_bot/factory_runner.rb:29:in `block in run'[0m
      [36m# /home/ec2-user/.rvm/gems/ruby-2.6.3/gems/factory_bot-6.1.0/lib/factory_bot/factory_runner.rb:28:in `run'[0m
      [36m# /home/ec2-user/.rvm/gems/ruby-2.6.3/gems/factory_bot-6.1.0/lib/factory_bot/strategy_syntax_method_registrar.rb:28:in `block in define_singular_strategy_method'[0m
      [36m# ./spec/system/bootstrap_spec.rb:4:in `block (2 levels) in <main>'[0m
      [36m# ./spec/system/bootstrap_spec.rb:5:in `block (2 levels) in <main>'[0m

  36) bootstrapのテスト グリッドシステムのテスト ユーザー関連画面 詳細画面
      [31mFailure/Error: let(:user) { create(:user) }[0m
      [31m[0m
      [31mNoMethodError:[0m
      [31m  undefined method `name=' for #<User:0x0000000006fb5620>[0m
      [31m[0m
      [31m[0m
      [31m[0m
      [36m# /home/ec2-user/.rvm/gems/ruby-2.6.3/gems/factory_bot-6.1.0/lib/factory_bot/attribute_assigner.rb:16:in `public_send'[0m
      [36m# /home/ec2-user/.rvm/gems/ruby-2.6.3/gems/factory_bot-6.1.0/lib/factory_bot/attribute_assigner.rb:16:in `block (2 levels) in object'[0m
      [36m# /home/ec2-user/.rvm/gems/ruby-2.6.3/gems/factory_bot-6.1.0/lib/factory_bot/attribute_assigner.rb:15:in `each'[0m
      [36m# /home/ec2-user/.rvm/gems/ruby-2.6.3/gems/factory_bot-6.1.0/lib/factory_bot/attribute_assigner.rb:15:in `block in object'[0m
      [36m# /home/ec2-user/.rvm/gems/ruby-2.6.3/gems/factory_bot-6.1.0/lib/factory_bot/attribute_assigner.rb:14:in `tap'[0m
      [36m# /home/ec2-user/.rvm/gems/ruby-2.6.3/gems/factory_bot-6.1.0/lib/factory_bot/attribute_assigner.rb:14:in `object'[0m
      [36m# /home/ec2-user/.rvm/gems/ruby-2.6.3/gems/factory_bot-6.1.0/lib/factory_bot/evaluation.rb:13:in `object'[0m
      [36m# /home/ec2-user/.rvm/gems/ruby-2.6.3/gems/factory_bot-6.1.0/lib/factory_bot/strategy/create.rb:9:in `result'[0m
      [36m# /home/ec2-user/.rvm/gems/ruby-2.6.3/gems/factory_bot-6.1.0/lib/factory_bot/factory.rb:43:in `run'[0m
      [36m# /home/ec2-user/.rvm/gems/ruby-2.6.3/gems/factory_bot-6.1.0/lib/factory_bot/factory_runner.rb:29:in `block in run'[0m
      [36m# /home/ec2-user/.rvm/gems/ruby-2.6.3/gems/factory_bot-6.1.0/lib/factory_bot/factory_runner.rb:28:in `run'[0m
      [36m# /home/ec2-user/.rvm/gems/ruby-2.6.3/gems/factory_bot-6.1.0/lib/factory_bot/strategy_syntax_method_registrar.rb:28:in `block in define_singular_strategy_method'[0m
      [36m# ./spec/system/bootstrap_spec.rb:4:in `block (2 levels) in <main>'[0m
      [36m# ./spec/system/bootstrap_spec.rb:5:in `block (2 levels) in <main>'[0m

  37) bootstrapのテスト グリッドシステムのテスト 投稿関連画面 一覧画面
      [31mFailure/Error: let(:user) { create(:user) }[0m
      [31m[0m
      [31mNoMethodError:[0m
      [31m  undefined method `name=' for #<User:0x0000000006fc6a60>[0m
      [31m[0m
      [31m[0m
      [31m[0m
      [36m# /home/ec2-user/.rvm/gems/ruby-2.6.3/gems/factory_bot-6.1.0/lib/factory_bot/attribute_assigner.rb:16:in `public_send'[0m
      [36m# /home/ec2-user/.rvm/gems/ruby-2.6.3/gems/factory_bot-6.1.0/lib/factory_bot/attribute_assigner.rb:16:in `block (2 levels) in object'[0m
      [36m# /home/ec2-user/.rvm/gems/ruby-2.6.3/gems/factory_bot-6.1.0/lib/factory_bot/attribute_assigner.rb:15:in `each'[0m
      [36m# /home/ec2-user/.rvm/gems/ruby-2.6.3/gems/factory_bot-6.1.0/lib/factory_bot/attribute_assigner.rb:15:in `block in object'[0m
      [36m# /home/ec2-user/.rvm/gems/ruby-2.6.3/gems/factory_bot-6.1.0/lib/factory_bot/attribute_assigner.rb:14:in `tap'[0m
      [36m# /home/ec2-user/.rvm/gems/ruby-2.6.3/gems/factory_bot-6.1.0/lib/factory_bot/attribute_assigner.rb:14:in `object'[0m
      [36m# /home/ec2-user/.rvm/gems/ruby-2.6.3/gems/factory_bot-6.1.0/lib/factory_bot/evaluation.rb:13:in `object'[0m
      [36m# /home/ec2-user/.rvm/gems/ruby-2.6.3/gems/factory_bot-6.1.0/lib/factory_bot/strategy/create.rb:9:in `result'[0m
      [36m# /home/ec2-user/.rvm/gems/ruby-2.6.3/gems/factory_bot-6.1.0/lib/factory_bot/factory.rb:43:in `run'[0m
      [36m# /home/ec2-user/.rvm/gems/ruby-2.6.3/gems/factory_bot-6.1.0/lib/factory_bot/factory_runner.rb:29:in `block in run'[0m
      [36m# /home/ec2-user/.rvm/gems/ruby-2.6.3/gems/factory_bot-6.1.0/lib/factory_bot/factory_runner.rb:28:in `run'[0m
      [36m# /home/ec2-user/.rvm/gems/ruby-2.6.3/gems/factory_bot-6.1.0/lib/factory_bot/strategy_syntax_method_registrar.rb:28:in `block in define_singular_strategy_method'[0m
      [36m# ./spec/system/bootstrap_spec.rb:4:in `block (2 levels) in <main>'[0m
      [36m# ./spec/system/bootstrap_spec.rb:5:in `block (2 levels) in <main>'[0m

  38) bootstrapのテスト グリッドシステムのテスト 投稿関連画面 詳細画面
      [31mFailure/Error: let(:user) { create(:user) }[0m
      [31m[0m
      [31mNoMethodError:[0m
      [31m  undefined method `name=' for #<User:0x0000000006fd0c40>[0m
      [31m[0m
      [31m[0m
      [31m[0m
      [36m# /home/ec2-user/.rvm/gems/ruby-2.6.3/gems/factory_bot-6.1.0/lib/factory_bot/attribute_assigner.rb:16:in `public_send'[0m
      [36m# /home/ec2-user/.rvm/gems/ruby-2.6.3/gems/factory_bot-6.1.0/lib/factory_bot/attribute_assigner.rb:16:in `block (2 levels) in object'[0m
      [36m# /home/ec2-user/.rvm/gems/ruby-2.6.3/gems/factory_bot-6.1.0/lib/factory_bot/attribute_assigner.rb:15:in `each'[0m
      [36m# /home/ec2-user/.rvm/gems/ruby-2.6.3/gems/factory_bot-6.1.0/lib/factory_bot/attribute_assigner.rb:15:in `block in object'[0m
      [36m# /home/ec2-user/.rvm/gems/ruby-2.6.3/gems/factory_bot-6.1.0/lib/factory_bot/attribute_assigner.rb:14:in `tap'[0m
      [36m# /home/ec2-user/.rvm/gems/ruby-2.6.3/gems/factory_bot-6.1.0/lib/factory_bot/attribute_assigner.rb:14:in `object'[0m
      [36m# /home/ec2-user/.rvm/gems/ruby-2.6.3/gems/factory_bot-6.1.0/lib/factory_bot/evaluation.rb:13:in `object'[0m
      [36m# /home/ec2-user/.rvm/gems/ruby-2.6.3/gems/factory_bot-6.1.0/lib/factory_bot/strategy/create.rb:9:in `result'[0m
      [36m# /home/ec2-user/.rvm/gems/ruby-2.6.3/gems/factory_bot-6.1.0/lib/factory_bot/factory.rb:43:in `run'[0m
      [36m# /home/ec2-user/.rvm/gems/ruby-2.6.3/gems/factory_bot-6.1.0/lib/factory_bot/factory_runner.rb:29:in `block in run'[0m
      [36m# /home/ec2-user/.rvm/gems/ruby-2.6.3/gems/factory_bot-6.1.0/lib/factory_bot/factory_runner.rb:28:in `run'[0m
      [36m# /home/ec2-user/.rvm/gems/ruby-2.6.3/gems/factory_bot-6.1.0/lib/factory_bot/strategy_syntax_method_registrar.rb:28:in `block in define_singular_strategy_method'[0m
      [36m# ./spec/system/bootstrap_spec.rb:4:in `block (2 levels) in <main>'[0m
      [36m# ./spec/system/bootstrap_spec.rb:5:in `block (2 levels) in <main>'[0m

  39) ヘッダーのテスト ログインしていない場合 ヘッダーの表示を確認 Homeリンクが表示される
      [31mFailure/Error: expect(home_link).to match(/home/i)[0m
      [31m[0m
      [31m  expected "\n            Bookers\n            " to match /home/i[0m
      [31m  Diff:[0m[0m
      [31m  [0m[34m@@ -1,3 +1,5 @@[0m
      [31m  [0m[31m-/home/i[0m
      [31m  [0m[32m+[0m
      [31m  [0m[32m+            Bookers[0m
      [31m  [0m[32m+            [0m
      [31m  [0m[0m
      [31m[0m
      [31m[0m
      [31m[0m
      [36m# ./spec/system/header_spec.rb:15:in `block (4 levels) in <main>'[0m

  40) ヘッダーのテスト ログインしていない場合 ヘッダーの表示を確認 Aboutリンクが表示される
      [31mFailure/Error: expect(about_link).to match(/about/i)[0m
      [31m[0m
      [31m  expected "\n                  　Home\n" to match /about/i[0m
      [31m  Diff:[0m[0m
      [31m  [0m[34m@@ -1,2 +1,3 @@[0m
      [31m  [0m[31m-/about/i[0m
      [31m  [0m[32m+[0m
      [31m  [0m[32m+                  　Home[0m
      [31m  [0m[0m
      [31m[0m
      [31m[0m
      [31m[0m
      [36m# ./spec/system/header_spec.rb:20:in `block (4 levels) in <main>'[0m

  41) ヘッダーのテスト ログインしていない場合 ヘッダーの表示を確認 Sign upリンクが表示される
      [31mFailure/Error: expect(signup_link).to match(/sign up/i)[0m
      [31m[0m
      [31m  expected "\n                  　About\n" to match /sign up/i[0m
      [31m  Diff:[0m[0m
      [31m  [0m[34m@@ -1,2 +1,3 @@[0m
      [31m  [0m[31m-/sign up/i[0m
      [31m  [0m[32m+[0m
      [31m  [0m[32m+                  　About[0m
      [31m  [0m[0m
      [31m[0m
      [31m[0m
      [31m[0m
      [36m# ./spec/system/header_spec.rb:25:in `block (4 levels) in <main>'[0m

  42) ヘッダーのテスト ログインしていない場合 ヘッダーの表示を確認 loginリンクが表示される
      [31mFailure/Error: expect(login_link).to match(/login/i)[0m
      [31m[0m
      [31m  expected "\n                  　signup\n" to match /login/i[0m
      [31m  Diff:[0m[0m
      [31m  [0m[34m@@ -1,2 +1,3 @@[0m
      [31m  [0m[31m-/login/i[0m
      [31m  [0m[32m+[0m
      [31m  [0m[32m+                  　signup[0m
      [31m  [0m[0m
      [31m[0m
      [31m[0m
      [31m[0m
      [36m# ./spec/system/header_spec.rb:30:in `block (4 levels) in <main>'[0m

  43) ヘッダーのテスト ログインしていない場合 ヘッダーのリンクを確認 About画面に遷移する
      [31mFailure/Error: is_expected.to eq('/home/about')[0m
      [31m[0m
      [31m  expected: "/home/about"[0m
      [31m       got: "/"[0m
      [31m[0m
      [31m  (compared using ==)[0m
      [31m[0m
      [31m[0m
      [31m[0m
      [36m# ./spec/system/header_spec.rb:47:in `block (4 levels) in <main>'[0m

  44) ヘッダーのテスト ログインしていない場合 ヘッダーのリンクを確認 新規登録画面に遷移する
      [31mFailure/Error: is_expected.to eq(new_user_registration_path)[0m
      [31m[0m
      [31m  expected: "/users/sign_up"[0m
      [31m       got: "/home/about"[0m
      [31m[0m
      [31m  (compared using ==)[0m
      [31m[0m
      [31m[0m
      [31m[0m
      [36m# ./spec/system/header_spec.rb:53:in `block (4 levels) in <main>'[0m

  45) ヘッダーのテスト ログインしていない場合 ヘッダーのリンクを確認 ログイン画面に遷移する
      [31mFailure/Error: is_expected.to eq(new_user_session_path)[0m
      [31m[0m
      [31m  expected: "/users/sign_in"[0m
      [31m       got: "/users/sign_up"[0m
      [31m[0m
      [31m  (compared using ==)[0m
      [31m[0m
      [31m[0m
      [31m[0m
      [36m# ./spec/system/header_spec.rb:59:in `block (4 levels) in <main>'[0m

  46) ヘッダーのテスト ログインしている場合 ヘッダーの表示を確認 タイトルが表示される
      [31mFailure/Error: let(:user) { create(:user) }[0m
      [31m[0m
      [31mNoMethodError:[0m
      [31m  undefined method `name=' for #<User:0x00000000091705d0>[0m
      [31m[0m
      [31m[0m
      [31m[0m
      [36m# /home/ec2-user/.rvm/gems/ruby-2.6.3/gems/factory_bot-6.1.0/lib/factory_bot/attribute_assigner.rb:16:in `public_send'[0m
      [36m# /home/ec2-user/.rvm/gems/ruby-2.6.3/gems/factory_bot-6.1.0/lib/factory_bot/attribute_assigner.rb:16:in `block (2 levels) in object'[0m
      [36m# /home/ec2-user/.rvm/gems/ruby-2.6.3/gems/factory_bot-6.1.0/lib/factory_bot/attribute_assigner.rb:15:in `each'[0m
      [36m# /home/ec2-user/.rvm/gems/ruby-2.6.3/gems/factory_bot-6.1.0/lib/factory_bot/attribute_assigner.rb:15:in `block in object'[0m
      [36m# /home/ec2-user/.rvm/gems/ruby-2.6.3/gems/factory_bot-6.1.0/lib/factory_bot/attribute_assigner.rb:14:in `tap'[0m
      [36m# /home/ec2-user/.rvm/gems/ruby-2.6.3/gems/factory_bot-6.1.0/lib/factory_bot/attribute_assigner.rb:14:in `object'[0m
      [36m# /home/ec2-user/.rvm/gems/ruby-2.6.3/gems/factory_bot-6.1.0/lib/factory_bot/evaluation.rb:13:in `object'[0m
      [36m# /home/ec2-user/.rvm/gems/ruby-2.6.3/gems/factory_bot-6.1.0/lib/factory_bot/strategy/create.rb:9:in `result'[0m
      [36m# /home/ec2-user/.rvm/gems/ruby-2.6.3/gems/factory_bot-6.1.0/lib/factory_bot/factory.rb:43:in `run'[0m
      [36m# /home/ec2-user/.rvm/gems/ruby-2.6.3/gems/factory_bot-6.1.0/lib/factory_bot/factory_runner.rb:29:in `block in run'[0m
      [36m# /home/ec2-user/.rvm/gems/ruby-2.6.3/gems/factory_bot-6.1.0/lib/factory_bot/factory_runner.rb:28:in `run'[0m
      [36m# /home/ec2-user/.rvm/gems/ruby-2.6.3/gems/factory_bot-6.1.0/lib/factory_bot/strategy_syntax_method_registrar.rb:28:in `block in define_singular_strategy_method'[0m
      [36m# ./spec/system/header_spec.rb:65:in `block (3 levels) in <main>'[0m
      [36m# ./spec/system/header_spec.rb:68:in `block (3 levels) in <main>'[0m

  47) ヘッダーのテスト ログインしている場合 ヘッダーの表示を確認 Homeリンクが表示される
      [31mFailure/Error: let(:user) { create(:user) }[0m
      [31m[0m
      [31mNoMethodError:[0m
      [31m  undefined method `name=' for #<User:0x00000000091994a8>[0m
      [31m[0m
      [31m[0m
      [31m[0m
      [36m# /home/ec2-user/.rvm/gems/ruby-2.6.3/gems/factory_bot-6.1.0/lib/factory_bot/attribute_assigner.rb:16:in `public_send'[0m
      [36m# /home/ec2-user/.rvm/gems/ruby-2.6.3/gems/factory_bot-6.1.0/lib/factory_bot/attribute_assigner.rb:16:in `block (2 levels) in object'[0m
      [36m# /home/ec2-user/.rvm/gems/ruby-2.6.3/gems/factory_bot-6.1.0/lib/factory_bot/attribute_assigner.rb:15:in `each'[0m
      [36m# /home/ec2-user/.rvm/gems/ruby-2.6.3/gems/factory_bot-6.1.0/lib/factory_bot/attribute_assigner.rb:15:in `block in object'[0m
      [36m# /home/ec2-user/.rvm/gems/ruby-2.6.3/gems/factory_bot-6.1.0/lib/factory_bot/attribute_assigner.rb:14:in `tap'[0m
      [36m# /home/ec2-user/.rvm/gems/ruby-2.6.3/gems/factory_bot-6.1.0/lib/factory_bot/attribute_assigner.rb:14:in `object'[0m
      [36m# /home/ec2-user/.rvm/gems/ruby-2.6.3/gems/factory_bot-6.1.0/lib/factory_bot/evaluation.rb:13:in `object'[0m
      [36m# /home/ec2-user/.rvm/gems/ruby-2.6.3/gems/factory_bot-6.1.0/lib/factory_bot/strategy/create.rb:9:in `result'[0m
      [36m# /home/ec2-user/.rvm/gems/ruby-2.6.3/gems/factory_bot-6.1.0/lib/factory_bot/factory.rb:43:in `run'[0m
      [36m# /home/ec2-user/.rvm/gems/ruby-2.6.3/gems/factory_bot-6.1.0/lib/factory_bot/factory_runner.rb:29:in `block in run'[0m
      [36m# /home/ec2-user/.rvm/gems/ruby-2.6.3/gems/factory_bot-6.1.0/lib/factory_bot/factory_runner.rb:28:in `run'[0m
      [36m# /home/ec2-user/.rvm/gems/ruby-2.6.3/gems/factory_bot-6.1.0/lib/factory_bot/strategy_syntax_method_registrar.rb:28:in `block in define_singular_strategy_method'[0m
      [36m# ./spec/system/header_spec.rb:65:in `block (3 levels) in <main>'[0m
      [36m# ./spec/system/header_spec.rb:68:in `block (3 levels) in <main>'[0m

  48) ヘッダーのテスト ログインしている場合 ヘッダーの表示を確認 Usersリンクが表示される
      [31mFailure/Error: let(:user) { create(:user) }[0m
      [31m[0m
      [31mNoMethodError:[0m
      [31m  undefined method `name=' for #<User:0x00000000091ce3d8>[0m
      [31m[0m
      [31m[0m
      [31m[0m
      [36m# /home/ec2-user/.rvm/gems/ruby-2.6.3/gems/factory_bot-6.1.0/lib/factory_bot/attribute_assigner.rb:16:in `public_send'[0m
      [36m# /home/ec2-user/.rvm/gems/ruby-2.6.3/gems/factory_bot-6.1.0/lib/factory_bot/attribute_assigner.rb:16:in `block (2 levels) in object'[0m
      [36m# /home/ec2-user/.rvm/gems/ruby-2.6.3/gems/factory_bot-6.1.0/lib/factory_bot/attribute_assigner.rb:15:in `each'[0m
      [36m# /home/ec2-user/.rvm/gems/ruby-2.6.3/gems/factory_bot-6.1.0/lib/factory_bot/attribute_assigner.rb:15:in `block in object'[0m
      [36m# /home/ec2-user/.rvm/gems/ruby-2.6.3/gems/factory_bot-6.1.0/lib/factory_bot/attribute_assigner.rb:14:in `tap'[0m
      [36m# /home/ec2-user/.rvm/gems/ruby-2.6.3/gems/factory_bot-6.1.0/lib/factory_bot/attribute_assigner.rb:14:in `object'[0m
      [36m# /home/ec2-user/.rvm/gems/ruby-2.6.3/gems/factory_bot-6.1.0/lib/factory_bot/evaluation.rb:13:in `object'[0m
      [36m# /home/ec2-user/.rvm/gems/ruby-2.6.3/gems/factory_bot-6.1.0/lib/factory_bot/strategy/create.rb:9:in `result'[0m
      [36m# /home/ec2-user/.rvm/gems/ruby-2.6.3/gems/factory_bot-6.1.0/lib/factory_bot/factory.rb:43:in `run'[0m
      [36m# /home/ec2-user/.rvm/gems/ruby-2.6.3/gems/factory_bot-6.1.0/lib/factory_bot/factory_runner.rb:29:in `block in run'[0m
      [36m# /home/ec2-user/.rvm/gems/ruby-2.6.3/gems/factory_bot-6.1.0/lib/factory_bot/factory_runner.rb:28:in `run'[0m
      [36m# /home/ec2-user/.rvm/gems/ruby-2.6.3/gems/factory_bot-6.1.0/lib/factory_bot/strategy_syntax_method_registrar.rb:28:in `block in define_singular_strategy_method'[0m
      [36m# ./spec/system/header_spec.rb:65:in `block (3 levels) in <main>'[0m
      [36m# ./spec/system/header_spec.rb:68:in `block (3 levels) in <main>'[0m

  49) ヘッダーのテスト ログインしている場合 ヘッダーの表示を確認 Booksリンクが表示される
      [31mFailure/Error: let(:user) { create(:user) }[0m
      [31m[0m
      [31mNoMethodError:[0m
      [31m  undefined method `name=' for #<User:0x0000000009203380>[0m
      [31m[0m
      [31m[0m
      [31m[0m
      [36m# /home/ec2-user/.rvm/gems/ruby-2.6.3/gems/factory_bot-6.1.0/lib/factory_bot/attribute_assigner.rb:16:in `public_send'[0m
      [36m# /home/ec2-user/.rvm/gems/ruby-2.6.3/gems/factory_bot-6.1.0/lib/factory_bot/attribute_assigner.rb:16:in `block (2 levels) in object'[0m
      [36m# /home/ec2-user/.rvm/gems/ruby-2.6.3/gems/factory_bot-6.1.0/lib/factory_bot/attribute_assigner.rb:15:in `each'[0m
      [36m# /home/ec2-user/.rvm/gems/ruby-2.6.3/gems/factory_bot-6.1.0/lib/factory_bot/attribute_assigner.rb:15:in `block in object'[0m
      [36m# /home/ec2-user/.rvm/gems/ruby-2.6.3/gems/factory_bot-6.1.0/lib/factory_bot/attribute_assigner.rb:14:in `tap'[0m
      [36m# /home/ec2-user/.rvm/gems/ruby-2.6.3/gems/factory_bot-6.1.0/lib/factory_bot/attribute_assigner.rb:14:in `object'[0m
      [36m# /home/ec2-user/.rvm/gems/ruby-2.6.3/gems/factory_bot-6.1.0/lib/factory_bot/evaluation.rb:13:in `object'[0m
      [36m# /home/ec2-user/.rvm/gems/ruby-2.6.3/gems/factory_bot-6.1.0/lib/factory_bot/strategy/create.rb:9:in `result'[0m
      [36m# /home/ec2-user/.rvm/gems/ruby-2.6.3/gems/factory_bot-6.1.0/lib/factory_bot/factory.rb:43:in `run'[0m
      [36m# /home/ec2-user/.rvm/gems/ruby-2.6.3/gems/factory_bot-6.1.0/lib/factory_bot/factory_runner.rb:29:in `block in run'[0m
      [36m# /home/ec2-user/.rvm/gems/ruby-2.6.3/gems/factory_bot-6.1.0/lib/factory_bot/factory_runner.rb:28:in `run'[0m
      [36m# /home/ec2-user/.rvm/gems/ruby-2.6.3/gems/factory_bot-6.1.0/lib/factory_bot/strategy_syntax_method_registrar.rb:28:in `block in define_singular_strategy_method'[0m
      [36m# ./spec/system/header_spec.rb:65:in `block (3 levels) in <main>'[0m
      [36m# ./spec/system/header_spec.rb:68:in `block (3 levels) in <main>'[0m

  50) ヘッダーのテスト ログインしている場合 ヘッダーの表示を確認 logoutリンクが表示される
      [31mFailure/Error: let(:user) { create(:user) }[0m
      [31m[0m
      [31mNoMethodError:[0m
      [31m  undefined method `name=' for #<User:0x0000000009230498>[0m
      [31m[0m
      [31m[0m
      [31m[0m
      [36m# /home/ec2-user/.rvm/gems/ruby-2.6.3/gems/factory_bot-6.1.0/lib/factory_bot/attribute_assigner.rb:16:in `public_send'[0m
      [36m# /home/ec2-user/.rvm/gems/ruby-2.6.3/gems/factory_bot-6.1.0/lib/factory_bot/attribute_assigner.rb:16:in `block (2 levels) in object'[0m
      [36m# /home/ec2-user/.rvm/gems/ruby-2.6.3/gems/factory_bot-6.1.0/lib/factory_bot/attribute_assigner.rb:15:in `each'[0m
      [36m# /home/ec2-user/.rvm/gems/ruby-2.6.3/gems/factory_bot-6.1.0/lib/factory_bot/attribute_assigner.rb:15:in `block in object'[0m
      [36m# /home/ec2-user/.rvm/gems/ruby-2.6.3/gems/factory_bot-6.1.0/lib/factory_bot/attribute_assigner.rb:14:in `tap'[0m
      [36m# /home/ec2-user/.rvm/gems/ruby-2.6.3/gems/factory_bot-6.1.0/lib/factory_bot/attribute_assigner.rb:14:in `object'[0m
      [36m# /home/ec2-user/.rvm/gems/ruby-2.6.3/gems/factory_bot-6.1.0/lib/factory_bot/evaluation.rb:13:in `object'[0m
      [36m# /home/ec2-user/.rvm/gems/ruby-2.6.3/gems/factory_bot-6.1.0/lib/factory_bot/strategy/create.rb:9:in `result'[0m
      [36m# /home/ec2-user/.rvm/gems/ruby-2.6.3/gems/factory_bot-6.1.0/lib/factory_bot/factory.rb:43:in `run'[0m
      [36m# /home/ec2-user/.rvm/gems/ruby-2.6.3/gems/factory_bot-6.1.0/lib/factory_bot/factory_runner.rb:29:in `block in run'[0m
      [36m# /home/ec2-user/.rvm/gems/ruby-2.6.3/gems/factory_bot-6.1.0/lib/factory_bot/factory_runner.rb:28:in `run'[0m
      [36m# /home/ec2-user/.rvm/gems/ruby-2.6.3/gems/factory_bot-6.1.0/lib/factory_bot/strategy_syntax_method_registrar.rb:28:in `block in define_singular_strategy_method'[0m
      [36m# ./spec/system/header_spec.rb:65:in `block (3 levels) in <main>'[0m
      [36m# ./spec/system/header_spec.rb:68:in `block (3 levels) in <main>'[0m

  51) ヘッダーのテスト ログインしている場合 ヘッダーのリンクを確認 Home画面に遷移する
      [31mFailure/Error: let(:user) { create(:user) }[0m
      [31m[0m
      [31mNoMethodError:[0m
      [31m  undefined method `name=' for #<User:0x0000000009264748>[0m
      [31m[0m
      [31m[0m
      [31m[0m
      [36m# /home/ec2-user/.rvm/gems/ruby-2.6.3/gems/factory_bot-6.1.0/lib/factory_bot/attribute_assigner.rb:16:in `public_send'[0m
      [36m# /home/ec2-user/.rvm/gems/ruby-2.6.3/gems/factory_bot-6.1.0/lib/factory_bot/attribute_assigner.rb:16:in `block (2 levels) in object'[0m
      [36m# /home/ec2-user/.rvm/gems/ruby-2.6.3/gems/factory_bot-6.1.0/lib/factory_bot/attribute_assigner.rb:15:in `each'[0m
      [36m# /home/ec2-user/.rvm/gems/ruby-2.6.3/gems/factory_bot-6.1.0/lib/factory_bot/attribute_assigner.rb:15:in `block in object'[0m
      [36m# /home/ec2-user/.rvm/gems/ruby-2.6.3/gems/factory_bot-6.1.0/lib/factory_bot/attribute_assigner.rb:14:in `tap'[0m
      [36m# /home/ec2-user/.rvm/gems/ruby-2.6.3/gems/factory_bot-6.1.0/lib/factory_bot/attribute_assigner.rb:14:in `object'[0m
      [36m# /home/ec2-user/.rvm/gems/ruby-2.6.3/gems/factory_bot-6.1.0/lib/factory_bot/evaluation.rb:13:in `object'[0m
      [36m# /home/ec2-user/.rvm/gems/ruby-2.6.3/gems/factory_bot-6.1.0/lib/factory_bot/strategy/create.rb:9:in `result'[0m
      [36m# /home/ec2-user/.rvm/gems/ruby-2.6.3/gems/factory_bot-6.1.0/lib/factory_bot/factory.rb:43:in `run'[0m
      [36m# /home/ec2-user/.rvm/gems/ruby-2.6.3/gems/factory_bot-6.1.0/lib/factory_bot/factory_runner.rb:29:in `block in run'[0m
      [36m# /home/ec2-user/.rvm/gems/ruby-2.6.3/gems/factory_bot-6.1.0/lib/factory_bot/factory_runner.rb:28:in `run'[0m
      [36m# /home/ec2-user/.rvm/gems/ruby-2.6.3/gems/factory_bot-6.1.0/lib/factory_bot/strategy_syntax_method_registrar.rb:28:in `block in define_singular_strategy_method'[0m
      [36m# ./spec/system/header_spec.rb:65:in `block (3 levels) in <main>'[0m
      [36m# ./spec/system/header_spec.rb:68:in `block (3 levels) in <main>'[0m

  52) ヘッダーのテスト ログインしている場合 ヘッダーのリンクを確認 Users画面に遷移する
      [31mFailure/Error: let(:user) { create(:user) }[0m
      [31m[0m
      [31mNoMethodError:[0m
      [31m  undefined method `name=' for #<User:0x00000000092996f0>[0m
      [31m[0m
      [31m[0m
      [31m[0m
      [36m# /home/ec2-user/.rvm/gems/ruby-2.6.3/gems/factory_bot-6.1.0/lib/factory_bot/attribute_assigner.rb:16:in `public_send'[0m
      [36m# /home/ec2-user/.rvm/gems/ruby-2.6.3/gems/factory_bot-6.1.0/lib/factory_bot/attribute_assigner.rb:16:in `block (2 levels) in object'[0m
      [36m# /home/ec2-user/.rvm/gems/ruby-2.6.3/gems/factory_bot-6.1.0/lib/factory_bot/attribute_assigner.rb:15:in `each'[0m
      [36m# /home/ec2-user/.rvm/gems/ruby-2.6.3/gems/factory_bot-6.1.0/lib/factory_bot/attribute_assigner.rb:15:in `block in object'[0m
      [36m# /home/ec2-user/.rvm/gems/ruby-2.6.3/gems/factory_bot-6.1.0/lib/factory_bot/attribute_assigner.rb:14:in `tap'[0m
      [36m# /home/ec2-user/.rvm/gems/ruby-2.6.3/gems/factory_bot-6.1.0/lib/factory_bot/attribute_assigner.rb:14:in `object'[0m
      [36m# /home/ec2-user/.rvm/gems/ruby-2.6.3/gems/factory_bot-6.1.0/lib/factory_bot/evaluation.rb:13:in `object'[0m
      [36m# /home/ec2-user/.rvm/gems/ruby-2.6.3/gems/factory_bot-6.1.0/lib/factory_bot/strategy/create.rb:9:in `result'[0m
      [36m# /home/ec2-user/.rvm/gems/ruby-2.6.3/gems/factory_bot-6.1.0/lib/factory_bot/factory.rb:43:in `run'[0m
      [36m# /home/ec2-user/.rvm/gems/ruby-2.6.3/gems/factory_bot-6.1.0/lib/factory_bot/factory_runner.rb:29:in `block in run'[0m
      [36m# /home/ec2-user/.rvm/gems/ruby-2.6.3/gems/factory_bot-6.1.0/lib/factory_bot/factory_runner.rb:28:in `run'[0m
      [36m# /home/ec2-user/.rvm/gems/ruby-2.6.3/gems/factory_bot-6.1.0/lib/factory_bot/strategy_syntax_method_registrar.rb:28:in `block in define_singular_strategy_method'[0m
      [36m# ./spec/system/header_spec.rb:65:in `block (3 levels) in <main>'[0m
      [36m# ./spec/system/header_spec.rb:68:in `block (3 levels) in <main>'[0m

  53) ヘッダーのテスト ログインしている場合 ヘッダーのリンクを確認 Books画面に遷移する
      [31mFailure/Error: let(:user) { create(:user) }[0m
      [31m[0m
      [31mNoMethodError:[0m
      [31m  undefined method `name=' for #<User:0x00000000092ce648>[0m
      [31m[0m
      [31m[0m
      [31m[0m
      [36m# /home/ec2-user/.rvm/gems/ruby-2.6.3/gems/factory_bot-6.1.0/lib/factory_bot/attribute_assigner.rb:16:in `public_send'[0m
      [36m# /home/ec2-user/.rvm/gems/ruby-2.6.3/gems/factory_bot-6.1.0/lib/factory_bot/attribute_assigner.rb:16:in `block (2 levels) in object'[0m
      [36m# /home/ec2-user/.rvm/gems/ruby-2.6.3/gems/factory_bot-6.1.0/lib/factory_bot/attribute_assigner.rb:15:in `each'[0m
      [36m# /home/ec2-user/.rvm/gems/ruby-2.6.3/gems/factory_bot-6.1.0/lib/factory_bot/attribute_assigner.rb:15:in `block in object'[0m
      [36m# /home/ec2-user/.rvm/gems/ruby-2.6.3/gems/factory_bot-6.1.0/lib/factory_bot/attribute_assigner.rb:14:in `tap'[0m
      [36m# /home/ec2-user/.rvm/gems/ruby-2.6.3/gems/factory_bot-6.1.0/lib/factory_bot/attribute_assigner.rb:14:in `object'[0m
      [36m# /home/ec2-user/.rvm/gems/ruby-2.6.3/gems/factory_bot-6.1.0/lib/factory_bot/evaluation.rb:13:in `object'[0m
      [36m# /home/ec2-user/.rvm/gems/ruby-2.6.3/gems/factory_bot-6.1.0/lib/factory_bot/strategy/create.rb:9:in `result'[0m
      [36m# /home/ec2-user/.rvm/gems/ruby-2.6.3/gems/factory_bot-6.1.0/lib/factory_bot/factory.rb:43:in `run'[0m
      [36m# /home/ec2-user/.rvm/gems/ruby-2.6.3/gems/factory_bot-6.1.0/lib/factory_bot/factory_runner.rb:29:in `block in run'[0m
      [36m# /home/ec2-user/.rvm/gems/ruby-2.6.3/gems/factory_bot-6.1.0/lib/factory_bot/factory_runner.rb:28:in `run'[0m
      [36m# /home/ec2-user/.rvm/gems/ruby-2.6.3/gems/factory_bot-6.1.0/lib/factory_bot/strategy_syntax_method_registrar.rb:28:in `block in define_singular_strategy_method'[0m
      [36m# ./spec/system/header_spec.rb:65:in `block (3 levels) in <main>'[0m
      [36m# ./spec/system/header_spec.rb:68:in `block (3 levels) in <main>'[0m

  54) ヘッダーのテスト ログインしている場合 ヘッダーのリンクを確認 logoutする
      [31mFailure/Error: let(:user) { create(:user) }[0m
      [31m[0m
      [31mNoMethodError:[0m
      [31m  undefined method `name=' for #<User:0x00000000093036e0>[0m
      [31m[0m
      [31m[0m
      [31m[0m
      [36m# /home/ec2-user/.rvm/gems/ruby-2.6.3/gems/factory_bot-6.1.0/lib/factory_bot/attribute_assigner.rb:16:in `public_send'[0m
      [36m# /home/ec2-user/.rvm/gems/ruby-2.6.3/gems/factory_bot-6.1.0/lib/factory_bot/attribute_assigner.rb:16:in `block (2 levels) in object'[0m
      [36m# /home/ec2-user/.rvm/gems/ruby-2.6.3/gems/factory_bot-6.1.0/lib/factory_bot/attribute_assigner.rb:15:in `each'[0m
      [36m# /home/ec2-user/.rvm/gems/ruby-2.6.3/gems/factory_bot-6.1.0/lib/factory_bot/attribute_assigner.rb:15:in `block in object'[0m
      [36m# /home/ec2-user/.rvm/gems/ruby-2.6.3/gems/factory_bot-6.1.0/lib/factory_bot/attribute_assigner.rb:14:in `tap'[0m
      [36m# /home/ec2-user/.rvm/gems/ruby-2.6.3/gems/factory_bot-6.1.0/lib/factory_bot/attribute_assigner.rb:14:in `object'[0m
      [36m# /home/ec2-user/.rvm/gems/ruby-2.6.3/gems/factory_bot-6.1.0/lib/factory_bot/evaluation.rb:13:in `object'[0m
      [36m# /home/ec2-user/.rvm/gems/ruby-2.6.3/gems/factory_bot-6.1.0/lib/factory_bot/strategy/create.rb:9:in `result'[0m
      [36m# /home/ec2-user/.rvm/gems/ruby-2.6.3/gems/factory_bot-6.1.0/lib/factory_bot/factory.rb:43:in `run'[0m
      [36m# /home/ec2-user/.rvm/gems/ruby-2.6.3/gems/factory_bot-6.1.0/lib/factory_bot/factory_runner.rb:29:in `block in run'[0m
      [36m# /home/ec2-user/.rvm/gems/ruby-2.6.3/gems/factory_bot-6.1.0/lib/factory_bot/factory_runner.rb:28:in `run'[0m
      [36m# /home/ec2-user/.rvm/gems/ruby-2.6.3/gems/factory_bot-6.1.0/lib/factory_bot/strategy_syntax_method_registrar.rb:28:in `block in define_singular_strategy_method'[0m
      [36m# ./spec/system/header_spec.rb:65:in `block (3 levels) in <main>'[0m
      [36m# ./spec/system/header_spec.rb:68:in `block (3 levels) in <main>'[0m

  55) ユーザー権限のテスト ログインしていない場合 投稿関連のURLにアクセス 一覧画面に遷移できない
      [31mFailure/Error: let!(:user) { create(:user) }[0m
      [31m[0m
      [31mNoMethodError:[0m
      [31m  undefined method `name=' for #<User:0x000000000930ef40>[0m
      [31m[0m
      [31m[0m
      [31m[0m
      [36m# /home/ec2-user/.rvm/gems/ruby-2.6.3/gems/factory_bot-6.1.0/lib/factory_bot/attribute_assigner.rb:16:in `public_send'[0m
      [36m# /home/ec2-user/.rvm/gems/ruby-2.6.3/gems/factory_bot-6.1.0/lib/factory_bot/attribute_assigner.rb:16:in `block (2 levels) in object'[0m
      [36m# /home/ec2-user/.rvm/gems/ruby-2.6.3/gems/factory_bot-6.1.0/lib/factory_bot/attribute_assigner.rb:15:in `each'[0m
      [36m# /home/ec2-user/.rvm/gems/ruby-2.6.3/gems/factory_bot-6.1.0/lib/factory_bot/attribute_assigner.rb:15:in `block in object'[0m
      [36m# /home/ec2-user/.rvm/gems/ruby-2.6.3/gems/factory_bot-6.1.0/lib/factory_bot/attribute_assigner.rb:14:in `tap'[0m
      [36m# /home/ec2-user/.rvm/gems/ruby-2.6.3/gems/factory_bot-6.1.0/lib/factory_bot/attribute_assigner.rb:14:in `object'[0m
      [36m# /home/ec2-user/.rvm/gems/ruby-2.6.3/gems/factory_bot-6.1.0/lib/factory_bot/evaluation.rb:13:in `object'[0m
      [36m# /home/ec2-user/.rvm/gems/ruby-2.6.3/gems/factory_bot-6.1.0/lib/factory_bot/strategy/create.rb:9:in `result'[0m
      [36m# /home/ec2-user/.rvm/gems/ruby-2.6.3/gems/factory_bot-6.1.0/lib/factory_bot/factory.rb:43:in `run'[0m
      [36m# /home/ec2-user/.rvm/gems/ruby-2.6.3/gems/factory_bot-6.1.0/lib/factory_bot/factory_runner.rb:29:in `block in run'[0m
      [36m# /home/ec2-user/.rvm/gems/ruby-2.6.3/gems/factory_bot-6.1.0/lib/factory_bot/factory_runner.rb:28:in `run'[0m
      [36m# /home/ec2-user/.rvm/gems/ruby-2.6.3/gems/factory_bot-6.1.0/lib/factory_bot/strategy_syntax_method_registrar.rb:28:in `block in define_singular_strategy_method'[0m
      [36m# ./spec/system/main_spec.rb:4:in `block (2 levels) in <main>'[0m

  56) ユーザー権限のテスト ログインしていない場合 投稿関連のURLにアクセス 編集画面に遷移できない
      [31mFailure/Error: let!(:user) { create(:user) }[0m
      [31m[0m
      [31mNoMethodError:[0m
      [31m  undefined method `name=' for #<User:0x00000000093110b0>[0m
      [31m[0m
      [31m[0m
      [31m[0m
      [36m# /home/ec2-user/.rvm/gems/ruby-2.6.3/gems/factory_bot-6.1.0/lib/factory_bot/attribute_assigner.rb:16:in `public_send'[0m
      [36m# /home/ec2-user/.rvm/gems/ruby-2.6.3/gems/factory_bot-6.1.0/lib/factory_bot/attribute_assigner.rb:16:in `block (2 levels) in object'[0m
      [36m# /home/ec2-user/.rvm/gems/ruby-2.6.3/gems/factory_bot-6.1.0/lib/factory_bot/attribute_assigner.rb:15:in `each'[0m
      [36m# /home/ec2-user/.rvm/gems/ruby-2.6.3/gems/factory_bot-6.1.0/lib/factory_bot/attribute_assigner.rb:15:in `block in object'[0m
      [36m# /home/ec2-user/.rvm/gems/ruby-2.6.3/gems/factory_bot-6.1.0/lib/factory_bot/attribute_assigner.rb:14:in `tap'[0m
      [36m# /home/ec2-user/.rvm/gems/ruby-2.6.3/gems/factory_bot-6.1.0/lib/factory_bot/attribute_assigner.rb:14:in `object'[0m
      [36m# /home/ec2-user/.rvm/gems/ruby-2.6.3/gems/factory_bot-6.1.0/lib/factory_bot/evaluation.rb:13:in `object'[0m
      [36m# /home/ec2-user/.rvm/gems/ruby-2.6.3/gems/factory_bot-6.1.0/lib/factory_bot/strategy/create.rb:9:in `result'[0m
      [36m# /home/ec2-user/.rvm/gems/ruby-2.6.3/gems/factory_bot-6.1.0/lib/factory_bot/factory.rb:43:in `run'[0m
      [36m# /home/ec2-user/.rvm/gems/ruby-2.6.3/gems/factory_bot-6.1.0/lib/factory_bot/factory_runner.rb:29:in `block in run'[0m
      [36m# /home/ec2-user/.rvm/gems/ruby-2.6.3/gems/factory_bot-6.1.0/lib/factory_bot/factory_runner.rb:28:in `run'[0m
      [36m# /home/ec2-user/.rvm/gems/ruby-2.6.3/gems/factory_bot-6.1.0/lib/factory_bot/strategy_syntax_method_registrar.rb:28:in `block in define_singular_strategy_method'[0m
      [36m# ./spec/system/main_spec.rb:4:in `block (2 levels) in <main>'[0m

  57) ユーザー権限のテスト ログインしていない場合 投稿関連のURLにアクセス 詳細画面に遷移できない
      [31mFailure/Error: let!(:user) { create(:user) }[0m
      [31m[0m
      [31mNoMethodError:[0m
      [31m  undefined method `name=' for #<User:0x000000000931b358>[0m
      [31m[0m
      [31m[0m
      [31m[0m
      [36m# /home/ec2-user/.rvm/gems/ruby-2.6.3/gems/factory_bot-6.1.0/lib/factory_bot/attribute_assigner.rb:16:in `public_send'[0m
      [36m# /home/ec2-user/.rvm/gems/ruby-2.6.3/gems/factory_bot-6.1.0/lib/factory_bot/attribute_assigner.rb:16:in `block (2 levels) in object'[0m
      [36m# /home/ec2-user/.rvm/gems/ruby-2.6.3/gems/factory_bot-6.1.0/lib/factory_bot/attribute_assigner.rb:15:in `each'[0m
      [36m# /home/ec2-user/.rvm/gems/ruby-2.6.3/gems/factory_bot-6.1.0/lib/factory_bot/attribute_assigner.rb:15:in `block in object'[0m
      [36m# /home/ec2-user/.rvm/gems/ruby-2.6.3/gems/factory_bot-6.1.0/lib/factory_bot/attribute_assigner.rb:14:in `tap'[0m
      [36m# /home/ec2-user/.rvm/gems/ruby-2.6.3/gems/factory_bot-6.1.0/lib/factory_bot/attribute_assigner.rb:14:in `object'[0m
      [36m# /home/ec2-user/.rvm/gems/ruby-2.6.3/gems/factory_bot-6.1.0/lib/factory_bot/evaluation.rb:13:in `object'[0m
      [36m# /home/ec2-user/.rvm/gems/ruby-2.6.3/gems/factory_bot-6.1.0/lib/factory_bot/strategy/create.rb:9:in `result'[0m
      [36m# /home/ec2-user/.rvm/gems/ruby-2.6.3/gems/factory_bot-6.1.0/lib/factory_bot/factory.rb:43:in `run'[0m
      [36m# /home/ec2-user/.rvm/gems/ruby-2.6.3/gems/factory_bot-6.1.0/lib/factory_bot/factory_runner.rb:29:in `block in run'[0m
      [36m# /home/ec2-user/.rvm/gems/ruby-2.6.3/gems/factory_bot-6.1.0/lib/factory_bot/factory_runner.rb:28:in `run'[0m
      [36m# /home/ec2-user/.rvm/gems/ruby-2.6.3/gems/factory_bot-6.1.0/lib/factory_bot/strategy_syntax_method_registrar.rb:28:in `block in define_singular_strategy_method'[0m
      [36m# ./spec/system/main_spec.rb:4:in `block (2 levels) in <main>'[0m

  58) ユーザー権限のテスト ログインしていない場合にユーザー関連のURLにアクセス ユーザー関連のURLにアクセス 一覧画面に遷移できない
      [31mFailure/Error: let!(:user) { create(:user) }[0m
      [31m[0m
      [31mNoMethodError:[0m
      [31m  undefined method `name=' for #<User:0x0000000009327d10>[0m
      [31m[0m
      [31m[0m
      [31m[0m
      [36m# /home/ec2-user/.rvm/gems/ruby-2.6.3/gems/factory_bot-6.1.0/lib/factory_bot/attribute_assigner.rb:16:in `public_send'[0m
      [36m# /home/ec2-user/.rvm/gems/ruby-2.6.3/gems/factory_bot-6.1.0/lib/factory_bot/attribute_assigner.rb:16:in `block (2 levels) in object'[0m
      [36m# /home/ec2-user/.rvm/gems/ruby-2.6.3/gems/factory_bot-6.1.0/lib/factory_bot/attribute_assigner.rb:15:in `each'[0m
      [36m# /home/ec2-user/.rvm/gems/ruby-2.6.3/gems/factory_bot-6.1.0/lib/factory_bot/attribute_assigner.rb:15:in `block in object'[0m
      [36m# /home/ec2-user/.rvm/gems/ruby-2.6.3/gems/factory_bot-6.1.0/lib/factory_bot/attribute_assigner.rb:14:in `tap'[0m
      [36m# /home/ec2-user/.rvm/gems/ruby-2.6.3/gems/factory_bot-6.1.0/lib/factory_bot/attribute_assigner.rb:14:in `object'[0m
      [36m# /home/ec2-user/.rvm/gems/ruby-2.6.3/gems/factory_bot-6.1.0/lib/factory_bot/evaluation.rb:13:in `object'[0m
      [36m# /home/ec2-user/.rvm/gems/ruby-2.6.3/gems/factory_bot-6.1.0/lib/factory_bot/strategy/create.rb:9:in `result'[0m
      [36m# /home/ec2-user/.rvm/gems/ruby-2.6.3/gems/factory_bot-6.1.0/lib/factory_bot/factory.rb:43:in `run'[0m
      [36m# /home/ec2-user/.rvm/gems/ruby-2.6.3/gems/factory_bot-6.1.0/lib/factory_bot/factory_runner.rb:29:in `block in run'[0m
      [36m# /home/ec2-user/.rvm/gems/ruby-2.6.3/gems/factory_bot-6.1.0/lib/factory_bot/factory_runner.rb:28:in `run'[0m
      [36m# /home/ec2-user/.rvm/gems/ruby-2.6.3/gems/factory_bot-6.1.0/lib/factory_bot/strategy_syntax_method_registrar.rb:28:in `block in define_singular_strategy_method'[0m
      [36m# ./spec/system/main_spec.rb:4:in `block (2 levels) in <main>'[0m

  59) ユーザー権限のテスト ログインしていない場合にユーザー関連のURLにアクセス ユーザー関連のURLにアクセス 編集画面に遷移できない
      [31mFailure/Error: let!(:user) { create(:user) }[0m
      [31m[0m
      [31mNoMethodError:[0m
      [31m  undefined method `name=' for #<User:0x000000000932a060>[0m
      [31m[0m
      [31m[0m
      [31m[0m
      [36m# /home/ec2-user/.rvm/gems/ruby-2.6.3/gems/factory_bot-6.1.0/lib/factory_bot/attribute_assigner.rb:16:in `public_send'[0m
      [36m# /home/ec2-user/.rvm/gems/ruby-2.6.3/gems/factory_bot-6.1.0/lib/factory_bot/attribute_assigner.rb:16:in `block (2 levels) in object'[0m
      [36m# /home/ec2-user/.rvm/gems/ruby-2.6.3/gems/factory_bot-6.1.0/lib/factory_bot/attribute_assigner.rb:15:in `each'[0m
      [36m# /home/ec2-user/.rvm/gems/ruby-2.6.3/gems/factory_bot-6.1.0/lib/factory_bot/attribute_assigner.rb:15:in `block in object'[0m
      [36m# /home/ec2-user/.rvm/gems/ruby-2.6.3/gems/factory_bot-6.1.0/lib/factory_bot/attribute_assigner.rb:14:in `tap'[0m
      [36m# /home/ec2-user/.rvm/gems/ruby-2.6.3/gems/factory_bot-6.1.0/lib/factory_bot/attribute_assigner.rb:14:in `object'[0m
      [36m# /home/ec2-user/.rvm/gems/ruby-2.6.3/gems/factory_bot-6.1.0/lib/factory_bot/evaluation.rb:13:in `object'[0m
      [36m# /home/ec2-user/.rvm/gems/ruby-2.6.3/gems/factory_bot-6.1.0/lib/factory_bot/strategy/create.rb:9:in `result'[0m
      [36m# /home/ec2-user/.rvm/gems/ruby-2.6.3/gems/factory_bot-6.1.0/lib/factory_bot/factory.rb:43:in `run'[0m
      [36m# /home/ec2-user/.rvm/gems/ruby-2.6.3/gems/factory_bot-6.1.0/lib/factory_bot/factory_runner.rb:29:in `block in run'[0m
      [36m# /home/ec2-user/.rvm/gems/ruby-2.6.3/gems/factory_bot-6.1.0/lib/factory_bot/factory_runner.rb:28:in `run'[0m
      [36m# /home/ec2-user/.rvm/gems/ruby-2.6.3/gems/factory_bot-6.1.0/lib/factory_bot/strategy_syntax_method_registrar.rb:28:in `block in define_singular_strategy_method'[0m
      [36m# ./spec/system/main_spec.rb:4:in `block (2 levels) in <main>'[0m

  60) ユーザー権限のテスト ログインしていない場合にユーザー関連のURLにアクセス ユーザー関連のURLにアクセス 詳細画面に遷移でない
      [31mFailure/Error: let!(:user) { create(:user) }[0m
      [31m[0m
      [31mNoMethodError:[0m
      [31m  undefined method `name=' for #<User:0x0000000009330348>[0m
      [31m[0m
      [31m[0m
      [31m[0m
      [36m# /home/ec2-user/.rvm/gems/ruby-2.6.3/gems/factory_bot-6.1.0/lib/factory_bot/attribute_assigner.rb:16:in `public_send'[0m
      [36m# /home/ec2-user/.rvm/gems/ruby-2.6.3/gems/factory_bot-6.1.0/lib/factory_bot/attribute_assigner.rb:16:in `block (2 levels) in object'[0m
      [36m# /home/ec2-user/.rvm/gems/ruby-2.6.3/gems/factory_bot-6.1.0/lib/factory_bot/attribute_assigner.rb:15:in `each'[0m
      [36m# /home/ec2-user/.rvm/gems/ruby-2.6.3/gems/factory_bot-6.1.0/lib/factory_bot/attribute_assigner.rb:15:in `block in object'[0m
      [36m# /home/ec2-user/.rvm/gems/ruby-2.6.3/gems/factory_bot-6.1.0/lib/factory_bot/attribute_assigner.rb:14:in `tap'[0m
      [36m# /home/ec2-user/.rvm/gems/ruby-2.6.3/gems/factory_bot-6.1.0/lib/factory_bot/attribute_assigner.rb:14:in `object'[0m
      [36m# /home/ec2-user/.rvm/gems/ruby-2.6.3/gems/factory_bot-6.1.0/lib/factory_bot/evaluation.rb:13:in `object'[0m
      [36m# /home/ec2-user/.rvm/gems/ruby-2.6.3/gems/factory_bot-6.1.0/lib/factory_bot/strategy/create.rb:9:in `result'[0m
      [36m# /home/ec2-user/.rvm/gems/ruby-2.6.3/gems/factory_bot-6.1.0/lib/factory_bot/factory.rb:43:in `run'[0m
      [36m# /home/ec2-user/.rvm/gems/ruby-2.6.3/gems/factory_bot-6.1.0/lib/factory_bot/factory_runner.rb:29:in `block in run'[0m
      [36m# /home/ec2-user/.rvm/gems/ruby-2.6.3/gems/factory_bot-6.1.0/lib/factory_bot/factory_runner.rb:28:in `run'[0m
      [36m# /home/ec2-user/.rvm/gems/ruby-2.6.3/gems/factory_bot-6.1.0/lib/factory_bot/strategy_syntax_method_registrar.rb:28:in `block in define_singular_strategy_method'[0m
      [36m# ./spec/system/main_spec.rb:4:in `block (2 levels) in <main>'[0m

  61) トップページのテスト ボディ部分のテスト 表示の確認 Log inリンクが表示される
      [31mFailure/Error: expect(login_link).to match(/log in/i)[0m
      [31m[0m
      [31m  expected "\n                  　login\n" to match /log in/i[0m
      [31m  Diff:[0m[0m
      [31m  [0m[34m@@ -1,2 +1,3 @@[0m
      [31m  [0m[31m-/log in/i[0m
      [31m  [0m[32m+[0m
      [31m  [0m[32m+                  　login[0m
      [31m  [0m[0m
      [31m[0m
      [31m[0m
      [31m[0m
      [36m# ./spec/system/top_spec.rb:12:in `block (4 levels) in <main>'[0m

  62) トップページのテスト ボディ部分のテスト ログインしている場合の挙動を確認 Log inリンクをクリックしたらユーザー詳細画面へ遷移する
      [31mFailure/Error: let(:user) { create(:user) }[0m
      [31m[0m
      [31mNoMethodError:[0m
      [31m  undefined method `name=' for #<User:0x0000000008d041b8>[0m
      [31m[0m
      [31m[0m
      [31m[0m
      [36m# /home/ec2-user/.rvm/gems/ruby-2.6.3/gems/factory_bot-6.1.0/lib/factory_bot/attribute_assigner.rb:16:in `public_send'[0m
      [36m# /home/ec2-user/.rvm/gems/ruby-2.6.3/gems/factory_bot-6.1.0/lib/factory_bot/attribute_assigner.rb:16:in `block (2 levels) in object'[0m
      [36m# /home/ec2-user/.rvm/gems/ruby-2.6.3/gems/factory_bot-6.1.0/lib/factory_bot/attribute_assigner.rb:15:in `each'[0m
      [36m# /home/ec2-user/.rvm/gems/ruby-2.6.3/gems/factory_bot-6.1.0/lib/factory_bot/attribute_assigner.rb:15:in `block in object'[0m
      [36m# /home/ec2-user/.rvm/gems/ruby-2.6.3/gems/factory_bot-6.1.0/lib/factory_bot/attribute_assigner.rb:14:in `tap'[0m
      [36m# /home/ec2-user/.rvm/gems/ruby-2.6.3/gems/factory_bot-6.1.0/lib/factory_bot/attribute_assigner.rb:14:in `object'[0m
      [36m# /home/ec2-user/.rvm/gems/ruby-2.6.3/gems/factory_bot-6.1.0/lib/factory_bot/evaluation.rb:13:in `object'[0m
      [36m# /home/ec2-user/.rvm/gems/ruby-2.6.3/gems/factory_bot-6.1.0/lib/factory_bot/strategy/create.rb:9:in `result'[0m
      [36m# /home/ec2-user/.rvm/gems/ruby-2.6.3/gems/factory_bot-6.1.0/lib/factory_bot/factory.rb:43:in `run'[0m
      [36m# /home/ec2-user/.rvm/gems/ruby-2.6.3/gems/factory_bot-6.1.0/lib/factory_bot/factory_runner.rb:29:in `block in run'[0m
      [36m# /home/ec2-user/.rvm/gems/ruby-2.6.3/gems/factory_bot-6.1.0/lib/factory_bot/factory_runner.rb:28:in `run'[0m
      [36m# /home/ec2-user/.rvm/gems/ruby-2.6.3/gems/factory_bot-6.1.0/lib/factory_bot/strategy_syntax_method_registrar.rb:28:in `block in define_singular_strategy_method'[0m
      [36m# ./spec/system/top_spec.rb:4:in `block (2 levels) in <main>'[0m
      [36m# ./spec/system/top_spec.rb:25:in `block (4 levels) in <main>'[0m

  63) トップページのテスト ボディ部分のテスト ログインしている場合の挙動を確認 Sign Upリンクをクリックしたらユーザー詳細画面に遷移する
      [31mFailure/Error: let(:user) { create(:user) }[0m
      [31m[0m
      [31mNoMethodError:[0m
      [31m  undefined method `name=' for #<User:0x0000000008fff228>[0m
      [31m[0m
      [31m[0m
      [31m[0m
      [36m# /home/ec2-user/.rvm/gems/ruby-2.6.3/gems/factory_bot-6.1.0/lib/factory_bot/attribute_assigner.rb:16:in `public_send'[0m
      [36m# /home/ec2-user/.rvm/gems/ruby-2.6.3/gems/factory_bot-6.1.0/lib/factory_bot/attribute_assigner.rb:16:in `block (2 levels) in object'[0m
      [36m# /home/ec2-user/.rvm/gems/ruby-2.6.3/gems/factory_bot-6.1.0/lib/factory_bot/attribute_assigner.rb:15:in `each'[0m
      [36m# /home/ec2-user/.rvm/gems/ruby-2.6.3/gems/factory_bot-6.1.0/lib/factory_bot/attribute_assigner.rb:15:in `block in object'[0m
      [36m# /home/ec2-user/.rvm/gems/ruby-2.6.3/gems/factory_bot-6.1.0/lib/factory_bot/attribute_assigner.rb:14:in `tap'[0m
      [36m# /home/ec2-user/.rvm/gems/ruby-2.6.3/gems/factory_bot-6.1.0/lib/factory_bot/attribute_assigner.rb:14:in `object'[0m
      [36m# /home/ec2-user/.rvm/gems/ruby-2.6.3/gems/factory_bot-6.1.0/lib/factory_bot/evaluation.rb:13:in `object'[0m
      [36m# /home/ec2-user/.rvm/gems/ruby-2.6.3/gems/factory_bot-6.1.0/lib/factory_bot/strategy/create.rb:9:in `result'[0m
      [36m# /home/ec2-user/.rvm/gems/ruby-2.6.3/gems/factory_bot-6.1.0/lib/factory_bot/factory.rb:43:in `run'[0m
      [36m# /home/ec2-user/.rvm/gems/ruby-2.6.3/gems/factory_bot-6.1.0/lib/factory_bot/factory_runner.rb:29:in `block in run'[0m
      [36m# /home/ec2-user/.rvm/gems/ruby-2.6.3/gems/factory_bot-6.1.0/lib/factory_bot/factory_runner.rb:28:in `run'[0m
      [36m# /home/ec2-user/.rvm/gems/ruby-2.6.3/gems/factory_bot-6.1.0/lib/factory_bot/strategy_syntax_method_registrar.rb:28:in `block in define_singular_strategy_method'[0m
      [36m# ./spec/system/top_spec.rb:4:in `block (2 levels) in <main>'[0m
      [36m# ./spec/system/top_spec.rb:25:in `block (4 levels) in <main>'[0m

  64) トップページのテスト ボディ部分のテスト ログインしていない場合の挙動を確認 Log inリンクをクリックしたらログイン画面へ遷移する
      [31mFailure/Error: click_link login_link[0m
      [31m[0m
      [31mCapybara::ElementNotFound:[0m
      [31m  Unable to find link "\n                  　login\n"[0m
      [31m[0m
      [31m[0m
      [31m[0m
      [36m# /home/ec2-user/.rvm/gems/ruby-2.6.3/gems/capybara-3.33.0/lib/capybara/node/finders.rb:302:in `block in synced_resolve'[0m
      [36m# /home/ec2-user/.rvm/gems/ruby-2.6.3/gems/capybara-3.33.0/lib/capybara/node/base.rb:83:in `synchronize'[0m
      [36m# /home/ec2-user/.rvm/gems/ruby-2.6.3/gems/capybara-3.33.0/lib/capybara/node/finders.rb:291:in `synced_resolve'[0m
      [36m# /home/ec2-user/.rvm/gems/ruby-2.6.3/gems/capybara-3.33.0/lib/capybara/node/finders.rb:52:in `find'[0m
      [36m# /home/ec2-user/.rvm/gems/ruby-2.6.3/gems/capybara-3.33.0/lib/capybara/node/actions.rb:42:in `click_link'[0m
      [36m# /home/ec2-user/.rvm/gems/ruby-2.6.3/gems/capybara-3.33.0/lib/capybara/session.rb:759:in `block (2 levels) in <class:Session>'[0m
      [36m# /home/ec2-user/.rvm/gems/ruby-2.6.3/gems/capybara-3.33.0/lib/capybara/dsl.rb:58:in `block (2 levels) in <module:DSL>'[0m
      [36m# ./spec/system/top_spec.rb:45:in `block (4 levels) in <main>'[0m

  65) ユーザー認証のテスト ユーザー新規登録 新規登録画面に遷移 新規登録に成功する
      [31mFailure/Error: click_button 'Sign up'[0m
      [31m[0m
      [31mActiveModel::UnknownAttributeError:[0m
      [31m  unknown attribute 'name' for User.[0m
      [31m[0m
      [31m[0m
      [31m[0m
      [36m# /home/ec2-user/.rvm/gems/ruby-2.6.3/gems/devise-4.7.3/lib/devise/models/database_authenticatable.rb:45:in `initialize'[0m
      [36m# /home/ec2-user/.rvm/gems/ruby-2.6.3/gems/devise-4.7.3/lib/devise/models/registerable.rb:22:in `new_with_session'[0m
      [36m# /home/ec2-user/.rvm/gems/ruby-2.6.3/gems/devise-4.7.3/app/controllers/devise/registrations_controller.rb:100:in `build_resource'[0m
      [36m# /home/ec2-user/.rvm/gems/ruby-2.6.3/gems/devise-4.7.3/app/controllers/devise/registrations_controller.rb:17:in `create'[0m
      [36m# /home/ec2-user/.rvm/gems/ruby-2.6.3/gems/warden-1.2.9/lib/warden/manager.rb:36:in `block in call'[0m
      [36m# /home/ec2-user/.rvm/gems/ruby-2.6.3/gems/warden-1.2.9/lib/warden/manager.rb:34:in `catch'[0m
      [36m# /home/ec2-user/.rvm/gems/ruby-2.6.3/gems/warden-1.2.9/lib/warden/manager.rb:34:in `call'[0m
      [36m# /home/ec2-user/.rvm/gems/ruby-2.6.3/gems/rack-2.2.3/lib/rack/tempfile_reaper.rb:15:in `call'[0m
      [36m# /home/ec2-user/.rvm/gems/ruby-2.6.3/gems/rack-2.2.3/lib/rack/etag.rb:27:in `call'[0m
      [36m# /home/ec2-user/.rvm/gems/ruby-2.6.3/gems/rack-2.2.3/lib/rack/conditional_get.rb:40:in `call'[0m
      [36m# /home/ec2-user/.rvm/gems/ruby-2.6.3/gems/rack-2.2.3/lib/rack/head.rb:12:in `call'[0m
      [36m# /home/ec2-user/.rvm/gems/ruby-2.6.3/gems/rack-2.2.3/lib/rack/session/abstract/id.rb:266:in `context'[0m
      [36m# /home/ec2-user/.rvm/gems/ruby-2.6.3/gems/rack-2.2.3/lib/rack/session/abstract/id.rb:260:in `call'[0m
      [36m# /home/ec2-user/.rvm/gems/ruby-2.6.3/gems/railties-5.2.4.4/lib/rails/rack/logger.rb:38:in `call_app'[0m
      [36m# /home/ec2-user/.rvm/gems/ruby-2.6.3/gems/railties-5.2.4.4/lib/rails/rack/logger.rb:26:in `block in call'[0m
      [36m# /home/ec2-user/.rvm/gems/ruby-2.6.3/gems/railties-5.2.4.4/lib/rails/rack/logger.rb:26:in `call'[0m
      [36m# /home/ec2-user/.rvm/gems/ruby-2.6.3/gems/rack-2.2.3/lib/rack/method_override.rb:24:in `call'[0m
      [36m# /home/ec2-user/.rvm/gems/ruby-2.6.3/gems/rack-2.2.3/lib/rack/runtime.rb:22:in `call'[0m
      [36m# /home/ec2-user/.rvm/gems/ruby-2.6.3/gems/rack-2.2.3/lib/rack/sendfile.rb:110:in `call'[0m
      [36m# /home/ec2-user/.rvm/gems/ruby-2.6.3/gems/railties-5.2.4.4/lib/rails/engine.rb:524:in `call'[0m
      [36m# /home/ec2-user/.rvm/gems/ruby-2.6.3/gems/rack-2.2.3/lib/rack/urlmap.rb:74:in `block in call'[0m
      [36m# /home/ec2-user/.rvm/gems/ruby-2.6.3/gems/rack-2.2.3/lib/rack/urlmap.rb:58:in `each'[0m
      [36m# /home/ec2-user/.rvm/gems/ruby-2.6.3/gems/rack-2.2.3/lib/rack/urlmap.rb:58:in `call'[0m
      [36m# /home/ec2-user/.rvm/gems/ruby-2.6.3/gems/rack-2.2.3/lib/rack/builder.rb:244:in `call'[0m
      [36m# /home/ec2-user/.rvm/gems/ruby-2.6.3/gems/rack-test-1.1.0/lib/rack/mock_session.rb:29:in `request'[0m
      [36m# /home/ec2-user/.rvm/gems/ruby-2.6.3/gems/rack-test-1.1.0/lib/rack/test.rb:266:in `process_request'[0m
      [36m# /home/ec2-user/.rvm/gems/ruby-2.6.3/gems/rack-test-1.1.0/lib/rack/test.rb:129:in `custom_request'[0m
      [36m# /home/ec2-user/.rvm/gems/ruby-2.6.3/gems/rack-test-1.1.0/lib/rack/test.rb:66:in `post'[0m
      [36m# /home/ec2-user/.rvm/gems/ruby-2.6.3/gems/capybara-3.33.0/lib/capybara/rack_test/browser.rb:70:in `process'[0m
      [36m# /home/ec2-user/.rvm/gems/ruby-2.6.3/gems/capybara-3.33.0/lib/capybara/rack_test/browser.rb:45:in `process_and_follow_redirects'[0m
      [36m# /home/ec2-user/.rvm/gems/ruby-2.6.3/gems/capybara-3.33.0/lib/capybara/rack_test/browser.rb:35:in `submit'[0m
      [36m# /home/ec2-user/.rvm/gems/ruby-2.6.3/gems/capybara-3.33.0/lib/capybara/rack_test/form.rb:43:in `submit'[0m
      [36m# /home/ec2-user/.rvm/gems/ruby-2.6.3/gems/capybara-3.33.0/lib/capybara/rack_test/node.rb:75:in `click'[0m
      [36m# /home/ec2-user/.rvm/gems/ruby-2.6.3/gems/capybara-3.33.0/lib/capybara/rack_test/node.rb:137:in `block (2 levels) in <class:Node>'[0m
      [36m# /home/ec2-user/.rvm/gems/ruby-2.6.3/gems/capybara-3.33.0/lib/capybara/node/element.rb:172:in `block in click'[0m
      [36m# /home/ec2-user/.rvm/gems/ruby-2.6.3/gems/capybara-3.33.0/lib/capybara/node/element.rb:601:in `block in perform_click_action'[0m
      [36m# /home/ec2-user/.rvm/gems/ruby-2.6.3/gems/capybara-3.33.0/lib/capybara/node/base.rb:83:in `synchronize'[0m
      [36m# /home/ec2-user/.rvm/gems/ruby-2.6.3/gems/capybara-3.33.0/lib/capybara/node/element.rb:601:in `perform_click_action'[0m
      [36m# /home/ec2-user/.rvm/gems/ruby-2.6.3/gems/capybara-3.33.0/lib/capybara/node/element.rb:171:in `click'[0m
      [36m# /home/ec2-user/.rvm/gems/ruby-2.6.3/gems/capybara-3.33.0/lib/capybara/node/actions.rb:58:in `click_button'[0m
      [36m# /home/ec2-user/.rvm/gems/ruby-2.6.3/gems/capybara-3.33.0/lib/capybara/session.rb:759:in `block (2 levels) in <class:Session>'[0m
      [36m# /home/ec2-user/.rvm/gems/ruby-2.6.3/gems/capybara-3.33.0/lib/capybara/dsl.rb:58:in `block (2 levels) in <module:DSL>'[0m
      [36m# ./spec/system/users_spec.rb:14:in `block (4 levels) in <main>'[0m

  66) ユーザー認証のテスト ユーザー新規登録 新規登録画面に遷移 新規登録に失敗する
      [31mFailure/Error: click_button 'Sign up'[0m
      [31m[0m
      [31mActiveModel::UnknownAttributeError:[0m
      [31m  unknown attribute 'name' for User.[0m
      [31m[0m
      [31m[0m
      [31m[0m
      [36m# /home/ec2-user/.rvm/gems/ruby-2.6.3/gems/devise-4.7.3/lib/devise/models/database_authenticatable.rb:45:in `initialize'[0m
      [36m# /home/ec2-user/.rvm/gems/ruby-2.6.3/gems/devise-4.7.3/lib/devise/models/registerable.rb:22:in `new_with_session'[0m
      [36m# /home/ec2-user/.rvm/gems/ruby-2.6.3/gems/devise-4.7.3/app/controllers/devise/registrations_controller.rb:100:in `build_resource'[0m
      [36m# /home/ec2-user/.rvm/gems/ruby-2.6.3/gems/devise-4.7.3/app/controllers/devise/registrations_controller.rb:17:in `create'[0m
      [36m# /home/ec2-user/.rvm/gems/ruby-2.6.3/gems/warden-1.2.9/lib/warden/manager.rb:36:in `block in call'[0m
      [36m# /home/ec2-user/.rvm/gems/ruby-2.6.3/gems/warden-1.2.9/lib/warden/manager.rb:34:in `catch'[0m
      [36m# /home/ec2-user/.rvm/gems/ruby-2.6.3/gems/warden-1.2.9/lib/warden/manager.rb:34:in `call'[0m
      [36m# /home/ec2-user/.rvm/gems/ruby-2.6.3/gems/rack-2.2.3/lib/rack/tempfile_reaper.rb:15:in `call'[0m
      [36m# /home/ec2-user/.rvm/gems/ruby-2.6.3/gems/rack-2.2.3/lib/rack/etag.rb:27:in `call'[0m
      [36m# /home/ec2-user/.rvm/gems/ruby-2.6.3/gems/rack-2.2.3/lib/rack/conditional_get.rb:40:in `call'[0m
      [36m# /home/ec2-user/.rvm/gems/ruby-2.6.3/gems/rack-2.2.3/lib/rack/head.rb:12:in `call'[0m
      [36m# /home/ec2-user/.rvm/gems/ruby-2.6.3/gems/rack-2.2.3/lib/rack/session/abstract/id.rb:266:in `context'[0m
      [36m# /home/ec2-user/.rvm/gems/ruby-2.6.3/gems/rack-2.2.3/lib/rack/session/abstract/id.rb:260:in `call'[0m
      [36m# /home/ec2-user/.rvm/gems/ruby-2.6.3/gems/railties-5.2.4.4/lib/rails/rack/logger.rb:38:in `call_app'[0m
      [36m# /home/ec2-user/.rvm/gems/ruby-2.6.3/gems/railties-5.2.4.4/lib/rails/rack/logger.rb:26:in `block in call'[0m
      [36m# /home/ec2-user/.rvm/gems/ruby-2.6.3/gems/railties-5.2.4.4/lib/rails/rack/logger.rb:26:in `call'[0m
      [36m# /home/ec2-user/.rvm/gems/ruby-2.6.3/gems/rack-2.2.3/lib/rack/method_override.rb:24:in `call'[0m
      [36m# /home/ec2-user/.rvm/gems/ruby-2.6.3/gems/rack-2.2.3/lib/rack/runtime.rb:22:in `call'[0m
      [36m# /home/ec2-user/.rvm/gems/ruby-2.6.3/gems/rack-2.2.3/lib/rack/sendfile.rb:110:in `call'[0m
      [36m# /home/ec2-user/.rvm/gems/ruby-2.6.3/gems/railties-5.2.4.4/lib/rails/engine.rb:524:in `call'[0m
      [36m# /home/ec2-user/.rvm/gems/ruby-2.6.3/gems/rack-2.2.3/lib/rack/urlmap.rb:74:in `block in call'[0m
      [36m# /home/ec2-user/.rvm/gems/ruby-2.6.3/gems/rack-2.2.3/lib/rack/urlmap.rb:58:in `each'[0m
      [36m# /home/ec2-user/.rvm/gems/ruby-2.6.3/gems/rack-2.2.3/lib/rack/urlmap.rb:58:in `call'[0m
      [36m# /home/ec2-user/.rvm/gems/ruby-2.6.3/gems/rack-2.2.3/lib/rack/builder.rb:244:in `call'[0m
      [36m# /home/ec2-user/.rvm/gems/ruby-2.6.3/gems/rack-test-1.1.0/lib/rack/mock_session.rb:29:in `request'[0m
      [36m# /home/ec2-user/.rvm/gems/ruby-2.6.3/gems/rack-test-1.1.0/lib/rack/test.rb:266:in `process_request'[0m
      [36m# /home/ec2-user/.rvm/gems/ruby-2.6.3/gems/rack-test-1.1.0/lib/rack/test.rb:129:in `custom_request'[0m
      [36m# /home/ec2-user/.rvm/gems/ruby-2.6.3/gems/rack-test-1.1.0/lib/rack/test.rb:66:in `post'[0m
      [36m# /home/ec2-user/.rvm/gems/ruby-2.6.3/gems/capybara-3.33.0/lib/capybara/rack_test/browser.rb:70:in `process'[0m
      [36m# /home/ec2-user/.rvm/gems/ruby-2.6.3/gems/capybara-3.33.0/lib/capybara/rack_test/browser.rb:45:in `process_and_follow_redirects'[0m
      [36m# /home/ec2-user/.rvm/gems/ruby-2.6.3/gems/capybara-3.33.0/lib/capybara/rack_test/browser.rb:35:in `submit'[0m
      [36m# /home/ec2-user/.rvm/gems/ruby-2.6.3/gems/capybara-3.33.0/lib/capybara/rack_test/form.rb:43:in `submit'[0m
      [36m# /home/ec2-user/.rvm/gems/ruby-2.6.3/gems/capybara-3.33.0/lib/capybara/rack_test/node.rb:75:in `click'[0m
      [36m# /home/ec2-user/.rvm/gems/ruby-2.6.3/gems/capybara-3.33.0/lib/capybara/rack_test/node.rb:137:in `block (2 levels) in <class:Node>'[0m
      [36m# /home/ec2-user/.rvm/gems/ruby-2.6.3/gems/capybara-3.33.0/lib/capybara/node/element.rb:172:in `block in click'[0m
      [36m# /home/ec2-user/.rvm/gems/ruby-2.6.3/gems/capybara-3.33.0/lib/capybara/node/element.rb:601:in `block in perform_click_action'[0m
      [36m# /home/ec2-user/.rvm/gems/ruby-2.6.3/gems/capybara-3.33.0/lib/capybara/node/base.rb:83:in `synchronize'[0m
      [36m# /home/ec2-user/.rvm/gems/ruby-2.6.3/gems/capybara-3.33.0/lib/capybara/node/element.rb:601:in `perform_click_action'[0m
      [36m# /home/ec2-user/.rvm/gems/ruby-2.6.3/gems/capybara-3.33.0/lib/capybara/node/element.rb:171:in `click'[0m
      [36m# /home/ec2-user/.rvm/gems/ruby-2.6.3/gems/capybara-3.33.0/lib/capybara/node/actions.rb:58:in `click_button'[0m
      [36m# /home/ec2-user/.rvm/gems/ruby-2.6.3/gems/capybara-3.33.0/lib/capybara/session.rb:759:in `block (2 levels) in <class:Session>'[0m
      [36m# /home/ec2-user/.rvm/gems/ruby-2.6.3/gems/capybara-3.33.0/lib/capybara/dsl.rb:58:in `block (2 levels) in <module:DSL>'[0m
      [36m# ./spec/system/users_spec.rb:23:in `block (4 levels) in <main>'[0m

  67) ユーザー認証のテスト ユーザーログイン ログイン画面に遷移 ログインに成功する
      [31mFailure/Error: let(:user) { create(:user) }[0m
      [31m[0m
      [31mNoMethodError:[0m
      [31m  undefined method `name=' for #<User:0x00000000092b3cd0>[0m
      [31m[0m
      [31m[0m
      [31m[0m
      [36m# /home/ec2-user/.rvm/gems/ruby-2.6.3/gems/factory_bot-6.1.0/lib/factory_bot/attribute_assigner.rb:16:in `public_send'[0m
      [36m# /home/ec2-user/.rvm/gems/ruby-2.6.3/gems/factory_bot-6.1.0/lib/factory_bot/attribute_assigner.rb:16:in `block (2 levels) in object'[0m
      [36m# /home/ec2-user/.rvm/gems/ruby-2.6.3/gems/factory_bot-6.1.0/lib/factory_bot/attribute_assigner.rb:15:in `each'[0m
      [36m# /home/ec2-user/.rvm/gems/ruby-2.6.3/gems/factory_bot-6.1.0/lib/factory_bot/attribute_assigner.rb:15:in `block in object'[0m
      [36m# /home/ec2-user/.rvm/gems/ruby-2.6.3/gems/factory_bot-6.1.0/lib/factory_bot/attribute_assigner.rb:14:in `tap'[0m
      [36m# /home/ec2-user/.rvm/gems/ruby-2.6.3/gems/factory_bot-6.1.0/lib/factory_bot/attribute_assigner.rb:14:in `object'[0m
      [36m# /home/ec2-user/.rvm/gems/ruby-2.6.3/gems/factory_bot-6.1.0/lib/factory_bot/evaluation.rb:13:in `object'[0m
      [36m# /home/ec2-user/.rvm/gems/ruby-2.6.3/gems/factory_bot-6.1.0/lib/factory_bot/strategy/create.rb:9:in `result'[0m
      [36m# /home/ec2-user/.rvm/gems/ruby-2.6.3/gems/factory_bot-6.1.0/lib/factory_bot/factory.rb:43:in `run'[0m
      [36m# /home/ec2-user/.rvm/gems/ruby-2.6.3/gems/factory_bot-6.1.0/lib/factory_bot/factory_runner.rb:29:in `block in run'[0m
      [36m# /home/ec2-user/.rvm/gems/ruby-2.6.3/gems/factory_bot-6.1.0/lib/factory_bot/factory_runner.rb:28:in `run'[0m
      [36m# /home/ec2-user/.rvm/gems/ruby-2.6.3/gems/factory_bot-6.1.0/lib/factory_bot/strategy_syntax_method_registrar.rb:28:in `block in define_singular_strategy_method'[0m
      [36m# ./spec/system/users_spec.rb:30:in `block (3 levels) in <main>'[0m
      [36m# ./spec/system/users_spec.rb:35:in `block (4 levels) in <main>'[0m
      [36m# ./spec/system/users_spec.rb:37:in `block (4 levels) in <main>'[0m

  68) ユーザー認証のテスト ユーザーログイン ログイン画面に遷移 ログインに失敗する
      [31mFailure/Error: click_button 'Log in'[0m
      [31m[0m
      [31mActiveModel::UnknownAttributeError:[0m
      [31m  unknown attribute 'name' for User.[0m
      [31m[0m
      [31m[0m
      [31m[0m
      [36m# /home/ec2-user/.rvm/gems/ruby-2.6.3/gems/devise-4.7.3/lib/devise/models/database_authenticatable.rb:45:in `initialize'[0m
      [36m# /home/ec2-user/.rvm/gems/ruby-2.6.3/gems/devise-4.7.3/app/controllers/devise/sessions_controller.rb:11:in `new'[0m
      [36m# /home/ec2-user/.rvm/gems/ruby-2.6.3/gems/devise-4.7.3/lib/devise/failure_app.rb:74:in `recall'[0m
      [36m# /home/ec2-user/.rvm/gems/ruby-2.6.3/gems/devise-4.7.3/lib/devise/failure_app.rb:41:in `respond'[0m
      [36m# /home/ec2-user/.rvm/gems/ruby-2.6.3/gems/devise-4.7.3/lib/devise/failure_app.rb:23:in `call'[0m
      [36m# /home/ec2-user/.rvm/gems/ruby-2.6.3/gems/devise-4.7.3/lib/devise/delegator.rb:7:in `call'[0m
      [36m# /home/ec2-user/.rvm/gems/ruby-2.6.3/gems/warden-1.2.9/lib/warden/manager.rb:143:in `call_failure_app'[0m
      [36m# /home/ec2-user/.rvm/gems/ruby-2.6.3/gems/warden-1.2.9/lib/warden/manager.rb:129:in `process_unauthenticated'[0m
      [36m# /home/ec2-user/.rvm/gems/ruby-2.6.3/gems/warden-1.2.9/lib/warden/manager.rb:44:in `call'[0m
      [36m# /home/ec2-user/.rvm/gems/ruby-2.6.3/gems/rack-2.2.3/lib/rack/tempfile_reaper.rb:15:in `call'[0m
      [36m# /home/ec2-user/.rvm/gems/ruby-2.6.3/gems/rack-2.2.3/lib/rack/etag.rb:27:in `call'[0m
      [36m# /home/ec2-user/.rvm/gems/ruby-2.6.3/gems/rack-2.2.3/lib/rack/conditional_get.rb:40:in `call'[0m
      [36m# /home/ec2-user/.rvm/gems/ruby-2.6.3/gems/rack-2.2.3/lib/rack/head.rb:12:in `call'[0m
      [36m# /home/ec2-user/.rvm/gems/ruby-2.6.3/gems/rack-2.2.3/lib/rack/session/abstract/id.rb:266:in `context'[0m
      [36m# /home/ec2-user/.rvm/gems/ruby-2.6.3/gems/rack-2.2.3/lib/rack/session/abstract/id.rb:260:in `call'[0m
      [36m# /home/ec2-user/.rvm/gems/ruby-2.6.3/gems/railties-5.2.4.4/lib/rails/rack/logger.rb:38:in `call_app'[0m
      [36m# /home/ec2-user/.rvm/gems/ruby-2.6.3/gems/railties-5.2.4.4/lib/rails/rack/logger.rb:26:in `block in call'[0m
      [36m# /home/ec2-user/.rvm/gems/ruby-2.6.3/gems/railties-5.2.4.4/lib/rails/rack/logger.rb:26:in `call'[0m
      [36m# /home/ec2-user/.rvm/gems/ruby-2.6.3/gems/rack-2.2.3/lib/rack/method_override.rb:24:in `call'[0m
      [36m# /home/ec2-user/.rvm/gems/ruby-2.6.3/gems/rack-2.2.3/lib/rack/runtime.rb:22:in `call'[0m
      [36m# /home/ec2-user/.rvm/gems/ruby-2.6.3/gems/rack-2.2.3/lib/rack/sendfile.rb:110:in `call'[0m
      [36m# /home/ec2-user/.rvm/gems/ruby-2.6.3/gems/railties-5.2.4.4/lib/rails/engine.rb:524:in `call'[0m
      [36m# /home/ec2-user/.rvm/gems/ruby-2.6.3/gems/rack-2.2.3/lib/rack/urlmap.rb:74:in `block in call'[0m
      [36m# /home/ec2-user/.rvm/gems/ruby-2.6.3/gems/rack-2.2.3/lib/rack/urlmap.rb:58:in `each'[0m
      [36m# /home/ec2-user/.rvm/gems/ruby-2.6.3/gems/rack-2.2.3/lib/rack/urlmap.rb:58:in `call'[0m
      [36m# /home/ec2-user/.rvm/gems/ruby-2.6.3/gems/rack-2.2.3/lib/rack/builder.rb:244:in `call'[0m
      [36m# /home/ec2-user/.rvm/gems/ruby-2.6.3/gems/rack-test-1.1.0/lib/rack/mock_session.rb:29:in `request'[0m
      [36m# /home/ec2-user/.rvm/gems/ruby-2.6.3/gems/rack-test-1.1.0/lib/rack/test.rb:266:in `process_request'[0m
      [36m# /home/ec2-user/.rvm/gems/ruby-2.6.3/gems/rack-test-1.1.0/lib/rack/test.rb:129:in `custom_request'[0m
      [36m# /home/ec2-user/.rvm/gems/ruby-2.6.3/gems/rack-test-1.1.0/lib/rack/test.rb:66:in `post'[0m
      [36m# /home/ec2-user/.rvm/gems/ruby-2.6.3/gems/capybara-3.33.0/lib/capybara/rack_test/browser.rb:70:in `process'[0m
      [36m# /home/ec2-user/.rvm/gems/ruby-2.6.3/gems/capybara-3.33.0/lib/capybara/rack_test/browser.rb:45:in `process_and_follow_redirects'[0m
      [36m# /home/ec2-user/.rvm/gems/ruby-2.6.3/gems/capybara-3.33.0/lib/capybara/rack_test/browser.rb:35:in `submit'[0m
      [36m# /home/ec2-user/.rvm/gems/ruby-2.6.3/gems/capybara-3.33.0/lib/capybara/rack_test/form.rb:43:in `submit'[0m
      [36m# /home/ec2-user/.rvm/gems/ruby-2.6.3/gems/capybara-3.33.0/lib/capybara/rack_test/node.rb:75:in `click'[0m
      [36m# /home/ec2-user/.rvm/gems/ruby-2.6.3/gems/capybara-3.33.0/lib/capybara/rack_test/node.rb:137:in `block (2 levels) in <class:Node>'[0m
      [36m# /home/ec2-user/.rvm/gems/ruby-2.6.3/gems/capybara-3.33.0/lib/capybara/node/element.rb:172:in `block in click'[0m
      [36m# /home/ec2-user/.rvm/gems/ruby-2.6.3/gems/capybara-3.33.0/lib/capybara/node/element.rb:601:in `block in perform_click_action'[0m
      [36m# /home/ec2-user/.rvm/gems/ruby-2.6.3/gems/capybara-3.33.0/lib/capybara/node/base.rb:83:in `synchronize'[0m
      [36m# /home/ec2-user/.rvm/gems/ruby-2.6.3/gems/capybara-3.33.0/lib/capybara/node/element.rb:601:in `perform_click_action'[0m
      [36m# /home/ec2-user/.rvm/gems/ruby-2.6.3/gems/capybara-3.33.0/lib/capybara/node/element.rb:171:in `click'[0m
      [36m# /home/ec2-user/.rvm/gems/ruby-2.6.3/gems/capybara-3.33.0/lib/capybara/node/actions.rb:58:in `click_button'[0m
      [36m# /home/ec2-user/.rvm/gems/ruby-2.6.3/gems/capybara-3.33.0/lib/capybara/session.rb:759:in `block (2 levels) in <class:Session>'[0m
      [36m# /home/ec2-user/.rvm/gems/ruby-2.6.3/gems/capybara-3.33.0/lib/capybara/dsl.rb:58:in `block (2 levels) in <module:DSL>'[0m
      [36m# ./spec/system/users_spec.rb:47:in `block (4 levels) in <main>'[0m

  69) ユーザーのテスト サイドバーのテスト 表示の確認 User infoと表示される
      [31mFailure/Error: let!(:test_user2) { create(:user) }[0m
      [31m[0m
      [31mNoMethodError:[0m
      [31m  undefined method `name=' for #<User:0x00000000093344e8>[0m
      [31m[0m
      [31m[0m
      [31m[0m
      [36m# /home/ec2-user/.rvm/gems/ruby-2.6.3/gems/factory_bot-6.1.0/lib/factory_bot/attribute_assigner.rb:16:in `public_send'[0m
      [36m# /home/ec2-user/.rvm/gems/ruby-2.6.3/gems/factory_bot-6.1.0/lib/factory_bot/attribute_assigner.rb:16:in `block (2 levels) in object'[0m
      [36m# /home/ec2-user/.rvm/gems/ruby-2.6.3/gems/factory_bot-6.1.0/lib/factory_bot/attribute_assigner.rb:15:in `each'[0m
      [36m# /home/ec2-user/.rvm/gems/ruby-2.6.3/gems/factory_bot-6.1.0/lib/factory_bot/attribute_assigner.rb:15:in `block in object'[0m
      [36m# /home/ec2-user/.rvm/gems/ruby-2.6.3/gems/factory_bot-6.1.0/lib/factory_bot/attribute_assigner.rb:14:in `tap'[0m
      [36m# /home/ec2-user/.rvm/gems/ruby-2.6.3/gems/factory_bot-6.1.0/lib/factory_bot/attribute_assigner.rb:14:in `object'[0m
      [36m# /home/ec2-user/.rvm/gems/ruby-2.6.3/gems/factory_bot-6.1.0/lib/factory_bot/evaluation.rb:13:in `object'[0m
      [36m# /home/ec2-user/.rvm/gems/ruby-2.6.3/gems/factory_bot-6.1.0/lib/factory_bot/strategy/create.rb:9:in `result'[0m
      [36m# /home/ec2-user/.rvm/gems/ruby-2.6.3/gems/factory_bot-6.1.0/lib/factory_bot/factory.rb:43:in `run'[0m
      [36m# /home/ec2-user/.rvm/gems/ruby-2.6.3/gems/factory_bot-6.1.0/lib/factory_bot/factory_runner.rb:29:in `block in run'[0m
      [36m# /home/ec2-user/.rvm/gems/ruby-2.6.3/gems/factory_bot-6.1.0/lib/factory_bot/factory_runner.rb:28:in `run'[0m
      [36m# /home/ec2-user/.rvm/gems/ruby-2.6.3/gems/factory_bot-6.1.0/lib/factory_bot/strategy_syntax_method_registrar.rb:28:in `block in define_singular_strategy_method'[0m
      [36m# ./spec/system/users_spec.rb:57:in `block (2 levels) in <main>'[0m

  70) ユーザーのテスト サイドバーのテスト 表示の確認 画像が表示される
      [31mFailure/Error: let!(:test_user2) { create(:user) }[0m
      [31m[0m
      [31mNoMethodError:[0m
      [31m  undefined method `name=' for #<User:0x0000000009341210>[0m
      [31m[0m
      [31m[0m
      [31m[0m
      [36m# /home/ec2-user/.rvm/gems/ruby-2.6.3/gems/factory_bot-6.1.0/lib/factory_bot/attribute_assigner.rb:16:in `public_send'[0m
      [36m# /home/ec2-user/.rvm/gems/ruby-2.6.3/gems/factory_bot-6.1.0/lib/factory_bot/attribute_assigner.rb:16:in `block (2 levels) in object'[0m
      [36m# /home/ec2-user/.rvm/gems/ruby-2.6.3/gems/factory_bot-6.1.0/lib/factory_bot/attribute_assigner.rb:15:in `each'[0m
      [36m# /home/ec2-user/.rvm/gems/ruby-2.6.3/gems/factory_bot-6.1.0/lib/factory_bot/attribute_assigner.rb:15:in `block in object'[0m
      [36m# /home/ec2-user/.rvm/gems/ruby-2.6.3/gems/factory_bot-6.1.0/lib/factory_bot/attribute_assigner.rb:14:in `tap'[0m
      [36m# /home/ec2-user/.rvm/gems/ruby-2.6.3/gems/factory_bot-6.1.0/lib/factory_bot/attribute_assigner.rb:14:in `object'[0m
      [36m# /home/ec2-user/.rvm/gems/ruby-2.6.3/gems/factory_bot-6.1.0/lib/factory_bot/evaluation.rb:13:in `object'[0m
      [36m# /home/ec2-user/.rvm/gems/ruby-2.6.3/gems/factory_bot-6.1.0/lib/factory_bot/strategy/create.rb:9:in `result'[0m
      [36m# /home/ec2-user/.rvm/gems/ruby-2.6.3/gems/factory_bot-6.1.0/lib/factory_bot/factory.rb:43:in `run'[0m
      [36m# /home/ec2-user/.rvm/gems/ruby-2.6.3/gems/factory_bot-6.1.0/lib/factory_bot/factory_runner.rb:29:in `block in run'[0m
      [36m# /home/ec2-user/.rvm/gems/ruby-2.6.3/gems/factory_bot-6.1.0/lib/factory_bot/factory_runner.rb:28:in `run'[0m
      [36m# /home/ec2-user/.rvm/gems/ruby-2.6.3/gems/factory_bot-6.1.0/lib/factory_bot/strategy_syntax_method_registrar.rb:28:in `block in define_singular_strategy_method'[0m
      [36m# ./spec/system/users_spec.rb:57:in `block (2 levels) in <main>'[0m

  71) ユーザーのテスト サイドバーのテスト 表示の確認 名前が表示される
      [31mFailure/Error: let!(:test_user2) { create(:user) }[0m
      [31m[0m
      [31mNoMethodError:[0m
      [31m  undefined method `name=' for #<User:0x000000000934a900>[0m
      [31m[0m
      [31m[0m
      [31m[0m
      [36m# /home/ec2-user/.rvm/gems/ruby-2.6.3/gems/factory_bot-6.1.0/lib/factory_bot/attribute_assigner.rb:16:in `public_send'[0m
      [36m# /home/ec2-user/.rvm/gems/ruby-2.6.3/gems/factory_bot-6.1.0/lib/factory_bot/attribute_assigner.rb:16:in `block (2 levels) in object'[0m
      [36m# /home/ec2-user/.rvm/gems/ruby-2.6.3/gems/factory_bot-6.1.0/lib/factory_bot/attribute_assigner.rb:15:in `each'[0m
      [36m# /home/ec2-user/.rvm/gems/ruby-2.6.3/gems/factory_bot-6.1.0/lib/factory_bot/attribute_assigner.rb:15:in `block in object'[0m
      [36m# /home/ec2-user/.rvm/gems/ruby-2.6.3/gems/factory_bot-6.1.0/lib/factory_bot/attribute_assigner.rb:14:in `tap'[0m
      [36m# /home/ec2-user/.rvm/gems/ruby-2.6.3/gems/factory_bot-6.1.0/lib/factory_bot/attribute_assigner.rb:14:in `object'[0m
      [36m# /home/ec2-user/.rvm/gems/ruby-2.6.3/gems/factory_bot-6.1.0/lib/factory_bot/evaluation.rb:13:in `object'[0m
      [36m# /home/ec2-user/.rvm/gems/ruby-2.6.3/gems/factory_bot-6.1.0/lib/factory_bot/strategy/create.rb:9:in `result'[0m
      [36m# /home/ec2-user/.rvm/gems/ruby-2.6.3/gems/factory_bot-6.1.0/lib/factory_bot/factory.rb:43:in `run'[0m
      [36m# /home/ec2-user/.rvm/gems/ruby-2.6.3/gems/factory_bot-6.1.0/lib/factory_bot/factory_runner.rb:29:in `block in run'[0m
      [36m# /home/ec2-user/.rvm/gems/ruby-2.6.3/gems/factory_bot-6.1.0/lib/factory_bot/factory_runner.rb:28:in `run'[0m
      [36m# /home/ec2-user/.rvm/gems/ruby-2.6.3/gems/factory_bot-6.1.0/lib/factory_bot/strategy_syntax_method_registrar.rb:28:in `block in define_singular_strategy_method'[0m
      [36m# ./spec/system/users_spec.rb:57:in `block (2 levels) in <main>'[0m

  72) ユーザーのテスト サイドバーのテスト 表示の確認 自己紹介が表示される
      [31mFailure/Error: let!(:test_user2) { create(:user) }[0m
      [31m[0m
      [31mNoMethodError:[0m
      [31m  undefined method `name=' for #<User:0x000000000934cc28>[0m
      [31m[0m
      [31m[0m
      [31m[0m
      [36m# /home/ec2-user/.rvm/gems/ruby-2.6.3/gems/factory_bot-6.1.0/lib/factory_bot/attribute_assigner.rb:16:in `public_send'[0m
      [36m# /home/ec2-user/.rvm/gems/ruby-2.6.3/gems/factory_bot-6.1.0/lib/factory_bot/attribute_assigner.rb:16:in `block (2 levels) in object'[0m
      [36m# /home/ec2-user/.rvm/gems/ruby-2.6.3/gems/factory_bot-6.1.0/lib/factory_bot/attribute_assigner.rb:15:in `each'[0m
      [36m# /home/ec2-user/.rvm/gems/ruby-2.6.3/gems/factory_bot-6.1.0/lib/factory_bot/attribute_assigner.rb:15:in `block in object'[0m
      [36m# /home/ec2-user/.rvm/gems/ruby-2.6.3/gems/factory_bot-6.1.0/lib/factory_bot/attribute_assigner.rb:14:in `tap'[0m
      [36m# /home/ec2-user/.rvm/gems/ruby-2.6.3/gems/factory_bot-6.1.0/lib/factory_bot/attribute_assigner.rb:14:in `object'[0m
      [36m# /home/ec2-user/.rvm/gems/ruby-2.6.3/gems/factory_bot-6.1.0/lib/factory_bot/evaluation.rb:13:in `object'[0m
      [36m# /home/ec2-user/.rvm/gems/ruby-2.6.3/gems/factory_bot-6.1.0/lib/factory_bot/strategy/create.rb:9:in `result'[0m
      [36m# /home/ec2-user/.rvm/gems/ruby-2.6.3/gems/factory_bot-6.1.0/lib/factory_bot/factory.rb:43:in `run'[0m
      [36m# /home/ec2-user/.rvm/gems/ruby-2.6.3/gems/factory_bot-6.1.0/lib/factory_bot/factory_runner.rb:29:in `block in run'[0m
      [36m# /home/ec2-user/.rvm/gems/ruby-2.6.3/gems/factory_bot-6.1.0/lib/factory_bot/factory_runner.rb:28:in `run'[0m
      [36m# /home/ec2-user/.rvm/gems/ruby-2.6.3/gems/factory_bot-6.1.0/lib/factory_bot/strategy_syntax_method_registrar.rb:28:in `block in define_singular_strategy_method'[0m
      [36m# ./spec/system/users_spec.rb:57:in `block (2 levels) in <main>'[0m

  73) ユーザーのテスト サイドバーのテスト 表示の確認 編集リンクが表示される
      [31mFailure/Error: let!(:test_user2) { create(:user) }[0m
      [31m[0m
      [31mNoMethodError:[0m
      [31m  undefined method `name=' for #<User:0x000000000935e7e8>[0m
      [31m[0m
      [31m[0m
      [31m[0m
      [36m# /home/ec2-user/.rvm/gems/ruby-2.6.3/gems/factory_bot-6.1.0/lib/factory_bot/attribute_assigner.rb:16:in `public_send'[0m
      [36m# /home/ec2-user/.rvm/gems/ruby-2.6.3/gems/factory_bot-6.1.0/lib/factory_bot/attribute_assigner.rb:16:in `block (2 levels) in object'[0m
      [36m# /home/ec2-user/.rvm/gems/ruby-2.6.3/gems/factory_bot-6.1.0/lib/factory_bot/attribute_assigner.rb:15:in `each'[0m
      [36m# /home/ec2-user/.rvm/gems/ruby-2.6.3/gems/factory_bot-6.1.0/lib/factory_bot/attribute_assigner.rb:15:in `block in object'[0m
      [36m# /home/ec2-user/.rvm/gems/ruby-2.6.3/gems/factory_bot-6.1.0/lib/factory_bot/attribute_assigner.rb:14:in `tap'[0m
      [36m# /home/ec2-user/.rvm/gems/ruby-2.6.3/gems/factory_bot-6.1.0/lib/factory_bot/attribute_assigner.rb:14:in `object'[0m
      [36m# /home/ec2-user/.rvm/gems/ruby-2.6.3/gems/factory_bot-6.1.0/lib/factory_bot/evaluation.rb:13:in `object'[0m
      [36m# /home/ec2-user/.rvm/gems/ruby-2.6.3/gems/factory_bot-6.1.0/lib/factory_bot/strategy/create.rb:9:in `result'[0m
      [36m# /home/ec2-user/.rvm/gems/ruby-2.6.3/gems/factory_bot-6.1.0/lib/factory_bot/factory.rb:43:in `run'[0m
      [36m# /home/ec2-user/.rvm/gems/ruby-2.6.3/gems/factory_bot-6.1.0/lib/factory_bot/factory_runner.rb:29:in `block in run'[0m
      [36m# /home/ec2-user/.rvm/gems/ruby-2.6.3/gems/factory_bot-6.1.0/lib/factory_bot/factory_runner.rb:28:in `run'[0m
      [36m# /home/ec2-user/.rvm/gems/ruby-2.6.3/gems/factory_bot-6.1.0/lib/factory_bot/strategy_syntax_method_registrar.rb:28:in `block in define_singular_strategy_method'[0m
      [36m# ./spec/system/users_spec.rb:57:in `block (2 levels) in <main>'[0m

  74) ユーザーのテスト 編集のテスト 自分の編集画面への遷移 遷移できる
      [31mFailure/Error: let!(:test_user2) { create(:user) }[0m
      [31m[0m
      [31mNoMethodError:[0m
      [31m  undefined method `name=' for #<User:0x00000000093aa288>[0m
      [31m[0m
      [31m[0m
      [31m[0m
      [36m# /home/ec2-user/.rvm/gems/ruby-2.6.3/gems/factory_bot-6.1.0/lib/factory_bot/attribute_assigner.rb:16:in `public_send'[0m
      [36m# /home/ec2-user/.rvm/gems/ruby-2.6.3/gems/factory_bot-6.1.0/lib/factory_bot/attribute_assigner.rb:16:in `block (2 levels) in object'[0m
      [36m# /home/ec2-user/.rvm/gems/ruby-2.6.3/gems/factory_bot-6.1.0/lib/factory_bot/attribute_assigner.rb:15:in `each'[0m
      [36m# /home/ec2-user/.rvm/gems/ruby-2.6.3/gems/factory_bot-6.1.0/lib/factory_bot/attribute_assigner.rb:15:in `block in object'[0m
      [36m# /home/ec2-user/.rvm/gems/ruby-2.6.3/gems/factory_bot-6.1.0/lib/factory_bot/attribute_assigner.rb:14:in `tap'[0m
      [36m# /home/ec2-user/.rvm/gems/ruby-2.6.3/gems/factory_bot-6.1.0/lib/factory_bot/attribute_assigner.rb:14:in `object'[0m
      [36m# /home/ec2-user/.rvm/gems/ruby-2.6.3/gems/factory_bot-6.1.0/lib/factory_bot/evaluation.rb:13:in `object'[0m
      [36m# /home/ec2-user/.rvm/gems/ruby-2.6.3/gems/factory_bot-6.1.0/lib/factory_bot/strategy/create.rb:9:in `result'[0m
      [36m# /home/ec2-user/.rvm/gems/ruby-2.6.3/gems/factory_bot-6.1.0/lib/factory_bot/factory.rb:43:in `run'[0m
      [36m# /home/ec2-user/.rvm/gems/ruby-2.6.3/gems/factory_bot-6.1.0/lib/factory_bot/factory_runner.rb:29:in `block in run'[0m
      [36m# /home/ec2-user/.rvm/gems/ruby-2.6.3/gems/factory_bot-6.1.0/lib/factory_bot/factory_runner.rb:28:in `run'[0m
      [36m# /home/ec2-user/.rvm/gems/ruby-2.6.3/gems/factory_bot-6.1.0/lib/factory_bot/strategy_syntax_method_registrar.rb:28:in `block in define_singular_strategy_method'[0m
      [36m# ./spec/system/users_spec.rb:57:in `block (2 levels) in <main>'[0m

  75) ユーザーのテスト 編集のテスト 他人の編集画面への遷移 遷移できない
      [31mFailure/Error: let!(:test_user2) { create(:user) }[0m
      [31m[0m
      [31mNoMethodError:[0m
      [31m  undefined method `name=' for #<User:0x00000000093b4da0>[0m
      [31m[0m
      [31m[0m
      [31m[0m
      [36m# /home/ec2-user/.rvm/gems/ruby-2.6.3/gems/factory_bot-6.1.0/lib/factory_bot/attribute_assigner.rb:16:in `public_send'[0m
      [36m# /home/ec2-user/.rvm/gems/ruby-2.6.3/gems/factory_bot-6.1.0/lib/factory_bot/attribute_assigner.rb:16:in `block (2 levels) in object'[0m
      [36m# /home/ec2-user/.rvm/gems/ruby-2.6.3/gems/factory_bot-6.1.0/lib/factory_bot/attribute_assigner.rb:15:in `each'[0m
      [36m# /home/ec2-user/.rvm/gems/ruby-2.6.3/gems/factory_bot-6.1.0/lib/factory_bot/attribute_assigner.rb:15:in `block in object'[0m
      [36m# /home/ec2-user/.rvm/gems/ruby-2.6.3/gems/factory_bot-6.1.0/lib/factory_bot/attribute_assigner.rb:14:in `tap'[0m
      [36m# /home/ec2-user/.rvm/gems/ruby-2.6.3/gems/factory_bot-6.1.0/lib/factory_bot/attribute_assigner.rb:14:in `object'[0m
      [36m# /home/ec2-user/.rvm/gems/ruby-2.6.3/gems/factory_bot-6.1.0/lib/factory_bot/evaluation.rb:13:in `object'[0m
      [36m# /home/ec2-user/.rvm/gems/ruby-2.6.3/gems/factory_bot-6.1.0/lib/factory_bot/strategy/create.rb:9:in `result'[0m
      [36m# /home/ec2-user/.rvm/gems/ruby-2.6.3/gems/factory_bot-6.1.0/lib/factory_bot/factory.rb:43:in `run'[0m
      [36m# /home/ec2-user/.rvm/gems/ruby-2.6.3/gems/factory_bot-6.1.0/lib/factory_bot/factory_runner.rb:29:in `block in run'[0m
      [36m# /home/ec2-user/.rvm/gems/ruby-2.6.3/gems/factory_bot-6.1.0/lib/factory_bot/factory_runner.rb:28:in `run'[0m
      [36m# /home/ec2-user/.rvm/gems/ruby-2.6.3/gems/factory_bot-6.1.0/lib/factory_bot/strategy_syntax_method_registrar.rb:28:in `block in define_singular_strategy_method'[0m
      [36m# ./spec/system/users_spec.rb:57:in `block (2 levels) in <main>'[0m

  76) ユーザーのテスト 編集のテスト 表示の確認 User infoと表示される
      [31mFailure/Error: let!(:test_user2) { create(:user) }[0m
      [31m[0m
      [31mNoMethodError:[0m
      [31m  undefined method `name=' for #<User:0x0000000009605500>[0m
      [31m[0m
      [31m[0m
      [31m[0m
      [36m# /home/ec2-user/.rvm/gems/ruby-2.6.3/gems/factory_bot-6.1.0/lib/factory_bot/attribute_assigner.rb:16:in `public_send'[0m
      [36m# /home/ec2-user/.rvm/gems/ruby-2.6.3/gems/factory_bot-6.1.0/lib/factory_bot/attribute_assigner.rb:16:in `block (2 levels) in object'[0m
      [36m# /home/ec2-user/.rvm/gems/ruby-2.6.3/gems/factory_bot-6.1.0/lib/factory_bot/attribute_assigner.rb:15:in `each'[0m
      [36m# /home/ec2-user/.rvm/gems/ruby-2.6.3/gems/factory_bot-6.1.0/lib/factory_bot/attribute_assigner.rb:15:in `block in object'[0m
      [36m# /home/ec2-user/.rvm/gems/ruby-2.6.3/gems/factory_bot-6.1.0/lib/factory_bot/attribute_assigner.rb:14:in `tap'[0m
      [36m# /home/ec2-user/.rvm/gems/ruby-2.6.3/gems/factory_bot-6.1.0/lib/factory_bot/attribute_assigner.rb:14:in `object'[0m
      [36m# /home/ec2-user/.rvm/gems/ruby-2.6.3/gems/factory_bot-6.1.0/lib/factory_bot/evaluation.rb:13:in `object'[0m
      [36m# /home/ec2-user/.rvm/gems/ruby-2.6.3/gems/factory_bot-6.1.0/lib/factory_bot/strategy/create.rb:9:in `result'[0m
      [36m# /home/ec2-user/.rvm/gems/ruby-2.6.3/gems/factory_bot-6.1.0/lib/factory_bot/factory.rb:43:in `run'[0m
      [36m# /home/ec2-user/.rvm/gems/ruby-2.6.3/gems/factory_bot-6.1.0/lib/factory_bot/factory_runner.rb:29:in `block in run'[0m
      [36m# /home/ec2-user/.rvm/gems/ruby-2.6.3/gems/factory_bot-6.1.0/lib/factory_bot/factory_runner.rb:28:in `run'[0m
      [36m# /home/ec2-user/.rvm/gems/ruby-2.6.3/gems/factory_bot-6.1.0/lib/factory_bot/strategy_syntax_method_registrar.rb:28:in `block in define_singular_strategy_method'[0m
      [36m# ./spec/system/users_spec.rb:57:in `block (2 levels) in <main>'[0m

  77) ユーザーのテスト 編集のテスト 表示の確認 名前編集フォームに自分の名前が表示される
      [31mFailure/Error: let!(:test_user2) { create(:user) }[0m
      [31m[0m
      [31mNoMethodError:[0m
      [31m  undefined method `name=' for #<User:0x000000000960f758>[0m
      [31m[0m
      [31m[0m
      [31m[0m
      [36m# /home/ec2-user/.rvm/gems/ruby-2.6.3/gems/factory_bot-6.1.0/lib/factory_bot/attribute_assigner.rb:16:in `public_send'[0m
      [36m# /home/ec2-user/.rvm/gems/ruby-2.6.3/gems/factory_bot-6.1.0/lib/factory_bot/attribute_assigner.rb:16:in `block (2 levels) in object'[0m
      [36m# /home/ec2-user/.rvm/gems/ruby-2.6.3/gems/factory_bot-6.1.0/lib/factory_bot/attribute_assigner.rb:15:in `each'[0m
      [36m# /home/ec2-user/.rvm/gems/ruby-2.6.3/gems/factory_bot-6.1.0/lib/factory_bot/attribute_assigner.rb:15:in `block in object'[0m
      [36m# /home/ec2-user/.rvm/gems/ruby-2.6.3/gems/factory_bot-6.1.0/lib/factory_bot/attribute_assigner.rb:14:in `tap'[0m
      [36m# /home/ec2-user/.rvm/gems/ruby-2.6.3/gems/factory_bot-6.1.0/lib/factory_bot/attribute_assigner.rb:14:in `object'[0m
      [36m# /home/ec2-user/.rvm/gems/ruby-2.6.3/gems/factory_bot-6.1.0/lib/factory_bot/evaluation.rb:13:in `object'[0m
      [36m# /home/ec2-user/.rvm/gems/ruby-2.6.3/gems/factory_bot-6.1.0/lib/factory_bot/strategy/create.rb:9:in `result'[0m
      [36m# /home/ec2-user/.rvm/gems/ruby-2.6.3/gems/factory_bot-6.1.0/lib/factory_bot/factory.rb:43:in `run'[0m
      [36m# /home/ec2-user/.rvm/gems/ruby-2.6.3/gems/factory_bot-6.1.0/lib/factory_bot/factory_runner.rb:29:in `block in run'[0m
      [36m# /home/ec2-user/.rvm/gems/ruby-2.6.3/gems/factory_bot-6.1.0/lib/factory_bot/factory_runner.rb:28:in `run'[0m
      [36m# /home/ec2-user/.rvm/gems/ruby-2.6.3/gems/factory_bot-6.1.0/lib/factory_bot/strategy_syntax_method_registrar.rb:28:in `block in define_singular_strategy_method'[0m
      [36m# ./spec/system/users_spec.rb:57:in `block (2 levels) in <main>'[0m

  78) ユーザーのテスト 編集のテスト 表示の確認 画像編集フォームが表示される
      [31mFailure/Error: let!(:test_user2) { create(:user) }[0m
      [31m[0m
      [31mNoMethodError:[0m
      [31m  undefined method `name=' for #<User:0x0000000009611a80>[0m
      [31m[0m
      [31m[0m
      [31m[0m
      [36m# /home/ec2-user/.rvm/gems/ruby-2.6.3/gems/factory_bot-6.1.0/lib/factory_bot/attribute_assigner.rb:16:in `public_send'[0m
      [36m# /home/ec2-user/.rvm/gems/ruby-2.6.3/gems/factory_bot-6.1.0/lib/factory_bot/attribute_assigner.rb:16:in `block (2 levels) in object'[0m
      [36m# /home/ec2-user/.rvm/gems/ruby-2.6.3/gems/factory_bot-6.1.0/lib/factory_bot/attribute_assigner.rb:15:in `each'[0m
      [36m# /home/ec2-user/.rvm/gems/ruby-2.6.3/gems/factory_bot-6.1.0/lib/factory_bot/attribute_assigner.rb:15:in `block in object'[0m
      [36m# /home/ec2-user/.rvm/gems/ruby-2.6.3/gems/factory_bot-6.1.0/lib/factory_bot/attribute_assigner.rb:14:in `tap'[0m
      [36m# /home/ec2-user/.rvm/gems/ruby-2.6.3/gems/factory_bot-6.1.0/lib/factory_bot/attribute_assigner.rb:14:in `object'[0m
      [36m# /home/ec2-user/.rvm/gems/ruby-2.6.3/gems/factory_bot-6.1.0/lib/factory_bot/evaluation.rb:13:in `object'[0m
      [36m# /home/ec2-user/.rvm/gems/ruby-2.6.3/gems/factory_bot-6.1.0/lib/factory_bot/strategy/create.rb:9:in `result'[0m
      [36m# /home/ec2-user/.rvm/gems/ruby-2.6.3/gems/factory_bot-6.1.0/lib/factory_bot/factory.rb:43:in `run'[0m
      [36m# /home/ec2-user/.rvm/gems/ruby-2.6.3/gems/factory_bot-6.1.0/lib/factory_bot/factory_runner.rb:29:in `block in run'[0m
      [36m# /home/ec2-user/.rvm/gems/ruby-2.6.3/gems/factory_bot-6.1.0/lib/factory_bot/factory_runner.rb:28:in `run'[0m
      [36m# /home/ec2-user/.rvm/gems/ruby-2.6.3/gems/factory_bot-6.1.0/lib/factory_bot/strategy_syntax_method_registrar.rb:28:in `block in define_singular_strategy_method'[0m
      [36m# ./spec/system/users_spec.rb:57:in `block (2 levels) in <main>'[0m

  79) ユーザーのテスト 編集のテスト 表示の確認 自己紹介編集フォームに自分の自己紹介が表示される
      [31mFailure/Error: let!(:test_user2) { create(:user) }[0m
      [31m[0m
      [31mNoMethodError:[0m
      [31m  undefined method `name=' for #<User:0x000000000961bd28>[0m
      [31m[0m
      [31m[0m
      [31m[0m
      [36m# /home/ec2-user/.rvm/gems/ruby-2.6.3/gems/factory_bot-6.1.0/lib/factory_bot/attribute_assigner.rb:16:in `public_send'[0m
      [36m# /home/ec2-user/.rvm/gems/ruby-2.6.3/gems/factory_bot-6.1.0/lib/factory_bot/attribute_assigner.rb:16:in `block (2 levels) in object'[0m
      [36m# /home/ec2-user/.rvm/gems/ruby-2.6.3/gems/factory_bot-6.1.0/lib/factory_bot/attribute_assigner.rb:15:in `each'[0m
      [36m# /home/ec2-user/.rvm/gems/ruby-2.6.3/gems/factory_bot-6.1.0/lib/factory_bot/attribute_assigner.rb:15:in `block in object'[0m
      [36m# /home/ec2-user/.rvm/gems/ruby-2.6.3/gems/factory_bot-6.1.0/lib/factory_bot/attribute_assigner.rb:14:in `tap'[0m
      [36m# /home/ec2-user/.rvm/gems/ruby-2.6.3/gems/factory_bot-6.1.0/lib/factory_bot/attribute_assigner.rb:14:in `object'[0m
      [36m# /home/ec2-user/.rvm/gems/ruby-2.6.3/gems/factory_bot-6.1.0/lib/factory_bot/evaluation.rb:13:in `object'[0m
      [36m# /home/ec2-user/.rvm/gems/ruby-2.6.3/gems/factory_bot-6.1.0/lib/factory_bot/strategy/create.rb:9:in `result'[0m
      [36m# /home/ec2-user/.rvm/gems/ruby-2.6.3/gems/factory_bot-6.1.0/lib/factory_bot/factory.rb:43:in `run'[0m
      [36m# /home/ec2-user/.rvm/gems/ruby-2.6.3/gems/factory_bot-6.1.0/lib/factory_bot/factory_runner.rb:29:in `block in run'[0m
      [36m# /home/ec2-user/.rvm/gems/ruby-2.6.3/gems/factory_bot-6.1.0/lib/factory_bot/factory_runner.rb:28:in `run'[0m
      [36m# /home/ec2-user/.rvm/gems/ruby-2.6.3/gems/factory_bot-6.1.0/lib/factory_bot/strategy_syntax_method_registrar.rb:28:in `block in define_singular_strategy_method'[0m
      [36m# ./spec/system/users_spec.rb:57:in `block (2 levels) in <main>'[0m

  80) ユーザーのテスト 編集のテスト 表示の確認 編集に成功する
      [31mFailure/Error: let!(:test_user2) { create(:user) }[0m
      [31m[0m
      [31mNoMethodError:[0m
      [31m  undefined method `name=' for #<User:0x000000000961e028>[0m
      [31m[0m
      [31m[0m
      [31m[0m
      [36m# /home/ec2-user/.rvm/gems/ruby-2.6.3/gems/factory_bot-6.1.0/lib/factory_bot/attribute_assigner.rb:16:in `public_send'[0m
      [36m# /home/ec2-user/.rvm/gems/ruby-2.6.3/gems/factory_bot-6.1.0/lib/factory_bot/attribute_assigner.rb:16:in `block (2 levels) in object'[0m
      [36m# /home/ec2-user/.rvm/gems/ruby-2.6.3/gems/factory_bot-6.1.0/lib/factory_bot/attribute_assigner.rb:15:in `each'[0m
      [36m# /home/ec2-user/.rvm/gems/ruby-2.6.3/gems/factory_bot-6.1.0/lib/factory_bot/attribute_assigner.rb:15:in `block in object'[0m
      [36m# /home/ec2-user/.rvm/gems/ruby-2.6.3/gems/factory_bot-6.1.0/lib/factory_bot/attribute_assigner.rb:14:in `tap'[0m
      [36m# /home/ec2-user/.rvm/gems/ruby-2.6.3/gems/factory_bot-6.1.0/lib/factory_bot/attribute_assigner.rb:14:in `object'[0m
      [36m# /home/ec2-user/.rvm/gems/ruby-2.6.3/gems/factory_bot-6.1.0/lib/factory_bot/evaluation.rb:13:in `object'[0m
      [36m# /home/ec2-user/.rvm/gems/ruby-2.6.3/gems/factory_bot-6.1.0/lib/factory_bot/strategy/create.rb:9:in `result'[0m
      [36m# /home/ec2-user/.rvm/gems/ruby-2.6.3/gems/factory_bot-6.1.0/lib/factory_bot/factory.rb:43:in `run'[0m
      [36m# /home/ec2-user/.rvm/gems/ruby-2.6.3/gems/factory_bot-6.1.0/lib/factory_bot/factory_runner.rb:29:in `block in run'[0m
      [36m# /home/ec2-user/.rvm/gems/ruby-2.6.3/gems/factory_bot-6.1.0/lib/factory_bot/factory_runner.rb:28:in `run'[0m
      [36m# /home/ec2-user/.rvm/gems/ruby-2.6.3/gems/factory_bot-6.1.0/lib/factory_bot/strategy_syntax_method_registrar.rb:28:in `block in define_singular_strategy_method'[0m
      [36m# ./spec/system/users_spec.rb:57:in `block (2 levels) in <main>'[0m

  81) ユーザーのテスト 編集のテスト 表示の確認 編集に失敗する
      [31mFailure/Error: let!(:test_user2) { create(:user) }[0m
      [31m[0m
      [31mNoMethodError:[0m
      [31m  undefined method `name=' for #<User:0x0000000009620328>[0m
      [31m[0m
      [31m[0m
      [31m[0m
      [36m# /home/ec2-user/.rvm/gems/ruby-2.6.3/gems/factory_bot-6.1.0/lib/factory_bot/attribute_assigner.rb:16:in `public_send'[0m
      [36m# /home/ec2-user/.rvm/gems/ruby-2.6.3/gems/factory_bot-6.1.0/lib/factory_bot/attribute_assigner.rb:16:in `block (2 levels) in object'[0m
      [36m# /home/ec2-user/.rvm/gems/ruby-2.6.3/gems/factory_bot-6.1.0/lib/factory_bot/attribute_assigner.rb:15:in `each'[0m
      [36m# /home/ec2-user/.rvm/gems/ruby-2.6.3/gems/factory_bot-6.1.0/lib/factory_bot/attribute_assigner.rb:15:in `block in object'[0m
      [36m# /home/ec2-user/.rvm/gems/ruby-2.6.3/gems/factory_bot-6.1.0/lib/factory_bot/attribute_assigner.rb:14:in `tap'[0m
      [36m# /home/ec2-user/.rvm/gems/ruby-2.6.3/gems/factory_bot-6.1.0/lib/factory_bot/attribute_assigner.rb:14:in `object'[0m
      [36m# /home/ec2-user/.rvm/gems/ruby-2.6.3/gems/factory_bot-6.1.0/lib/factory_bot/evaluation.rb:13:in `object'[0m
      [36m# /home/ec2-user/.rvm/gems/ruby-2.6.3/gems/factory_bot-6.1.0/lib/factory_bot/strategy/create.rb:9:in `result'[0m
      [36m# /home/ec2-user/.rvm/gems/ruby-2.6.3/gems/factory_bot-6.1.0/lib/factory_bot/factory.rb:43:in `run'[0m
      [36m# /home/ec2-user/.rvm/gems/ruby-2.6.3/gems/factory_bot-6.1.0/lib/factory_bot/factory_runner.rb:29:in `block in run'[0m
      [36m# /home/ec2-user/.rvm/gems/ruby-2.6.3/gems/factory_bot-6.1.0/lib/factory_bot/factory_runner.rb:28:in `run'[0m
      [36m# /home/ec2-user/.rvm/gems/ruby-2.6.3/gems/factory_bot-6.1.0/lib/factory_bot/strategy_syntax_method_registrar.rb:28:in `block in define_singular_strategy_method'[0m
      [36m# ./spec/system/users_spec.rb:57:in `block (2 levels) in <main>'[0m

  82) ユーザーのテスト 一覧画面のテスト 表示の確認 Usersと表示される
      [31mFailure/Error: let!(:test_user2) { create(:user) }[0m
      [31m[0m
      [31mNoMethodError:[0m
      [31m  undefined method `name=' for #<User:0x0000000009628ca8>[0m
      [31m[0m
      [31m[0m
      [31m[0m
      [36m# /home/ec2-user/.rvm/gems/ruby-2.6.3/gems/factory_bot-6.1.0/lib/factory_bot/attribute_assigner.rb:16:in `public_send'[0m
      [36m# /home/ec2-user/.rvm/gems/ruby-2.6.3/gems/factory_bot-6.1.0/lib/factory_bot/attribute_assigner.rb:16:in `block (2 levels) in object'[0m
      [36m# /home/ec2-user/.rvm/gems/ruby-2.6.3/gems/factory_bot-6.1.0/lib/factory_bot/attribute_assigner.rb:15:in `each'[0m
      [36m# /home/ec2-user/.rvm/gems/ruby-2.6.3/gems/factory_bot-6.1.0/lib/factory_bot/attribute_assigner.rb:15:in `block in object'[0m
      [36m# /home/ec2-user/.rvm/gems/ruby-2.6.3/gems/factory_bot-6.1.0/lib/factory_bot/attribute_assigner.rb:14:in `tap'[0m
      [36m# /home/ec2-user/.rvm/gems/ruby-2.6.3/gems/factory_bot-6.1.0/lib/factory_bot/attribute_assigner.rb:14:in `object'[0m
      [36m# /home/ec2-user/.rvm/gems/ruby-2.6.3/gems/factory_bot-6.1.0/lib/factory_bot/evaluation.rb:13:in `object'[0m
      [36m# /home/ec2-user/.rvm/gems/ruby-2.6.3/gems/factory_bot-6.1.0/lib/factory_bot/strategy/create.rb:9:in `result'[0m
      [36m# /home/ec2-user/.rvm/gems/ruby-2.6.3/gems/factory_bot-6.1.0/lib/factory_bot/factory.rb:43:in `run'[0m
      [36m# /home/ec2-user/.rvm/gems/ruby-2.6.3/gems/factory_bot-6.1.0/lib/factory_bot/factory_runner.rb:29:in `block in run'[0m
      [36m# /home/ec2-user/.rvm/gems/ruby-2.6.3/gems/factory_bot-6.1.0/lib/factory_bot/factory_runner.rb:28:in `run'[0m
      [36m# /home/ec2-user/.rvm/gems/ruby-2.6.3/gems/factory_bot-6.1.0/lib/factory_bot/strategy_syntax_method_registrar.rb:28:in `block in define_singular_strategy_method'[0m
      [36m# ./spec/system/users_spec.rb:57:in `block (2 levels) in <main>'[0m

  83) ユーザーのテスト 一覧画面のテスト 表示の確認 自分と他の人の画像が表示される
      [31mFailure/Error: let!(:test_user2) { create(:user) }[0m
      [31m[0m
      [31mNoMethodError:[0m
      [31m  undefined method `name=' for #<User:0x000000000963ae58>[0m
      [31m[0m
      [31m[0m
      [31m[0m
      [36m# /home/ec2-user/.rvm/gems/ruby-2.6.3/gems/factory_bot-6.1.0/lib/factory_bot/attribute_assigner.rb:16:in `public_send'[0m
      [36m# /home/ec2-user/.rvm/gems/ruby-2.6.3/gems/factory_bot-6.1.0/lib/factory_bot/attribute_assigner.rb:16:in `block (2 levels) in object'[0m
      [36m# /home/ec2-user/.rvm/gems/ruby-2.6.3/gems/factory_bot-6.1.0/lib/factory_bot/attribute_assigner.rb:15:in `each'[0m
      [36m# /home/ec2-user/.rvm/gems/ruby-2.6.3/gems/factory_bot-6.1.0/lib/factory_bot/attribute_assigner.rb:15:in `block in object'[0m
      [36m# /home/ec2-user/.rvm/gems/ruby-2.6.3/gems/factory_bot-6.1.0/lib/factory_bot/attribute_assigner.rb:14:in `tap'[0m
      [36m# /home/ec2-user/.rvm/gems/ruby-2.6.3/gems/factory_bot-6.1.0/lib/factory_bot/attribute_assigner.rb:14:in `object'[0m
      [36m# /home/ec2-user/.rvm/gems/ruby-2.6.3/gems/factory_bot-6.1.0/lib/factory_bot/evaluation.rb:13:in `object'[0m
      [36m# /home/ec2-user/.rvm/gems/ruby-2.6.3/gems/factory_bot-6.1.0/lib/factory_bot/strategy/create.rb:9:in `result'[0m
      [36m# /home/ec2-user/.rvm/gems/ruby-2.6.3/gems/factory_bot-6.1.0/lib/factory_bot/factory.rb:43:in `run'[0m
      [36m# /home/ec2-user/.rvm/gems/ruby-2.6.3/gems/factory_bot-6.1.0/lib/factory_bot/factory_runner.rb:29:in `block in run'[0m
      [36m# /home/ec2-user/.rvm/gems/ruby-2.6.3/gems/factory_bot-6.1.0/lib/factory_bot/factory_runner.rb:28:in `run'[0m
      [36m# /home/ec2-user/.rvm/gems/ruby-2.6.3/gems/factory_bot-6.1.0/lib/factory_bot/strategy_syntax_method_registrar.rb:28:in `block in define_singular_strategy_method'[0m
      [36m# ./spec/system/users_spec.rb:57:in `block (2 levels) in <main>'[0m

  84) ユーザーのテスト 一覧画面のテスト 表示の確認 自分と他の人の名前が表示される
      [31mFailure/Error: let!(:test_user2) { create(:user) }[0m
      [31m[0m
      [31mNoMethodError:[0m
      [31m  undefined method `name=' for #<User:0x0000000009645150>[0m
      [31m[0m
      [31m[0m
      [31m[0m
      [36m# /home/ec2-user/.rvm/gems/ruby-2.6.3/gems/factory_bot-6.1.0/lib/factory_bot/attribute_assigner.rb:16:in `public_send'[0m
      [36m# /home/ec2-user/.rvm/gems/ruby-2.6.3/gems/factory_bot-6.1.0/lib/factory_bot/attribute_assigner.rb:16:in `block (2 levels) in object'[0m
      [36m# /home/ec2-user/.rvm/gems/ruby-2.6.3/gems/factory_bot-6.1.0/lib/factory_bot/attribute_assigner.rb:15:in `each'[0m
      [36m# /home/ec2-user/.rvm/gems/ruby-2.6.3/gems/factory_bot-6.1.0/lib/factory_bot/attribute_assigner.rb:15:in `block in object'[0m
      [36m# /home/ec2-user/.rvm/gems/ruby-2.6.3/gems/factory_bot-6.1.0/lib/factory_bot/attribute_assigner.rb:14:in `tap'[0m
      [36m# /home/ec2-user/.rvm/gems/ruby-2.6.3/gems/factory_bot-6.1.0/lib/factory_bot/attribute_assigner.rb:14:in `object'[0m
      [36m# /home/ec2-user/.rvm/gems/ruby-2.6.3/gems/factory_bot-6.1.0/lib/factory_bot/evaluation.rb:13:in `object'[0m
      [36m# /home/ec2-user/.rvm/gems/ruby-2.6.3/gems/factory_bot-6.1.0/lib/factory_bot/strategy/create.rb:9:in `result'[0m
      [36m# /home/ec2-user/.rvm/gems/ruby-2.6.3/gems/factory_bot-6.1.0/lib/factory_bot/factory.rb:43:in `run'[0m
      [36m# /home/ec2-user/.rvm/gems/ruby-2.6.3/gems/factory_bot-6.1.0/lib/factory_bot/factory_runner.rb:29:in `block in run'[0m
      [36m# /home/ec2-user/.rvm/gems/ruby-2.6.3/gems/factory_bot-6.1.0/lib/factory_bot/factory_runner.rb:28:in `run'[0m
      [36m# /home/ec2-user/.rvm/gems/ruby-2.6.3/gems/factory_bot-6.1.0/lib/factory_bot/strategy_syntax_method_registrar.rb:28:in `block in define_singular_strategy_method'[0m
      [36m# ./spec/system/users_spec.rb:57:in `block (2 levels) in <main>'[0m

  85) ユーザーのテスト 一覧画面のテスト 表示の確認 showリンクが表示される
      [31mFailure/Error: let!(:test_user2) { create(:user) }[0m
      [31m[0m
      [31mNoMethodError:[0m
      [31m  undefined method `name=' for #<User:0x0000000009657468>[0m
      [31m[0m
      [31m[0m
      [31m[0m
      [36m# /home/ec2-user/.rvm/gems/ruby-2.6.3/gems/factory_bot-6.1.0/lib/factory_bot/attribute_assigner.rb:16:in `public_send'[0m
      [36m# /home/ec2-user/.rvm/gems/ruby-2.6.3/gems/factory_bot-6.1.0/lib/factory_bot/attribute_assigner.rb:16:in `block (2 levels) in object'[0m
      [36m# /home/ec2-user/.rvm/gems/ruby-2.6.3/gems/factory_bot-6.1.0/lib/factory_bot/attribute_assigner.rb:15:in `each'[0m
      [36m# /home/ec2-user/.rvm/gems/ruby-2.6.3/gems/factory_bot-6.1.0/lib/factory_bot/attribute_assigner.rb:15:in `block in object'[0m
      [36m# /home/ec2-user/.rvm/gems/ruby-2.6.3/gems/factory_bot-6.1.0/lib/factory_bot/attribute_assigner.rb:14:in `tap'[0m
      [36m# /home/ec2-user/.rvm/gems/ruby-2.6.3/gems/factory_bot-6.1.0/lib/factory_bot/attribute_assigner.rb:14:in `object'[0m
      [36m# /home/ec2-user/.rvm/gems/ruby-2.6.3/gems/factory_bot-6.1.0/lib/factory_bot/evaluation.rb:13:in `object'[0m
      [36m# /home/ec2-user/.rvm/gems/ruby-2.6.3/gems/factory_bot-6.1.0/lib/factory_bot/strategy/create.rb:9:in `result'[0m
      [36m# /home/ec2-user/.rvm/gems/ruby-2.6.3/gems/factory_bot-6.1.0/lib/factory_bot/factory.rb:43:in `run'[0m
      [36m# /home/ec2-user/.rvm/gems/ruby-2.6.3/gems/factory_bot-6.1.0/lib/factory_bot/factory_runner.rb:29:in `block in run'[0m
      [36m# /home/ec2-user/.rvm/gems/ruby-2.6.3/gems/factory_bot-6.1.0/lib/factory_bot/factory_runner.rb:28:in `run'[0m
      [36m# /home/ec2-user/.rvm/gems/ruby-2.6.3/gems/factory_bot-6.1.0/lib/factory_bot/strategy_syntax_method_registrar.rb:28:in `block in define_singular_strategy_method'[0m
      [36m# ./spec/system/users_spec.rb:57:in `block (2 levels) in <main>'[0m

  86) ユーザーのテスト 詳細画面のテスト 表示の確認 Booksと表示される
      [31mFailure/Error: let!(:test_user2) { create(:user) }[0m
      [31m[0m
      [31mNoMethodError:[0m
      [31m  undefined method `name=' for #<User:0x0000000009663e20>[0m
      [31m[0m
      [31m[0m
      [31m[0m
      [36m# /home/ec2-user/.rvm/gems/ruby-2.6.3/gems/factory_bot-6.1.0/lib/factory_bot/attribute_assigner.rb:16:in `public_send'[0m
      [36m# /home/ec2-user/.rvm/gems/ruby-2.6.3/gems/factory_bot-6.1.0/lib/factory_bot/attribute_assigner.rb:16:in `block (2 levels) in object'[0m
      [36m# /home/ec2-user/.rvm/gems/ruby-2.6.3/gems/factory_bot-6.1.0/lib/factory_bot/attribute_assigner.rb:15:in `each'[0m
      [36m# /home/ec2-user/.rvm/gems/ruby-2.6.3/gems/factory_bot-6.1.0/lib/factory_bot/attribute_assigner.rb:15:in `block in object'[0m
      [36m# /home/ec2-user/.rvm/gems/ruby-2.6.3/gems/factory_bot-6.1.0/lib/factory_bot/attribute_assigner.rb:14:in `tap'[0m
      [36m# /home/ec2-user/.rvm/gems/ruby-2.6.3/gems/factory_bot-6.1.0/lib/factory_bot/attribute_assigner.rb:14:in `object'[0m
      [36m# /home/ec2-user/.rvm/gems/ruby-2.6.3/gems/factory_bot-6.1.0/lib/factory_bot/evaluation.rb:13:in `object'[0m
      [36m# /home/ec2-user/.rvm/gems/ruby-2.6.3/gems/factory_bot-6.1.0/lib/factory_bot/strategy/create.rb:9:in `result'[0m
      [36m# /home/ec2-user/.rvm/gems/ruby-2.6.3/gems/factory_bot-6.1.0/lib/factory_bot/factory.rb:43:in `run'[0m
      [36m# /home/ec2-user/.rvm/gems/ruby-2.6.3/gems/factory_bot-6.1.0/lib/factory_bot/factory_runner.rb:29:in `block in run'[0m
      [36m# /home/ec2-user/.rvm/gems/ruby-2.6.3/gems/factory_bot-6.1.0/lib/factory_bot/factory_runner.rb:28:in `run'[0m
      [36m# /home/ec2-user/.rvm/gems/ruby-2.6.3/gems/factory_bot-6.1.0/lib/factory_bot/strategy_syntax_method_registrar.rb:28:in `block in define_singular_strategy_method'[0m
      [36m# ./spec/system/users_spec.rb:57:in `block (2 levels) in <main>'[0m

  87) ユーザーのテスト 詳細画面のテスト 表示の確認 投稿一覧のユーザーの画像のリンク先が正しい
      [31mFailure/Error: let!(:test_user2) { create(:user) }[0m
      [31m[0m
      [31mNoMethodError:[0m
      [31m  undefined method `name=' for #<User:0x000000000966e078>[0m
      [31m[0m
      [31m[0m
      [31m[0m
      [36m# /home/ec2-user/.rvm/gems/ruby-2.6.3/gems/factory_bot-6.1.0/lib/factory_bot/attribute_assigner.rb:16:in `public_send'[0m
      [36m# /home/ec2-user/.rvm/gems/ruby-2.6.3/gems/factory_bot-6.1.0/lib/factory_bot/attribute_assigner.rb:16:in `block (2 levels) in object'[0m
      [36m# /home/ec2-user/.rvm/gems/ruby-2.6.3/gems/factory_bot-6.1.0/lib/factory_bot/attribute_assigner.rb:15:in `each'[0m
      [36m# /home/ec2-user/.rvm/gems/ruby-2.6.3/gems/factory_bot-6.1.0/lib/factory_bot/attribute_assigner.rb:15:in `block in object'[0m
      [36m# /home/ec2-user/.rvm/gems/ruby-2.6.3/gems/factory_bot-6.1.0/lib/factory_bot/attribute_assigner.rb:14:in `tap'[0m
      [36m# /home/ec2-user/.rvm/gems/ruby-2.6.3/gems/factory_bot-6.1.0/lib/factory_bot/attribute_assigner.rb:14:in `object'[0m
      [36m# /home/ec2-user/.rvm/gems/ruby-2.6.3/gems/factory_bot-6.1.0/lib/factory_bot/evaluation.rb:13:in `object'[0m
      [36m# /home/ec2-user/.rvm/gems/ruby-2.6.3/gems/factory_bot-6.1.0/lib/factory_bot/strategy/create.rb:9:in `result'[0m
      [36m# /home/ec2-user/.rvm/gems/ruby-2.6.3/gems/factory_bot-6.1.0/lib/factory_bot/factory.rb:43:in `run'[0m
      [36m# /home/ec2-user/.rvm/gems/ruby-2.6.3/gems/factory_bot-6.1.0/lib/factory_bot/factory_runner.rb:29:in `block in run'[0m
      [36m# /home/ec2-user/.rvm/gems/ruby-2.6.3/gems/factory_bot-6.1.0/lib/factory_bot/factory_runner.rb:28:in `run'[0m
      [36m# /home/ec2-user/.rvm/gems/ruby-2.6.3/gems/factory_bot-6.1.0/lib/factory_bot/strategy_syntax_method_registrar.rb:28:in `block in define_singular_strategy_method'[0m
      [36m# ./spec/system/users_spec.rb:57:in `block (2 levels) in <main>'[0m

  88) ユーザーのテスト 詳細画面のテスト 表示の確認 投稿一覧のtitleのリンク先が正しい
      [31mFailure/Error: let!(:test_user2) { create(:user) }[0m
      [31m[0m
      [31mNoMethodError:[0m
      [31m  undefined method `name=' for #<User:0x0000000009674360>[0m
      [31m[0m
      [31m[0m
      [31m[0m
      [36m# /home/ec2-user/.rvm/gems/ruby-2.6.3/gems/factory_bot-6.1.0/lib/factory_bot/attribute_assigner.rb:16:in `public_send'[0m
      [36m# /home/ec2-user/.rvm/gems/ruby-2.6.3/gems/factory_bot-6.1.0/lib/factory_bot/attribute_assigner.rb:16:in `block (2 levels) in object'[0m
      [36m# /home/ec2-user/.rvm/gems/ruby-2.6.3/gems/factory_bot-6.1.0/lib/factory_bot/attribute_assigner.rb:15:in `each'[0m
      [36m# /home/ec2-user/.rvm/gems/ruby-2.6.3/gems/factory_bot-6.1.0/lib/factory_bot/attribute_assigner.rb:15:in `block in object'[0m
      [36m# /home/ec2-user/.rvm/gems/ruby-2.6.3/gems/factory_bot-6.1.0/lib/factory_bot/attribute_assigner.rb:14:in `tap'[0m
      [36m# /home/ec2-user/.rvm/gems/ruby-2.6.3/gems/factory_bot-6.1.0/lib/factory_bot/attribute_assigner.rb:14:in `object'[0m
      [36m# /home/ec2-user/.rvm/gems/ruby-2.6.3/gems/factory_bot-6.1.0/lib/factory_bot/evaluation.rb:13:in `object'[0m
      [36m# /home/ec2-user/.rvm/gems/ruby-2.6.3/gems/factory_bot-6.1.0/lib/factory_bot/strategy/create.rb:9:in `result'[0m
      [36m# /home/ec2-user/.rvm/gems/ruby-2.6.3/gems/factory_bot-6.1.0/lib/factory_bot/factory.rb:43:in `run'[0m
      [36m# /home/ec2-user/.rvm/gems/ruby-2.6.3/gems/factory_bot-6.1.0/lib/factory_bot/factory_runner.rb:29:in `block in run'[0m
      [36m# /home/ec2-user/.rvm/gems/ruby-2.6.3/gems/factory_bot-6.1.0/lib/factory_bot/factory_runner.rb:28:in `run'[0m
      [36m# /home/ec2-user/.rvm/gems/ruby-2.6.3/gems/factory_bot-6.1.0/lib/factory_bot/strategy_syntax_method_registrar.rb:28:in `block in define_singular_strategy_method'[0m
      [36m# ./spec/system/users_spec.rb:57:in `block (2 levels) in <main>'[0m

  89) ユーザーのテスト 詳細画面のテスト 表示の確認 投稿一覧にopinionが表示される
      [31mFailure/Error: let!(:test_user2) { create(:user) }[0m
      [31m[0m
      [31mNoMethodError:[0m
      [31m  undefined method `name=' for #<User:0x0000000009686628>[0m
      [31m[0m
      [31m[0m
      [31m[0m
      [36m# /home/ec2-user/.rvm/gems/ruby-2.6.3/gems/factory_bot-6.1.0/lib/factory_bot/attribute_assigner.rb:16:in `public_send'[0m
      [36m# /home/ec2-user/.rvm/gems/ruby-2.6.3/gems/factory_bot-6.1.0/lib/factory_bot/attribute_assigner.rb:16:in `block (2 levels) in object'[0m
      [36m# /home/ec2-user/.rvm/gems/ruby-2.6.3/gems/factory_bot-6.1.0/lib/factory_bot/attribute_assigner.rb:15:in `each'[0m
      [36m# /home/ec2-user/.rvm/gems/ruby-2.6.3/gems/factory_bot-6.1.0/lib/factory_bot/attribute_assigner.rb:15:in `block in object'[0m
      [36m# /home/ec2-user/.rvm/gems/ruby-2.6.3/gems/factory_bot-6.1.0/lib/factory_bot/attribute_assigner.rb:14:in `tap'[0m
      [36m# /home/ec2-user/.rvm/gems/ruby-2.6.3/gems/factory_bot-6.1.0/lib/factory_bot/attribute_assigner.rb:14:in `object'[0m
      [36m# /home/ec2-user/.rvm/gems/ruby-2.6.3/gems/factory_bot-6.1.0/lib/factory_bot/evaluation.rb:13:in `object'[0m
      [36m# /home/ec2-user/.rvm/gems/ruby-2.6.3/gems/factory_bot-6.1.0/lib/factory_bot/strategy/create.rb:9:in `result'[0m
      [36m# /home/ec2-user/.rvm/gems/ruby-2.6.3/gems/factory_bot-6.1.0/lib/factory_bot/factory.rb:43:in `run'[0m
      [36m# /home/ec2-user/.rvm/gems/ruby-2.6.3/gems/factory_bot-6.1.0/lib/factory_bot/factory_runner.rb:29:in `block in run'[0m
      [36m# /home/ec2-user/.rvm/gems/ruby-2.6.3/gems/factory_bot-6.1.0/lib/factory_bot/factory_runner.rb:28:in `run'[0m
      [36m# /home/ec2-user/.rvm/gems/ruby-2.6.3/gems/factory_bot-6.1.0/lib/factory_bot/strategy_syntax_method_registrar.rb:28:in `block in define_singular_strategy_method'[0m
      [36m# ./spec/system/users_spec.rb:57:in `block (2 levels) in <main>'[0m

Finished in 0.7724 seconds (files took 1.33 seconds to load)
[31m95 examples, 89 failures[0m

Failed examples:

[31mrspec ./spec/models/book_spec.rb:9[0m [36m# Bookモデルのテスト バリデーションのテスト titleカラム 空欄でないこと[0m
[31mrspec ./spec/models/book_spec.rb:15[0m [36m# Bookモデルのテスト バリデーションのテスト bodyカラム 空欄でないこと[0m
[31mrspec ./spec/models/book_spec.rb:19[0m [36m# Bookモデルのテスト バリデーションのテスト bodyカラム 200文字以下であること[0m
[31mrspec ./spec/models/user_spec.rb:14[0m [36m# Userモデルのテスト バリデーションのテスト nameカラム 空欄でないこと[0m
[31mrspec ./spec/models/user_spec.rb:18[0m [36m# Userモデルのテスト バリデーションのテスト nameカラム 2文字以上であること[0m
[31mrspec ./spec/models/user_spec.rb:22[0m [36m# Userモデルのテスト バリデーションのテスト nameカラム 20文字以下であること[0m
[31mrspec ./spec/models/user_spec.rb:30[0m [36m# Userモデルのテスト バリデーションのテスト introductionカラム 50文字以下であること[0m
[31mrspec ./spec/system/books_spec.rb:16[0m [36m# 投稿のテスト サイドバーのテスト 表示の確認 New bookと表示される[0m
[31mrspec ./spec/system/books_spec.rb:19[0m [36m# 投稿のテスト サイドバーのテスト 表示の確認 titleフォームが表示される[0m
[31mrspec ./spec/system/books_spec.rb:22[0m [36m# 投稿のテスト サイドバーのテスト 表示の確認 opinionフォームが表示される[0m
[31mrspec ./spec/system/books_spec.rb:25[0m [36m# 投稿のテスト サイドバーのテスト 表示の確認 Create Bookボタンが表示される[0m
[31mrspec ./spec/system/books_spec.rb:28[0m [36m# 投稿のテスト サイドバーのテスト 表示の確認 投稿に成功する[0m
[31mrspec ./spec/system/books_spec.rb:34[0m [36m# 投稿のテスト サイドバーのテスト 表示の確認 投稿に失敗する[0m
[31mrspec ./spec/system/books_spec.rb:44[0m [36m# 投稿のテスト 編集のテスト 自分の投稿の編集画面への遷移 遷移できる[0m
[31mrspec ./spec/system/books_spec.rb:50[0m [36m# 投稿のテスト 編集のテスト 他人の投稿の編集画面への遷移 遷移できない[0m
[31mrspec ./spec/system/books_spec.rb:59[0m [36m# 投稿のテスト 編集のテスト 表示の確認 Editing Bookと表示される[0m
[31mrspec ./spec/system/books_spec.rb:62[0m [36m# 投稿のテスト 編集のテスト 表示の確認 title編集フォームが表示される[0m
[31mrspec ./spec/system/books_spec.rb:65[0m [36m# 投稿のテスト 編集のテスト 表示の確認 opinion編集フォームが表示される[0m
[31mrspec ./spec/system/books_spec.rb:68[0m [36m# 投稿のテスト 編集のテスト 表示の確認 Showリンクが表示される[0m
[31mrspec ./spec/system/books_spec.rb:71[0m [36m# 投稿のテスト 編集のテスト 表示の確認 Backリンクが表示される[0m
[31mrspec ./spec/system/books_spec.rb:76[0m [36m# 投稿のテスト 編集のテスト フォームの確認 編集に成功する[0m
[31mrspec ./spec/system/books_spec.rb:82[0m [36m# 投稿のテスト 編集のテスト フォームの確認 編集に失敗する[0m
[31mrspec ./spec/system/books_spec.rb:97[0m [36m# 投稿のテスト 一覧画面のテスト 表示の確認 Booksと表示される[0m
[31mrspec ./spec/system/books_spec.rb:100[0m [36m# 投稿のテスト 一覧画面のテスト 表示の確認 自分と他人の画像のリンク先が正しい[0m
[31mrspec ./spec/system/books_spec.rb:104[0m [36m# 投稿のテスト 一覧画面のテスト 表示の確認 自分と他人のタイトルのリンク先が正しい[0m
[31mrspec ./spec/system/books_spec.rb:108[0m [36m# 投稿のテスト 一覧画面のテスト 表示の確認 自分と他人のオピニオンが表示される[0m
[31mrspec ./spec/system/books_spec.rb:117[0m [36m# 投稿のテスト 詳細画面のテスト 自分・他人共通の投稿詳細画面の表示を確認 Book detailと表示される[0m
[31mrspec ./spec/system/books_spec.rb:121[0m [36m# 投稿のテスト 詳細画面のテスト 自分・他人共通の投稿詳細画面の表示を確認 ユーザー画像・名前のリンク先が正しい[0m
[31mrspec ./spec/system/books_spec.rb:125[0m [36m# 投稿のテスト 詳細画面のテスト 自分・他人共通の投稿詳細画面の表示を確認 投稿のtitleが表示される[0m
[31mrspec ./spec/system/books_spec.rb:129[0m [36m# 投稿のテスト 詳細画面のテスト 自分・他人共通の投稿詳細画面の表示を確認 投稿のopinionが表示される[0m
[31mrspec ./spec/system/books_spec.rb:135[0m [36m# 投稿のテスト 詳細画面のテスト 自分の投稿詳細画面の表示を確認 投稿の編集リンクが表示される[0m
[31mrspec ./spec/system/books_spec.rb:139[0m [36m# 投稿のテスト 詳細画面のテスト 自分の投稿詳細画面の表示を確認 投稿の削除リンクが表示される[0m
[31mrspec ./spec/system/books_spec.rb:145[0m [36m# 投稿のテスト 詳細画面のテスト 他人の投稿詳細画面の表示を確認 投稿の編集リンクが表示されない[0m
[31mrspec ./spec/system/books_spec.rb:149[0m [36m# 投稿のテスト 詳細画面のテスト 他人の投稿詳細画面の表示を確認 投稿の削除リンクが表示されない[0m
[31mrspec ./spec/system/bootstrap_spec.rb:14[0m [36m# bootstrapのテスト グリッドシステムのテスト ユーザー関連画面 一覧画面[0m
[31mrspec ./spec/system/bootstrap_spec.rb:19[0m [36m# bootstrapのテスト グリッドシステムのテスト ユーザー関連画面 詳細画面[0m
[31mrspec ./spec/system/bootstrap_spec.rb:26[0m [36m# bootstrapのテスト グリッドシステムのテスト 投稿関連画面 一覧画面[0m
[31mrspec ./spec/system/bootstrap_spec.rb:31[0m [36m# bootstrapのテスト グリッドシステムのテスト 投稿関連画面 詳細画面[0m
[31mrspec ./spec/system/header_spec.rb:13[0m [36m# ヘッダーのテスト ログインしていない場合 ヘッダーの表示を確認 Homeリンクが表示される[0m
[31mrspec ./spec/system/header_spec.rb:18[0m [36m# ヘッダーのテスト ログインしていない場合 ヘッダーの表示を確認 Aboutリンクが表示される[0m
[31mrspec ./spec/system/header_spec.rb:23[0m [36m# ヘッダーのテスト ログインしていない場合 ヘッダーの表示を確認 Sign upリンクが表示される[0m
[31mrspec ./spec/system/header_spec.rb:28[0m [36m# ヘッダーのテスト ログインしていない場合 ヘッダーの表示を確認 loginリンクが表示される[0m
[31mrspec ./spec/system/header_spec.rb:43[0m [36m# ヘッダーのテスト ログインしていない場合 ヘッダーのリンクを確認 About画面に遷移する[0m
[31mrspec ./spec/system/header_spec.rb:49[0m [36m# ヘッダーのテスト ログインしていない場合 ヘッダーのリンクを確認 新規登録画面に遷移する[0m
[31mrspec ./spec/system/header_spec.rb:55[0m [36m# ヘッダーのテスト ログインしていない場合 ヘッダーのリンクを確認 ログイン画面に遷移する[0m
[31mrspec ./spec/system/header_spec.rb:74[0m [36m# ヘッダーのテスト ログインしている場合 ヘッダーの表示を確認 タイトルが表示される[0m
[31mrspec ./spec/system/header_spec.rb:77[0m [36m# ヘッダーのテスト ログインしている場合 ヘッダーの表示を確認 Homeリンクが表示される[0m
[31mrspec ./spec/system/header_spec.rb:81[0m [36m# ヘッダーのテスト ログインしている場合 ヘッダーの表示を確認 Usersリンクが表示される[0m
[31mrspec ./spec/system/header_spec.rb:85[0m [36m# ヘッダーのテスト ログインしている場合 ヘッダーの表示を確認 Booksリンクが表示される[0m
[31mrspec ./spec/system/header_spec.rb:89[0m [36m# ヘッダーのテスト ログインしている場合 ヘッダーの表示を確認 logoutリンクが表示される[0m
[31mrspec ./spec/system/header_spec.rb:97[0m [36m# ヘッダーのテスト ログインしている場合 ヘッダーのリンクを確認 Home画面に遷移する[0m
[31mrspec ./spec/system/header_spec.rb:103[0m [36m# ヘッダーのテスト ログインしている場合 ヘッダーのリンクを確認 Users画面に遷移する[0m
[31mrspec ./spec/system/header_spec.rb:109[0m [36m# ヘッダーのテスト ログインしている場合 ヘッダーのリンクを確認 Books画面に遷移する[0m
[31mrspec ./spec/system/header_spec.rb:115[0m [36m# ヘッダーのテスト ログインしている場合 ヘッダーのリンクを確認 logoutする[0m
[31mrspec ./spec/system/main_spec.rb:8[0m [36m# ユーザー権限のテスト ログインしていない場合 投稿関連のURLにアクセス 一覧画面に遷移できない[0m
[31mrspec ./spec/system/main_spec.rb:12[0m [36m# ユーザー権限のテスト ログインしていない場合 投稿関連のURLにアクセス 編集画面に遷移できない[0m
[31mrspec ./spec/system/main_spec.rb:16[0m [36m# ユーザー権限のテスト ログインしていない場合 投稿関連のURLにアクセス 詳細画面に遷移できない[0m
[31mrspec ./spec/system/main_spec.rb:24[0m [36m# ユーザー権限のテスト ログインしていない場合にユーザー関連のURLにアクセス ユーザー関連のURLにアクセス 一覧画面に遷移できない[0m
[31mrspec ./spec/system/main_spec.rb:28[0m [36m# ユーザー権限のテスト ログインしていない場合にユーザー関連のURLにアクセス ユーザー関連のURLにアクセス 編集画面に遷移できない[0m
[31mrspec ./spec/system/main_spec.rb:32[0m [36m# ユーザー権限のテスト ログインしていない場合にユーザー関連のURLにアクセス ユーザー関連のURLにアクセス 詳細画面に遷移でない[0m
[31mrspec ./spec/system/top_spec.rb:10[0m [36m# トップページのテスト ボディ部分のテスト 表示の確認 Log inリンクが表示される[0m
[31mrspec ./spec/system/top_spec.rb:30[0m [36m# トップページのテスト ボディ部分のテスト ログインしている場合の挙動を確認 Log inリンクをクリックしたらユーザー詳細画面へ遷移する[0m
[31mrspec ./spec/system/top_spec.rb:35[0m [36m# トップページのテスト ボディ部分のテスト ログインしている場合の挙動を確認 Sign Upリンクをクリックしたらユーザー詳細画面に遷移する[0m
[31mrspec ./spec/system/top_spec.rb:43[0m [36m# トップページのテスト ボディ部分のテスト ログインしていない場合の挙動を確認 Log inリンクをクリックしたらログイン画面へ遷移する[0m
[31mrspec ./spec/system/users_spec.rb:9[0m [36m# ユーザー認証のテスト ユーザー新規登録 新規登録画面に遷移 新規登録に成功する[0m
[31mrspec ./spec/system/users_spec.rb:18[0m [36m# ユーザー認証のテスト ユーザー新規登録 新規登録画面に遷移 新規登録に失敗する[0m
[31mrspec ./spec/system/users_spec.rb:36[0m [36m# ユーザー認証のテスト ユーザーログイン ログイン画面に遷移 ログインに成功する[0m
[31mrspec ./spec/system/users_spec.rb:44[0m [36m# ユーザー認証のテスト ユーザーログイン ログイン画面に遷移 ログインに失敗する[0m
[31mrspec ./spec/system/users_spec.rb:67[0m [36m# ユーザーのテスト サイドバーのテスト 表示の確認 User infoと表示される[0m
[31mrspec ./spec/system/users_spec.rb:70[0m [36m# ユーザーのテスト サイドバーのテスト 表示の確認 画像が表示される[0m
[31mrspec ./spec/system/users_spec.rb:73[0m [36m# ユーザーのテスト サイドバーのテスト 表示の確認 名前が表示される[0m
[31mrspec ./spec/system/users_spec.rb:76[0m [36m# ユーザーのテスト サイドバーのテスト 表示の確認 自己紹介が表示される[0m
[31mrspec ./spec/system/users_spec.rb:79[0m [36m# ユーザーのテスト サイドバーのテスト 表示の確認 編集リンクが表示される[0m
[31mrspec ./spec/system/users_spec.rb:88[0m [36m# ユーザーのテスト 編集のテスト 自分の編集画面への遷移 遷移できる[0m
[31mrspec ./spec/system/users_spec.rb:94[0m [36m# ユーザーのテスト 編集のテスト 他人の編集画面への遷移 遷移できない[0m
[31mrspec ./spec/system/users_spec.rb:104[0m [36m# ユーザーのテスト 編集のテスト 表示の確認 User infoと表示される[0m
[31mrspec ./spec/system/users_spec.rb:107[0m [36m# ユーザーのテスト 編集のテスト 表示の確認 名前編集フォームに自分の名前が表示される[0m
[31mrspec ./spec/system/users_spec.rb:110[0m [36m# ユーザーのテスト 編集のテスト 表示の確認 画像編集フォームが表示される[0m
[31mrspec ./spec/system/users_spec.rb:113[0m [36m# ユーザーのテスト 編集のテスト 表示の確認 自己紹介編集フォームに自分の自己紹介が表示される[0m
[31mrspec ./spec/system/users_spec.rb:116[0m [36m# ユーザーのテスト 編集のテスト 表示の確認 編集に成功する[0m
[31mrspec ./spec/system/users_spec.rb:121[0m [36m# ユーザーのテスト 編集のテスト 表示の確認 編集に失敗する[0m
[31mrspec ./spec/system/users_spec.rb:136[0m [36m# ユーザーのテスト 一覧画面のテスト 表示の確認 Usersと表示される[0m
[31mrspec ./spec/system/users_spec.rb:139[0m [36m# ユーザーのテスト 一覧画面のテスト 表示の確認 自分と他の人の画像が表示される[0m
[31mrspec ./spec/system/users_spec.rb:142[0m [36m# ユーザーのテスト 一覧画面のテスト 表示の確認 自分と他の人の名前が表示される[0m
[31mrspec ./spec/system/users_spec.rb:146[0m [36m# ユーザーのテスト 一覧画面のテスト 表示の確認 showリンクが表示される[0m
[31mrspec ./spec/system/users_spec.rb:157[0m [36m# ユーザーのテスト 詳細画面のテスト 表示の確認 Booksと表示される[0m
[31mrspec ./spec/system/users_spec.rb:160[0m [36m# ユーザーのテスト 詳細画面のテスト 表示の確認 投稿一覧のユーザーの画像のリンク先が正しい[0m
[31mrspec ./spec/system/users_spec.rb:163[0m [36m# ユーザーのテスト 詳細画面のテスト 表示の確認 投稿一覧のtitleのリンク先が正しい[0m
[31mrspec ./spec/system/users_spec.rb:166[0m [36m# ユーザーのテスト 詳細画面のテスト 表示の確認 投稿一覧にopinionが表示される[0m

